#
# There is insufficient memory for the Java Runtime Environment to continue.
# Native memory allocation (mmap) failed to map 163577856 bytes for G1 virtual space
# Possible reasons:
#   The system is out of physical RAM or swap space
#   The process is running with CompressedOops enabled, and the Java Heap may be blocking the growth of the native heap
# Possible solutions:
#   Reduce memory load on the system
#   Increase physical memory or swap space
#   Check if swap backing store is full
#   Decrease Java heap size (-Xmx/-Xms)
#   Decrease number of Java threads
#   Decrease Java thread stack sizes (-Xss)
#   Set larger code cache with -XX:ReservedCodeCacheSize=
#   JVM is running with Unscaled Compressed Oops mode in which the Java heap is
#     placed in the first 4GB address space. The Java Heap base address is the
#     maximum limit for the native heap growth. Please use -XX:HeapBaseMinAddress
#     to set the Java Heap base and to place the Java Heap above 4GB virtual address.
# This output file may be truncated or incomplete.
#
#  Out of Memory Error (os_windows.cpp:3535), pid=17436, tid=13576
#
# JRE version: OpenJDK Runtime Environment Temurin-17.0.3+7 (17.0.3+7) (build 17.0.3+7)
# Java VM: OpenJDK 64-Bit Server VM Temurin-17.0.3+7 (17.0.3+7, mixed mode, emulated-client, tiered, compressed oops, compressed class ptrs, g1 gc, windows-amd64)
# No core dump will be written. Minidumps are not enabled by default on client versions of Windows
#

---------------  S U M M A R Y ------------

Command Line: --add-modules=ALL-SYSTEM --add-exports=jdk.compiler/com.sun.tools.javac.file=ALL-UNNAMED --add-exports=jdk.compiler/com.sun.tools.javac.util=ALL-UNNAMED --add-exports=jdk.compiler/com.sun.tools.javac.comp=ALL-UNNAMED --add-exports=jdk.compiler/com.sun.tools.javac.main=ALL-UNNAMED --add-exports=jdk.compiler/com.sun.tools.javac.tree=ALL-UNNAMED --add-exports=jdk.compiler/com.sun.tools.javac.code=ALL-UNNAMED -Dsts.lsp.client=vscode -Dsts.log.file=/dev/null -XX:TieredStopAtLevel=1 -Dspring.config.location=file:c:\Users\ASUS\.vscode\extensions\pivotal.vscode-spring-boot-1.36.0\language-server\BOOT-INF\classes\application.properties org.springframework.ide.vscode.boot.app.BootLanguageServerBootApp

Host: AMD Ryzen 5 3500U with Radeon Vega Mobile Gfx  , 8 cores, 5G,  Windows 10 , 64 bit Build 19041 (10.0.19041.1741)
Time: Wed Jul 20 12:15:30 2022 SE Asia Standard Time elapsed time: 19.103002 seconds (0d 0h 0m 19s)

---------------  T H R E A D  ---------------

Current thread (0x00000209920f1fe0):  VMThread "VM Thread" [stack: 0x0000009b37b00000,0x0000009b37c00000] [id=13576]

Stack: [0x0000009b37b00000,0x0000009b37c00000]
Native frames: (J=compiled Java code, j=interpreted, Vv=VM code, C=native code)
V  [jvm.dll+0x675efa]
V  [jvm.dll+0x830a24]
V  [jvm.dll+0x8321ce]
V  [jvm.dll+0x832833]
V  [jvm.dll+0x2454b5]
V  [jvm.dll+0x672de9]
V  [jvm.dll+0x667732]
V  [jvm.dll+0x3043ab]
V  [jvm.dll+0x30b8f6]
V  [jvm.dll+0x35b62e]
V  [jvm.dll+0x35b85f]
V  [jvm.dll+0x2db248]
V  [jvm.dll+0x2d94fc]
V  [jvm.dll+0x2d8acc]
V  [jvm.dll+0x31ca2b]
V  [jvm.dll+0x836cdb]
V  [jvm.dll+0x837a14]
V  [jvm.dll+0x837f2c]
V  [jvm.dll+0x838304]
V  [jvm.dll+0x8383d0]
V  [jvm.dll+0x7e0cfa]
V  [jvm.dll+0x674d85]
C  [ucrtbase.dll+0x21bb2]
C  [KERNEL32.DLL+0x17034]
C  [ntdll.dll+0x52651]

VM_Operation (0x0000009b396fe4c0): G1CollectForAllocation, mode: safepoint, requested by thread 0x0000020994920f20


---------------  P R O C E S S  ---------------

Threads class SMR info:
_java_thread_list=0x0000020996ada0e0, length=32, elements={
0x0000020992106740, 0x0000020992107740, 0x0000020992153530, 0x0000020992156f70,
0x0000020992157830, 0x00000209921580f0, 0x000002099215c6c0, 0x000002099215cfc0,
0x00000209920931f0, 0x0000020992e6d8f0, 0x0000020992d90f60, 0x0000020992d9c920,
0x00000209942b8860, 0x00000209940e2630, 0x00000209940e9610, 0x0000020994920f20,
0x0000020994921c00, 0x00000209949220d0, 0x00000209949225a0, 0x00000209947aabc0,
0x00000209947ab090, 0x00000209947a93b0, 0x00000209947a8070, 0x00000209947a8540,
0x00000209947aa6f0, 0x00000209947a8ee0, 0x00000209947ab560, 0x00000209947a9880,
0x00000209947a9d50, 0x00000209947aa220, 0x00000209947aba30, 0x00000209940db670
}

Java Threads: ( => current thread )
  0x0000020992106740 JavaThread "Reference Handler" daemon [_thread_blocked, id=13416, stack(0x0000009b37c00000,0x0000009b37d00000)]
  0x0000020992107740 JavaThread "Finalizer" daemon [_thread_blocked, id=17784, stack(0x0000009b37d00000,0x0000009b37e00000)]
  0x0000020992153530 JavaThread "Signal Dispatcher" daemon [_thread_blocked, id=11420, stack(0x0000009b37e00000,0x0000009b37f00000)]
  0x0000020992156f70 JavaThread "Attach Listener" daemon [_thread_blocked, id=17536, stack(0x0000009b37f00000,0x0000009b38000000)]
  0x0000020992157830 JavaThread "Service Thread" daemon [_thread_blocked, id=17460, stack(0x0000009b38000000,0x0000009b38100000)]
  0x00000209921580f0 JavaThread "Monitor Deflation Thread" daemon [_thread_blocked, id=10404, stack(0x0000009b38100000,0x0000009b38200000)]
  0x000002099215c6c0 JavaThread "C1 CompilerThread0" daemon [_thread_blocked, id=2996, stack(0x0000009b38200000,0x0000009b38300000)]
  0x000002099215cfc0 JavaThread "Sweeper thread" daemon [_thread_blocked, id=11024, stack(0x0000009b38300000,0x0000009b38400000)]
  0x00000209920931f0 JavaThread "Common-Cleaner" daemon [_thread_blocked, id=18016, stack(0x0000009b38500000,0x0000009b38600000)]
  0x0000020992e6d8f0 JavaThread "Notification Thread" daemon [_thread_blocked, id=9160, stack(0x0000009b38600000,0x0000009b38700000)]
  0x0000020992d90f60 JavaThread "C1 CompilerThread1" daemon [_thread_blocked, id=13060, stack(0x0000009b38400000,0x0000009b38500000)]
  0x0000020992d9c920 JavaThread "ForkJoinPool.commonPool-worker-1" daemon [_thread_blocked, id=16600, stack(0x0000009b39000000,0x0000009b39100000)]
  0x00000209942b8860 JavaThread "pool-7-thread-1" [_thread_blocked, id=16424, stack(0x0000009b39300000,0x0000009b39400000)]
  0x00000209940e2630 JavaThread "ClassGraph-worker-0" daemon [_thread_blocked, id=3028, stack(0x0000009b39400000,0x0000009b39500000)]
  0x00000209940e9610 JavaThread "ClassGraph-worker-1" daemon [_thread_blocked, id=8892, stack(0x0000009b39500000,0x0000009b39600000)]
  0x0000020994920f20 JavaThread "ClassGraph-worker-2" daemon [_thread_blocked, id=15516, stack(0x0000009b39600000,0x0000009b39700000)]
  0x0000020994921c00 JavaThread "ClassGraph-worker-3" daemon [_thread_blocked, id=9544, stack(0x0000009b39700000,0x0000009b39800000)]
  0x00000209949220d0 JavaThread "ClassGraph-worker-4" daemon [_thread_blocked, id=17320, stack(0x0000009b39800000,0x0000009b39900000)]
  0x00000209949225a0 JavaThread "ClassGraph-worker-5" daemon [_thread_blocked, id=16772, stack(0x0000009b39900000,0x0000009b39a00000)]
  0x00000209947aabc0 JavaThread "ClassGraph-worker-6" daemon [_thread_blocked, id=12684, stack(0x0000009b39a00000,0x0000009b39b00000)]
  0x00000209947ab090 JavaThread "ClassGraph-worker-7" daemon [_thread_blocked, id=16512, stack(0x0000009b39b00000,0x0000009b39c00000)]
  0x00000209947a93b0 JavaThread "ClassGraph-worker-8" daemon [_thread_blocked, id=11816, stack(0x0000009b39c00000,0x0000009b39d00000)]
  0x00000209947a8070 JavaThread "ClassGraph-worker-9" daemon [_thread_blocked, id=16748, stack(0x0000009b39d00000,0x0000009b39e00000)]
  0x00000209947a8540 JavaThread "ClassGraph-worker-10" daemon [_thread_blocked, id=16720, stack(0x0000009b39e00000,0x0000009b39f00000)]
  0x00000209947aa6f0 JavaThread "ClassGraph-worker-11" daemon [_thread_blocked, id=15084, stack(0x0000009b39f00000,0x0000009b3a000000)]
  0x00000209947a8ee0 JavaThread "ClassGraph-worker-12" daemon [_thread_blocked, id=11844, stack(0x0000009b3a000000,0x0000009b3a100000)]
  0x00000209947ab560 JavaThread "ClassGraph-worker-13" daemon [_thread_blocked, id=8280, stack(0x0000009b3a100000,0x0000009b3a200000)]
  0x00000209947a9880 JavaThread "LanguageServerApp-lifecycle" [_thread_blocked, id=12368, stack(0x0000009b3a200000,0x0000009b3a300000)]
  0x00000209947a9d50 JavaThread "DestroyJavaVM" [_thread_blocked, id=16736, stack(0x0000009b37500000,0x0000009b37600000)]
  0x00000209947aa220 JavaThread "pool-8-thread-1" [_thread_in_native, id=8056, stack(0x0000009b3a300000,0x0000009b3a400000)]
  0x00000209947aba30 JavaThread "Simple-Language-Server main thread" daemon [_thread_blocked, id=17716, stack(0x0000009b3a400000,0x0000009b3a500000)]
  0x00000209940db670 JavaThread "parallel-1" daemon [_thread_blocked, id=7124, stack(0x0000009b3a500000,0x0000009b3a600000)]

Other Threads:
=>0x00000209920f1fe0 VMThread "VM Thread" [stack: 0x0000009b37b00000,0x0000009b37c00000] [id=13576]
  0x00000209860ac7b0 WatcherThread [stack: 0x0000009b38700000,0x0000009b38800000] [id=13448]
  0x0000020986088f30 GCTaskThread "GC Thread#0" [stack: 0x0000009b37600000,0x0000009b37700000] [id=6924]
  0x00000209937fec30 GCTaskThread "GC Thread#1" [stack: 0x0000009b38900000,0x0000009b38a00000] [id=17080]
  0x000002099402b990 GCTaskThread "GC Thread#2" [stack: 0x0000009b38a00000,0x0000009b38b00000] [id=9760]
  0x000002099402bc40 GCTaskThread "GC Thread#3" [stack: 0x0000009b38b00000,0x0000009b38c00000] [id=520]
  0x000002099402c300 GCTaskThread "GC Thread#4" [stack: 0x0000009b38c00000,0x0000009b38d00000] [id=7036]
  0x000002099402c5b0 GCTaskThread "GC Thread#5" [stack: 0x0000009b38d00000,0x0000009b38e00000] [id=16508]
  0x000002099402ce80 GCTaskThread "GC Thread#6" [stack: 0x0000009b38e00000,0x0000009b38f00000] [id=17456]
  0x00000209940fe090 GCTaskThread "GC Thread#7" [stack: 0x0000009b39100000,0x0000009b39200000] [id=14668]
  0x0000020986095c00 ConcurrentGCThread "G1 Main Marker" [stack: 0x0000009b37700000,0x0000009b37800000] [id=13744]
  0x00000209860970d0 ConcurrentGCThread "G1 Conc#0" [stack: 0x0000009b37800000,0x0000009b37900000] [id=3284]
  0x000002099433bb30 ConcurrentGCThread "G1 Conc#1" [stack: 0x0000009b39200000,0x0000009b39300000] [id=4872]
  0x000002098610b900 ConcurrentGCThread "G1 Refine#0" [stack: 0x0000009b37900000,0x0000009b37a00000] [id=16320]
  0x00000209937fe050 ConcurrentGCThread "G1 Refine#1" [stack: 0x0000009b38f00000,0x0000009b39000000] [id=11884]
  0x000002098610c230 ConcurrentGCThread "G1 Service" [stack: 0x0000009b37a00000,0x0000009b37b00000] [id=11964]

Threads with active compile tasks:

VM state: at safepoint (normal execution)

VM Mutex/Monitor currently owned by a thread:  ([mutex/lock_event])
[0x0000020983f6a1c0] Threads_lock - owner thread: 0x00000209920f1fe0
[0x0000020986036fb0] Heap_lock - owner thread: 0x0000020994920f20

Heap address: 0x00000000a0c00000, size: 1524 MB, Compressed Oops mode: 32-bit

CDS archive(s) not mapped
Compressed class space mapped at: 0x0000000100000000-0x0000000140000000, reserved size: 1073741824
Narrow klass base: 0x0000000000000000, Narrow klass shift: 3, Narrow klass range: 0x140000000

GC Precious Log:
 CPUs: 8 total, 8 available
 Memory: 6091M
 Large Page Support: Disabled
 NUMA Support: Disabled
 Compressed Oops: Enabled (32-bit)
 Heap Region Size: 1M
 Heap Min Capacity: 8M
 Heap Initial Capacity: 96M
 Heap Max Capacity: 1524M
 Pre-touch: Disabled
 Parallel Workers: 8
 Concurrent Workers: 2
 Concurrent Refinement Workers: 8
 Periodic GC: Disabled

Heap:
 garbage-first heap   total 98304K, used 46555K [0x00000000a0c00000, 0x0000000100000000)
  region size 1024K, 2 young (2048K), 2 survivors (2048K)
 Metaspace       used 34158K, committed 34496K, reserved 1081344K
  class space    used 4428K, committed 4608K, reserved 1048576K

Heap Regions: E=young(eden), S=young(survivor), O=old, HS=humongous(starts), HC=humongous(continues), CS=collection set, F=free, OA=open archive, CA=closed archive, TAMS=top-at-mark-start (previous, next)
|   0|0x00000000a0c00000, 0x00000000a0d00000, 0x00000000a0d00000|100%| O|  |TAMS 0x00000000a0d00000, 0x00000000a0d00000| Untracked 
|   1|0x00000000a0d00000, 0x00000000a0e00000, 0x00000000a0e00000|100%| O|  |TAMS 0x00000000a0e00000, 0x00000000a0e00000| Untracked 
|   2|0x00000000a0e00000, 0x00000000a0f00000, 0x00000000a0f00000|100%| O|  |TAMS 0x00000000a0f00000, 0x00000000a0f00000| Untracked 
|   3|0x00000000a0f00000, 0x00000000a1000000, 0x00000000a1000000|100%| O|  |TAMS 0x00000000a1000000, 0x00000000a1000000| Untracked 
|   4|0x00000000a1000000, 0x00000000a1100000, 0x00000000a1100000|100%| O|  |TAMS 0x00000000a1100000, 0x00000000a1100000| Untracked 
|   5|0x00000000a1100000, 0x00000000a1200000, 0x00000000a1200000|100%| O|  |TAMS 0x00000000a1200000, 0x00000000a1200000| Untracked 
|   6|0x00000000a1200000, 0x00000000a1300000, 0x00000000a1300000|100%| O|  |TAMS 0x00000000a1300000, 0x00000000a1300000| Untracked 
|   7|0x00000000a1300000, 0x00000000a13e6600, 0x00000000a1400000| 89%| O|  |TAMS 0x00000000a13e6600, 0x00000000a13e6600| Untracked 
|   8|0x00000000a1400000, 0x00000000a1500000, 0x00000000a1500000|100%| O|  |TAMS 0x00000000a1500000, 0x00000000a1500000| Untracked 
|   9|0x00000000a1500000, 0x00000000a1600000, 0x00000000a1600000|100%| O|  |TAMS 0x00000000a1600000, 0x00000000a1600000| Untracked 
|  10|0x00000000a1600000, 0x00000000a1700000, 0x00000000a1700000|100%| O|  |TAMS 0x00000000a1700000, 0x00000000a1700000| Untracked 
|  11|0x00000000a1700000, 0x00000000a1800000, 0x00000000a1800000|100%| O|  |TAMS 0x00000000a1800000, 0x00000000a1800000| Untracked 
|  12|0x00000000a1800000, 0x00000000a1900000, 0x00000000a1900000|100%| O|  |TAMS 0x00000000a1900000, 0x00000000a1900000| Untracked 
|  13|0x00000000a1900000, 0x00000000a1a00000, 0x00000000a1a00000|100%| O|  |TAMS 0x00000000a1a00000, 0x00000000a1a00000| Untracked 
|  14|0x00000000a1a00000, 0x00000000a1b00000, 0x00000000a1b00000|100%| O|  |TAMS 0x00000000a1b00000, 0x00000000a1b00000| Untracked 
|  15|0x00000000a1b00000, 0x00000000a1b00000, 0x00000000a1c00000|  0%| F|  |TAMS 0x00000000a1b00000, 0x00000000a1b00000| Untracked 
|  16|0x00000000a1c00000, 0x00000000a1d00000, 0x00000000a1d00000|100%| O|  |TAMS 0x00000000a1d00000, 0x00000000a1d00000| Untracked 
|  17|0x00000000a1d00000, 0x00000000a1e00000, 0x00000000a1e00000|100%| O|  |TAMS 0x00000000a1e00000, 0x00000000a1e00000| Untracked 
|  18|0x00000000a1e00000, 0x00000000a1f00000, 0x00000000a1f00000|100%| O|  |TAMS 0x00000000a1f00000, 0x00000000a1f00000| Untracked 
|  19|0x00000000a1f00000, 0x00000000a2000000, 0x00000000a2000000|100%| O|  |TAMS 0x00000000a2000000, 0x00000000a2000000| Untracked 
|  20|0x00000000a2000000, 0x00000000a2100000, 0x00000000a2100000|100%| O|  |TAMS 0x00000000a2100000, 0x00000000a2100000| Untracked 
|  21|0x00000000a2100000, 0x00000000a2200000, 0x00000000a2200000|100%| O|  |TAMS 0x00000000a2200000, 0x00000000a2200000| Untracked 
|  22|0x00000000a2200000, 0x00000000a2300000, 0x00000000a2300000|100%| O|  |TAMS 0x00000000a2300000, 0x00000000a2300000| Untracked 
|  23|0x00000000a2300000, 0x00000000a2400000, 0x00000000a2400000|100%| O|  |TAMS 0x00000000a2400000, 0x00000000a2400000| Untracked 
|  24|0x00000000a2400000, 0x00000000a2500000, 0x00000000a2500000|100%| O|  |TAMS 0x00000000a2500000, 0x00000000a2500000| Untracked 
|  25|0x00000000a2500000, 0x00000000a2600000, 0x00000000a2600000|100%| O|  |TAMS 0x00000000a2600000, 0x00000000a2600000| Untracked 
|  26|0x00000000a2600000, 0x00000000a2700000, 0x00000000a2700000|100%| O|  |TAMS 0x00000000a2700000, 0x00000000a2700000| Untracked 
|  27|0x00000000a2700000, 0x00000000a2800000, 0x00000000a2800000|100%| O|  |TAMS 0x00000000a2800000, 0x00000000a2800000| Untracked 
|  28|0x00000000a2800000, 0x00000000a2900000, 0x00000000a2900000|100%| O|  |TAMS 0x00000000a2900000, 0x00000000a2900000| Untracked 
|  29|0x00000000a2900000, 0x00000000a2a00000, 0x00000000a2a00000|100%| O|  |TAMS 0x00000000a2a00000, 0x00000000a2a00000| Untracked 
|  30|0x00000000a2a00000, 0x00000000a2b00000, 0x00000000a2b00000|100%| O|  |TAMS 0x00000000a2b00000, 0x00000000a2b00000| Untracked 
|  31|0x00000000a2b00000, 0x00000000a2c00000, 0x00000000a2c00000|100%| O|  |TAMS 0x00000000a2c00000, 0x00000000a2c00000| Untracked 
|  32|0x00000000a2c00000, 0x00000000a2d00000, 0x00000000a2d00000|100%| O|  |TAMS 0x00000000a2d00000, 0x00000000a2d00000| Untracked 
|  33|0x00000000a2d00000, 0x00000000a2e00000, 0x00000000a2e00000|100%| O|  |TAMS 0x00000000a2e00000, 0x00000000a2e00000| Untracked 
|  34|0x00000000a2e00000, 0x00000000a2f00000, 0x00000000a2f00000|100%| O|  |TAMS 0x00000000a2f00000, 0x00000000a2f00000| Untracked 
|  35|0x00000000a2f00000, 0x00000000a3000000, 0x00000000a3000000|100%| O|  |TAMS 0x00000000a3000000, 0x00000000a3000000| Untracked 
|  36|0x00000000a3000000, 0x00000000a3100000, 0x00000000a3100000|100%| O|  |TAMS 0x00000000a3100000, 0x00000000a3100000| Untracked 
|  37|0x00000000a3100000, 0x00000000a3200000, 0x00000000a3200000|100%| O|  |TAMS 0x00000000a3200000, 0x00000000a3200000| Untracked 
|  38|0x00000000a3200000, 0x00000000a3300000, 0x00000000a3300000|100%| O|  |TAMS 0x00000000a3300000, 0x00000000a3300000| Untracked 
|  39|0x00000000a3300000, 0x00000000a3400000, 0x00000000a3400000|100%| O|  |TAMS 0x00000000a3400000, 0x00000000a3400000| Untracked 
|  40|0x00000000a3400000, 0x00000000a3500000, 0x00000000a3500000|100%| O|  |TAMS 0x00000000a348c000, 0x00000000a3500000| Untracked 
|  41|0x00000000a3500000, 0x00000000a3600000, 0x00000000a3600000|100%| O|  |TAMS 0x00000000a3500000, 0x00000000a3600000| Untracked 
|  42|0x00000000a3600000, 0x00000000a3700000, 0x00000000a3700000|100%| O|  |TAMS 0x00000000a3600000, 0x00000000a3700000| Untracked 
|  43|0x00000000a3700000, 0x00000000a3800000, 0x00000000a3800000|100%| O|  |TAMS 0x00000000a3700000, 0x00000000a3800000| Untracked 
|  44|0x00000000a3800000, 0x00000000a3900000, 0x00000000a3900000|100%| O|  |TAMS 0x00000000a3800000, 0x00000000a3900000| Untracked 
|  45|0x00000000a3900000, 0x00000000a3900000, 0x00000000a3a00000|  0%| F|  |TAMS 0x00000000a3900000, 0x00000000a3900000| Untracked 
|  46|0x00000000a3a00000, 0x00000000a3a00000, 0x00000000a3b00000|  0%| F|  |TAMS 0x00000000a3a00000, 0x00000000a3a00000| Untracked 
|  47|0x00000000a3b00000, 0x00000000a3b00000, 0x00000000a3c00000|  0%| F|  |TAMS 0x00000000a3b00000, 0x00000000a3b00000| Untracked 
|  48|0x00000000a3c00000, 0x00000000a3c00000, 0x00000000a3d00000|  0%| F|  |TAMS 0x00000000a3c00000, 0x00000000a3c00000| Untracked 
|  49|0x00000000a3d00000, 0x00000000a3d00000, 0x00000000a3e00000|  0%| F|  |TAMS 0x00000000a3d00000, 0x00000000a3d00000| Untracked 
|  50|0x00000000a3e00000, 0x00000000a3e00000, 0x00000000a3f00000|  0%| F|  |TAMS 0x00000000a3e00000, 0x00000000a3e00000| Untracked 
|  51|0x00000000a3f00000, 0x00000000a3f00000, 0x00000000a4000000|  0%| F|  |TAMS 0x00000000a3f00000, 0x00000000a3f00000| Untracked 
|  52|0x00000000a4000000, 0x00000000a4000000, 0x00000000a4100000|  0%| F|  |TAMS 0x00000000a4000000, 0x00000000a4000000| Untracked 
|  53|0x00000000a4100000, 0x00000000a4100000, 0x00000000a4200000|  0%| F|  |TAMS 0x00000000a4100000, 0x00000000a4100000| Untracked 
|  54|0x00000000a4200000, 0x00000000a4200000, 0x00000000a4300000|  0%| F|  |TAMS 0x00000000a4200000, 0x00000000a4200000| Untracked 
|  55|0x00000000a4300000, 0x00000000a4300000, 0x00000000a4400000|  0%| F|  |TAMS 0x00000000a4300000, 0x00000000a4300000| Untracked 
|  56|0x00000000a4400000, 0x00000000a4400000, 0x00000000a4500000|  0%| F|  |TAMS 0x00000000a4400000, 0x00000000a4400000| Untracked 
|  57|0x00000000a4500000, 0x00000000a4500000, 0x00000000a4600000|  0%| F|  |TAMS 0x00000000a4500000, 0x00000000a4500000| Untracked 
|  58|0x00000000a4600000, 0x00000000a4600000, 0x00000000a4700000|  0%| F|  |TAMS 0x00000000a4600000, 0x00000000a4600000| Untracked 
|  59|0x00000000a4700000, 0x00000000a4700000, 0x00000000a4800000|  0%| F|  |TAMS 0x00000000a4700000, 0x00000000a4700000| Untracked 
|  60|0x00000000a4800000, 0x00000000a4800000, 0x00000000a4900000|  0%| F|  |TAMS 0x00000000a4800000, 0x00000000a4800000| Untracked 
|  61|0x00000000a4900000, 0x00000000a4900000, 0x00000000a4a00000|  0%| F|  |TAMS 0x00000000a4900000, 0x00000000a4900000| Untracked 
|  62|0x00000000a4a00000, 0x00000000a4a00000, 0x00000000a4b00000|  0%| F|  |TAMS 0x00000000a4a00000, 0x00000000a4a00000| Untracked 
|  63|0x00000000a4b00000, 0x00000000a4b90720, 0x00000000a4c00000| 56%| S|CS|TAMS 0x00000000a4b00000, 0x00000000a4b00000| Complete 
|  64|0x00000000a4c00000, 0x00000000a4d00000, 0x00000000a4d00000|100%| S|CS|TAMS 0x00000000a4c00000, 0x00000000a4c00000| Complete 
|  65|0x00000000a4d00000, 0x00000000a4d00000, 0x00000000a4e00000|  0%| F|  |TAMS 0x00000000a4d00000, 0x00000000a4d00000| Untracked 
|  66|0x00000000a4e00000, 0x00000000a4e00000, 0x00000000a4f00000|  0%| F|  |TAMS 0x00000000a4e00000, 0x00000000a4e00000| Untracked 
|  67|0x00000000a4f00000, 0x00000000a4f00000, 0x00000000a5000000|  0%| F|  |TAMS 0x00000000a4f00000, 0x00000000a4f00000| Untracked 
|  68|0x00000000a5000000, 0x00000000a5000000, 0x00000000a5100000|  0%| F|  |TAMS 0x00000000a5000000, 0x00000000a5000000| Untracked 
|  69|0x00000000a5100000, 0x00000000a5100000, 0x00000000a5200000|  0%| F|  |TAMS 0x00000000a5100000, 0x00000000a5100000| Untracked 
|  70|0x00000000a5200000, 0x00000000a5200000, 0x00000000a5300000|  0%| F|  |TAMS 0x00000000a5200000, 0x00000000a5200000| Untracked 
|  71|0x00000000a5300000, 0x00000000a5300000, 0x00000000a5400000|  0%| F|  |TAMS 0x00000000a5300000, 0x00000000a5300000| Untracked 
|  72|0x00000000a5400000, 0x00000000a5400000, 0x00000000a5500000|  0%| F|  |TAMS 0x00000000a5400000, 0x00000000a5400000| Untracked 
|  73|0x00000000a5500000, 0x00000000a5500000, 0x00000000a5600000|  0%| F|  |TAMS 0x00000000a5500000, 0x00000000a5500000| Untracked 
|  74|0x00000000a5600000, 0x00000000a5600000, 0x00000000a5700000|  0%| F|  |TAMS 0x00000000a5600000, 0x00000000a5600000| Untracked 
|  75|0x00000000a5700000, 0x00000000a5700000, 0x00000000a5800000|  0%| F|  |TAMS 0x00000000a5700000, 0x00000000a5700000| Untracked 
|  76|0x00000000a5800000, 0x00000000a5800000, 0x00000000a5900000|  0%| F|  |TAMS 0x00000000a5800000, 0x00000000a5800000| Untracked 
|  77|0x00000000a5900000, 0x00000000a5900000, 0x00000000a5a00000|  0%| F|  |TAMS 0x00000000a5900000, 0x00000000a5900000| Untracked 
|  78|0x00000000a5a00000, 0x00000000a5a00000, 0x00000000a5b00000|  0%| F|  |TAMS 0x00000000a5a00000, 0x00000000a5a00000| Untracked 
|  79|0x00000000a5b00000, 0x00000000a5b00000, 0x00000000a5c00000|  0%| F|  |TAMS 0x00000000a5b00000, 0x00000000a5b00000| Untracked 
|  80|0x00000000a5c00000, 0x00000000a5c00000, 0x00000000a5d00000|  0%| F|  |TAMS 0x00000000a5c00000, 0x00000000a5c00000| Untracked 
|  81|0x00000000a5d00000, 0x00000000a5d00000, 0x00000000a5e00000|  0%| F|  |TAMS 0x00000000a5d00000, 0x00000000a5d00000| Untracked 
|  82|0x00000000a5e00000, 0x00000000a5e00000, 0x00000000a5f00000|  0%| F|  |TAMS 0x00000000a5e00000, 0x00000000a5e00000| Untracked 
|  83|0x00000000a5f00000, 0x00000000a5f00000, 0x00000000a6000000|  0%| F|  |TAMS 0x00000000a5f00000, 0x00000000a5f00000| Untracked 
|  84|0x00000000a6000000, 0x00000000a6000000, 0x00000000a6100000|  0%| F|  |TAMS 0x00000000a6000000, 0x00000000a6000000| Untracked 
|  85|0x00000000a6100000, 0x00000000a6100000, 0x00000000a6200000|  0%| F|  |TAMS 0x00000000a6100000, 0x00000000a6100000| Untracked 
|  86|0x00000000a6200000, 0x00000000a6200000, 0x00000000a6300000|  0%| F|  |TAMS 0x00000000a6200000, 0x00000000a6200000| Untracked 
|  87|0x00000000a6300000, 0x00000000a6300000, 0x00000000a6400000|  0%| F|  |TAMS 0x00000000a6300000, 0x00000000a6300000| Untracked 
|  88|0x00000000a6400000, 0x00000000a6400000, 0x00000000a6500000|  0%| F|  |TAMS 0x00000000a6400000, 0x00000000a6400000| Untracked 
|  89|0x00000000a6500000, 0x00000000a6500000, 0x00000000a6600000|  0%| F|  |TAMS 0x00000000a6500000, 0x00000000a6500000| Untracked 
|  90|0x00000000a6600000, 0x00000000a6600000, 0x00000000a6700000|  0%| F|  |TAMS 0x00000000a6600000, 0x00000000a6600000| Untracked 
|  91|0x00000000a6700000, 0x00000000a6700000, 0x00000000a6800000|  0%| F|  |TAMS 0x00000000a6700000, 0x00000000a6700000| Untracked 
|  92|0x00000000a6800000, 0x00000000a6800000, 0x00000000a6900000|  0%| F|  |TAMS 0x00000000a6800000, 0x00000000a6800000| Untracked 
|  93|0x00000000a6900000, 0x00000000a6900000, 0x00000000a6a00000|  0%| F|  |TAMS 0x00000000a6900000, 0x00000000a6900000| Untracked 
|  94|0x00000000a6a00000, 0x00000000a6a00000, 0x00000000a6b00000|  0%| F|  |TAMS 0x00000000a6a00000, 0x00000000a6a00000| Untracked 
|  95|0x00000000a6b00000, 0x00000000a6b00000, 0x00000000a6c00000|  0%| F|  |TAMS 0x00000000a6b00000, 0x00000000a6b00000| Untracked 

Card table byte_map: [0x000002098c0d0000,0x000002098c3d0000] _byte_map_base: 0x000002098bbca000

Marking Bits (Prev, Next): (CMBitMap*) 0x0000020986089450, (CMBitMap*) 0x0000020986089490
 Prev Bits: [0x000002098c6d0000, 0x000002098dea0000)
 Next Bits: [0x000002098dea0000, 0x000002098f670000)

Polling page: 0x0000020983f10000

Metaspace:

Usage:
  Non-class:     29.03 MB used.
      Class:      4.32 MB used.
       Both:     33.36 MB used.

Virtual space:
  Non-class space:       32.00 MB reserved,      29.19 MB ( 91%) committed,  4 nodes.
      Class space:        1.00 GB reserved,       4.50 MB ( <1%) committed,  1 nodes.
             Both:        1.03 GB reserved,      33.69 MB (  3%) committed. 

Chunk freelists:
   Non-Class:  2.02 MB
       Class:  3.53 MB
        Both:  5.55 MB

MaxMetaspaceSize: unlimited
CompressedClassSpaceSize: 1.00 GB
Initial GC threshold: 21.00 MB
Current GC threshold: 56.19 MB
CDS: off
MetaspaceReclaimPolicy: balanced
 - commit_granule_bytes: 65536.
 - commit_granule_words: 8192.
 - virtual_space_node_default_size: 1048576.
 - enlarge_chunks_in_place: 1.
 - new_chunks_are_fully_committed: 0.
 - uncommit_free_chunks: 1.
 - use_allocation_guard: 0.
 - handle_deallocations: 1.


Internal statistics:

num_allocs_failed_limit: 3.
num_arena_births: 298.
num_arena_deaths: 0.
num_vsnodes_births: 5.
num_vsnodes_deaths: 0.
num_space_committed: 539.
num_space_uncommitted: 0.
num_chunks_returned_to_freelist: 3.
num_chunks_taken_from_freelist: 1241.
num_chunk_merges: 3.
num_chunk_splits: 860.
num_chunks_enlarged: 682.
num_purges: 0.
num_inconsistent_stats: 0.

CodeCache: size=49152Kb used=7670Kb max_used=8177Kb free=41481Kb
 bounds [0x0000020988cc0000, 0x00000209894c0000, 0x000002098bcc0000]
 total_blobs=4060 nmethods=3542 adapters=444
 compilation: enabled
              stopped_count=0, restarted_count=0
 full_count=0

Compilation events (20 events):
Event: 18.871 Thread 0x000002099215c6c0 3533       1       io.github.classgraph.ClasspathElementZip$1::close (28 bytes)
Event: 18.873 Thread 0x000002099215c6c0 nmethod 3533 0x0000020989000090 code [0x0000020989000260, 0x00000209890005d8]
Event: 18.875 Thread 0x000002099215c6c0 3534       1       nonapi.io.github.classgraph.fastzipfilereader.NestedJarHandler$8::<init> (63 bytes)
Event: 18.875 Thread 0x0000020992d90f60 3535       1       nonapi.io.github.classgraph.recycler.Recycler::acquire (53 bytes)
Event: 18.876 Thread 0x000002099215c6c0 nmethod 3534 0x0000020988fff910 code [0x0000020988fffae0, 0x0000020988ffff28]
Event: 18.876 Thread 0x0000020992d90f60 nmethod 3535 0x0000020988fff390 code [0x0000020988fff540, 0x0000020988fff7c8]
Event: 18.876 Thread 0x000002099215c6c0 3537   !   1       nonapi.io.github.classgraph.fileslice.Slice$1::close (28 bytes)
Event: 18.876 Thread 0x0000020992d90f60 3539       1       nonapi.io.github.classgraph.recycler.Recycler::recycle (67 bytes)
Event: 18.877 Thread 0x0000020992d90f60 nmethod 3539 0x0000020988ffec90 code [0x0000020988ffee80, 0x0000020988fff1e8]
Event: 18.877 Thread 0x0000020992d90f60 3540       1       nonapi.io.github.classgraph.fastzipfilereader.NestedJarHandler$RecyclableInflater::reset (8 bytes)
Event: 18.877 Thread 0x0000020992d90f60 nmethod 3540 0x0000020988ffe910 code [0x0000020988ffeaa0, 0x0000020988ffeb88]
Event: 18.877 Thread 0x0000020992d90f60 3536   !   1       io.github.classgraph.ClasspathElementZip$1::open (79 bytes)
Event: 18.877 Thread 0x000002099215c6c0 nmethod 3537 0x0000020988ffe290 code [0x0000020988ffe460, 0x0000020988ffe738]
Event: 18.877 Thread 0x000002099215c6c0 3541       1       nonapi.io.github.classgraph.fileslice.reader.ClassfileReader::<init> (29 bytes)
Event: 18.878 Thread 0x000002099215c6c0 nmethod 3541 0x0000020988ffde10 code [0x0000020988ffdfa0, 0x0000020988ffe218]
Event: 18.878 Thread 0x000002099215c6c0 3538       1       io.github.classgraph.ClasspathElementZip$1::openClassfile (13 bytes)
Event: 18.878 Thread 0x000002099215c6c0 nmethod 3538 0x0000020988ffd890 code [0x0000020988ffda40, 0x0000020988ffdd48]
Event: 18.879 Thread 0x0000020992d90f60 nmethod 3536 0x0000020988ffc810 code [0x0000020988ffca60, 0x0000020988ffd318]
Event: 18.960 Thread 0x0000020992d90f60 3542       1       java.lang.Throwable::<init> (34 bytes)
Event: 18.961 Thread 0x0000020992d90f60 nmethod 3542 0x0000020988ffc310 code [0x0000020988ffc4c0, 0x0000020988ffc748]

GC Heap History (20 events):
Event: 16.887 GC heap after
{Heap after GC invocations=11 (full 0):
 garbage-first heap   total 67584K, used 26601K [0x00000000a0c00000, 0x0000000100000000)
  region size 1024K, 2 young (2048K), 2 survivors (2048K)
 Metaspace       used 31923K, committed 32192K, reserved 1081344K
  class space    used 4045K, committed 4160K, reserved 1048576K
}
Event: 17.241 GC heap before
{Heap before GC invocations=12 (full 0):
 garbage-first heap   total 67584K, used 47081K [0x00000000a0c00000, 0x0000000100000000)
  region size 1024K, 22 young (22528K), 2 survivors (2048K)
 Metaspace       used 33274K, committed 33600K, reserved 1081344K
  class space    used 4267K, committed 4416K, reserved 1048576K
}
Event: 17.249 GC heap after
{Heap after GC invocations=13 (full 0):
 garbage-first heap   total 67584K, used 31989K [0x00000000a0c00000, 0x0000000100000000)
  region size 1024K, 3 young (3072K), 3 survivors (3072K)
 Metaspace       used 33274K, committed 33600K, reserved 1081344K
  class space    used 4267K, committed 4416K, reserved 1048576K
}
Event: 17.473 GC heap before
{Heap before GC invocations=13 (full 0):
 garbage-first heap   total 67584K, used 47349K [0x00000000a0c00000, 0x0000000100000000)
  region size 1024K, 19 young (19456K), 3 survivors (3072K)
 Metaspace       used 33834K, committed 34176K, reserved 1081344K
  class space    used 4396K, committed 4544K, reserved 1048576K
}
Event: 17.479 GC heap after
{Heap after GC invocations=14 (full 0):
 garbage-first heap   total 67584K, used 35827K [0x00000000a0c00000, 0x0000000100000000)
  region size 1024K, 3 young (3072K), 3 survivors (3072K)
 Metaspace       used 33834K, committed 34176K, reserved 1081344K
  class space    used 4396K, committed 4544K, reserved 1048576K
}
Event: 18.039 GC heap before
{Heap before GC invocations=14 (full 0):
 garbage-first heap   total 67584K, used 49139K [0x00000000a0c00000, 0x0000000100000000)
  region size 1024K, 17 young (17408K), 3 survivors (3072K)
 Metaspace       used 33924K, committed 34240K, reserved 1081344K
  class space    used 4406K, committed 4544K, reserved 1048576K
}
Event: 18.052 GC heap after
{Heap after GC invocations=15 (full 0):
 garbage-first heap   total 67584K, used 41202K [0x00000000a0c00000, 0x0000000100000000)
  region size 1024K, 3 young (3072K), 3 survivors (3072K)
 Metaspace       used 33924K, committed 34240K, reserved 1081344K
  class space    used 4406K, committed 4544K, reserved 1048576K
}
Event: 18.838 GC heap before
{Heap before GC invocations=16 (full 0):
 garbage-first heap   total 71680K, used 50418K [0x00000000a0c00000, 0x0000000100000000)
  region size 1024K, 13 young (13312K), 3 survivors (3072K)
 Metaspace       used 34032K, committed 34368K, reserved 1081344K
  class space    used 4419K, committed 4608K, reserved 1048576K
}
Event: 18.847 GC heap after
{Heap after GC invocations=17 (full 0):
 garbage-first heap   total 71680K, used 42419K [0x00000000a0c00000, 0x0000000100000000)
  region size 1024K, 1 young (1024K), 1 survivors (1024K)
 Metaspace       used 34032K, committed 34368K, reserved 1081344K
  class space    used 4419K, committed 4608K, reserved 1048576K
}
Event: 18.924 GC heap before
{Heap before GC invocations=17 (full 0):
 garbage-first heap   total 71680K, used 53683K [0x00000000a0c00000, 0x0000000100000000)
  region size 1024K, 13 young (13312K), 1 survivors (1024K)
 Metaspace       used 34158K, committed 34496K, reserved 1081344K
  class space    used 4428K, committed 4608K, reserved 1048576K
}
Event: 18.926 GC heap after
{Heap after GC invocations=18 (full 0):
 garbage-first heap   total 71680K, used 42794K [0x00000000a0c00000, 0x0000000100000000)
  region size 1024K, 2 young (2048K), 2 survivors (2048K)
 Metaspace       used 34158K, committed 34496K, reserved 1081344K
  class space    used 4428K, committed 4608K, reserved 1048576K
}
Event: 18.965 GC heap before
{Heap before GC invocations=18 (full 0):
 garbage-first heap   total 71680K, used 54058K [0x00000000a0c00000, 0x0000000100000000)
  region size 1024K, 14 young (14336K), 2 survivors (2048K)
 Metaspace       used 34158K, committed 34496K, reserved 1081344K
  class space    used 4428K, committed 4608K, reserved 1048576K
}
Event: 18.968 GC heap after
{Heap after GC invocations=19 (full 0):
 garbage-first heap   total 86016K, used 43605K [0x00000000a0c00000, 0x0000000100000000)
  region size 1024K, 2 young (2048K), 2 survivors (2048K)
 Metaspace       used 34158K, committed 34496K, reserved 1081344K
  class space    used 4428K, committed 4608K, reserved 1048576K
}
Event: 19.022 GC heap before
{Heap before GC invocations=19 (full 0):
 garbage-first heap   total 96256K, used 63061K [0x00000000a0c00000, 0x0000000100000000)
  region size 1024K, 22 young (22528K), 2 survivors (2048K)
 Metaspace       used 34158K, committed 34496K, reserved 1081344K
  class space    used 4428K, committed 4608K, reserved 1048576K
}
Event: 19.024 GC heap after
{Heap after GC invocations=20 (full 0):
 garbage-first heap   total 96256K, used 44354K [0x00000000a0c00000, 0x0000000100000000)
  region size 1024K, 3 young (3072K), 3 survivors (3072K)
 Metaspace       used 34158K, committed 34496K, reserved 1081344K
  class space    used 4428K, committed 4608K, reserved 1048576K
}
Event: 19.052 GC heap before
{Heap before GC invocations=21 (full 0):
 garbage-first heap   total 96256K, used 69954K [0x00000000a0c00000, 0x0000000100000000)
  region size 1024K, 30 young (30720K), 3 survivors (3072K)
 Metaspace       used 34158K, committed 34496K, reserved 1081344K
  class space    used 4428K, committed 4608K, reserved 1048576K
}
Event: 19.054 GC heap after
{Heap after GC invocations=22 (full 0):
 garbage-first heap   total 96256K, used 45603K [0x00000000a0c00000, 0x0000000100000000)
  region size 1024K, 3 young (3072K), 3 survivors (3072K)
 Metaspace       used 34158K, committed 34496K, reserved 1081344K
  class space    used 4428K, committed 4608K, reserved 1048576K
}
Event: 19.057 GC heap before
{Heap before GC invocations=22 (full 0):
 garbage-first heap   total 96256K, used 45603K [0x00000000a0c00000, 0x0000000100000000)
  region size 1024K, 4 young (4096K), 3 survivors (3072K)
 Metaspace       used 34158K, committed 34496K, reserved 1081344K
  class space    used 4428K, committed 4608K, reserved 1048576K
}
Event: 19.060 GC heap after
{Heap after GC invocations=23 (full 0):
 garbage-first heap   total 96256K, used 45413K [0x00000000a0c00000, 0x0000000100000000)
  region size 1024K, 1 young (1024K), 1 survivors (1024K)
 Metaspace       used 34158K, committed 34496K, reserved 1081344K
  class space    used 4428K, committed 4608K, reserved 1048576K
}
Event: 19.097 GC heap before
{Heap before GC invocations=23 (full 0):
 garbage-first heap   total 96256K, used 73061K [0x00000000a0c00000, 0x0000000100000000)
  region size 1024K, 29 young (29696K), 1 survivors (1024K)
 Metaspace       used 34158K, committed 34496K, reserved 1081344K
  class space    used 4428K, committed 4608K, reserved 1048576K
}

Deoptimization events (16 events):
Event: 10.417 Thread 0x0000020986039340 DEOPT PACKING pc=0x0000020989058cf5 sp=0x0000009b375fdca0
Event: 10.417 Thread 0x0000020986039340 DEOPT UNPACKING pc=0x0000020988d12b43 sp=0x0000009b375fd110 mode 3
Event: 11.943 Thread 0x0000020986039340 DEOPT PACKING pc=0x0000020989170199 sp=0x0000009b375fd510
Event: 11.943 Thread 0x0000020986039340 DEOPT UNPACKING pc=0x0000020988d12b43 sp=0x0000009b375fc9f0 mode 3
Event: 13.241 Thread 0x0000020986039340 DEOPT PACKING pc=0x0000020989232bf5 sp=0x0000009b375fe3a0
Event: 13.241 Thread 0x0000020986039340 DEOPT UNPACKING pc=0x0000020988d12b43 sp=0x0000009b375fd810 mode 3
Event: 16.298 Thread 0x0000020986039340 DEOPT PACKING pc=0x00000209892d4399 sp=0x0000009b375fca80
Event: 16.298 Thread 0x0000020986039340 DEOPT UNPACKING pc=0x0000020988d12b43 sp=0x0000009b375fbf60 mode 3
Event: 16.479 Thread 0x0000020992d9c920 DEOPT PACKING pc=0x000002098932c4ab sp=0x0000009b390fe460
Event: 16.479 Thread 0x0000020992d9c920 DEOPT UNPACKING pc=0x0000020988d12b43 sp=0x0000009b390fd9a8 mode 3
Event: 16.872 Thread 0x00000209947ab090 DEOPT PACKING pc=0x0000020989171581 sp=0x0000009b39bff110
Event: 16.872 Thread 0x00000209947ab090 DEOPT UNPACKING pc=0x0000020988d12b43 sp=0x0000009b39bfe5a0 mode 3
Event: 16.916 Thread 0x00000209947a8540 DEOPT PACKING pc=0x000002098916ba97 sp=0x0000009b39efefe0
Event: 16.916 Thread 0x00000209947a8540 DEOPT UNPACKING pc=0x0000020988d12b43 sp=0x0000009b39efe438 mode 3
Event: 17.186 Thread 0x00000209947aba30 DEOPT PACKING pc=0x000002098946f3b5 sp=0x0000009b3a4fd690
Event: 17.186 Thread 0x00000209947aba30 DEOPT UNPACKING pc=0x0000020988d12b43 sp=0x0000009b3a4fcbb8 mode 3

Classes unloaded (0 events):
No events

Classes redefined (0 events):
No events

Internal exceptions (20 events):
Event: 19.083 Thread 0x00000209940e9610 Exception <a 'sun/nio/fs/WindowsException'{0x00000000a5977ec8}> (0x00000000a5977ec8) 
thrown [e:\jenkins\tmp\workspace\build\src\src\hotspot\share\prims\jni.cpp, line 516]
Event: 19.083 Thread 0x00000209940e9610 Exception <a 'sun/nio/fs/WindowsException'{0x00000000a5857590}> (0x00000000a5857590) 
thrown [e:\jenkins\tmp\workspace\build\src\src\hotspot\share\prims\jni.cpp, line 516]
Event: 19.084 Thread 0x00000209949220d0 Exception <a 'sun/nio/fs/WindowsException'{0x00000000a5774570}> (0x00000000a5774570) 
thrown [e:\jenkins\tmp\workspace\build\src\src\hotspot\share\prims\jni.cpp, line 516]
Event: 19.084 Thread 0x00000209947a93b0 Exception <a 'sun/nio/fs/WindowsException'{0x00000000a5821330}> (0x00000000a5821330) 
thrown [e:\jenkins\tmp\workspace\build\src\src\hotspot\share\prims\jni.cpp, line 516]
Event: 19.084 Thread 0x00000209949220d0 Exception <a 'sun/nio/fs/WindowsException'{0x00000000a5774990}> (0x00000000a5774990) 
thrown [e:\jenkins\tmp\workspace\build\src\src\hotspot\share\prims\jni.cpp, line 516]
Event: 19.084 Thread 0x00000209947a93b0 Exception <a 'sun/nio/fs/WindowsException'{0x00000000a58217d8}> (0x00000000a58217d8) 
thrown [e:\jenkins\tmp\workspace\build\src\src\hotspot\share\prims\jni.cpp, line 516]
Event: 19.085 Thread 0x00000209947aabc0 Exception <a 'sun/nio/fs/WindowsException'{0x00000000a57fedc0}> (0x00000000a57fedc0) 
thrown [e:\jenkins\tmp\workspace\build\src\src\hotspot\share\prims\jni.cpp, line 516]
Event: 19.085 Thread 0x00000209947aabc0 Exception <a 'sun/nio/fs/WindowsException'{0x00000000a57ff1c0}> (0x00000000a57ff1c0) 
thrown [e:\jenkins\tmp\workspace\build\src\src\hotspot\share\prims\jni.cpp, line 516]
Event: 19.086 Thread 0x0000020994921c00 Exception <a 'sun/nio/fs/WindowsException'{0x00000000a56d3e20}> (0x00000000a56d3e20) 
thrown [e:\jenkins\tmp\workspace\build\src\src\hotspot\share\prims\jni.cpp, line 516]
Event: 19.086 Thread 0x0000020994921c00 Exception <a 'sun/nio/fs/WindowsException'{0x00000000a56d42d0}> (0x00000000a56d42d0) 
thrown [e:\jenkins\tmp\workspace\build\src\src\hotspot\share\prims\jni.cpp, line 516]
Event: 19.088 Thread 0x00000209940e9610 Exception <a 'sun/nio/fs/WindowsException'{0x00000000a55607f0}> (0x00000000a55607f0) 
thrown [e:\jenkins\tmp\workspace\build\src\src\hotspot\share\prims\jni.cpp, line 516]
Event: 19.088 Thread 0x00000209940e9610 Exception <a 'sun/nio/fs/WindowsException'{0x00000000a5560c30}> (0x00000000a5560c30) 
thrown [e:\jenkins\tmp\workspace\build\src\src\hotspot\share\prims\jni.cpp, line 516]
Event: 19.092 Thread 0x00000209949220d0 Exception <a 'sun/nio/fs/WindowsException'{0x00000000a5160150}> (0x00000000a5160150) 
thrown [e:\jenkins\tmp\workspace\build\src\src\hotspot\share\prims\jni.cpp, line 516]
Event: 19.093 Thread 0x00000209949220d0 Exception <a 'sun/nio/fs/WindowsException'{0x00000000a51605d0}> (0x00000000a51605d0) 
thrown [e:\jenkins\tmp\workspace\build\src\src\hotspot\share\prims\jni.cpp, line 516]
Event: 19.095 Thread 0x00000209940e2630 Exception <a 'sun/nio/fs/WindowsException'{0x00000000a4f5ca40}> (0x00000000a4f5ca40) 
thrown [e:\jenkins\tmp\workspace\build\src\src\hotspot\share\prims\jni.cpp, line 516]
Event: 19.095 Thread 0x00000209940e2630 Exception <a 'sun/nio/fs/WindowsException'{0x00000000a4f5ce70}> (0x00000000a4f5ce70) 
thrown [e:\jenkins\tmp\workspace\build\src\src\hotspot\share\prims\jni.cpp, line 516]
Event: 19.096 Thread 0x00000209947aabc0 Exception <a 'sun/nio/fs/WindowsException'{0x00000000a4f78ec8}> (0x00000000a4f78ec8) 
thrown [e:\jenkins\tmp\workspace\build\src\src\hotspot\share\prims\jni.cpp, line 516]
Event: 19.096 Thread 0x00000209947aabc0 Exception <a 'sun/nio/fs/WindowsException'{0x00000000a4f79300}> (0x00000000a4f79300) 
thrown [e:\jenkins\tmp\workspace\build\src\src\hotspot\share\prims\jni.cpp, line 516]
Event: 19.097 Thread 0x00000209947a8540 Exception <a 'sun/nio/fs/WindowsException'{0x00000000a4d6c7e0}> (0x00000000a4d6c7e0) 
thrown [e:\jenkins\tmp\workspace\build\src\src\hotspot\share\prims\jni.cpp, line 516]
Event: 19.097 Thread 0x00000209947a8540 Exception <a 'sun/nio/fs/WindowsException'{0x00000000a4d6cc00}> (0x00000000a4d6cc00) 
thrown [e:\jenkins\tmp\workspace\build\src\src\hotspot\share\prims\jni.cpp, line 516]

VM Operations (20 events):
Event: 18.847 Executing VM operation: G1CollectForAllocation done
Event: 18.923 Executing VM operation: G1CollectForAllocation
Event: 18.926 Executing VM operation: G1CollectForAllocation done
Event: 18.965 Executing VM operation: G1CollectForAllocation
Event: 18.968 Executing VM operation: G1CollectForAllocation done
Event: 18.994 Executing VM operation: G1Concurrent
Event: 19.003 Executing VM operation: G1Concurrent done
Event: 19.022 Executing VM operation: G1CollectForAllocation
Event: 19.024 Executing VM operation: G1CollectForAllocation done
Event: 19.027 Executing VM operation: G1Concurrent
Event: 19.027 Executing VM operation: G1Concurrent done
Event: 19.052 Executing VM operation: G1CollectForAllocation
Event: 19.052 Executing VM operation: G1CollectForAllocation done
Event: 19.052 Executing VM operation: G1CollectForAllocation
Event: 19.054 Executing VM operation: G1CollectForAllocation done
Event: 19.056 Executing VM operation: G1CollectForAllocation
Event: 19.060 Executing VM operation: G1CollectForAllocation done
Event: 19.097 Executing VM operation: G1CollectForAllocation
Event: 19.097 Executing VM operation: G1CollectForAllocation done
Event: 19.097 Executing VM operation: G1CollectForAllocation

Events (20 events):
Event: 17.209 loading class java/util/concurrent/atomic/AtomicLongFieldUpdater$CASUpdater$1
Event: 17.209 loading class java/util/concurrent/atomic/AtomicLongFieldUpdater$CASUpdater$1 done
Event: 17.214 loading class java/util/logging/LogRecord
Event: 17.215 loading class java/util/logging/LogRecord done
Event: 17.216 loading class java/io/PrintWriter
Event: 17.216 loading class java/io/PrintWriter done
Event: 17.349 Thread 0x00000209940db670 Thread added: 0x00000209940db670
Event: 17.357 loading class java/util/concurrent/CompletionException
Event: 17.357 loading class java/util/concurrent/CompletionException done
Event: 17.367 loading class sun/nio/cs/StringUTF16
Event: 17.367 loading class sun/nio/cs/StringUTF16 done
Event: 17.370 loading class java/util/WeakHashMap$EntrySet
Event: 17.370 loading class java/util/WeakHashMap$EntrySet done
Event: 17.370 loading class java/util/WeakHashMap$EntryIterator
Event: 17.370 loading class java/util/WeakHashMap$HashIterator
Event: 17.371 loading class java/util/WeakHashMap$HashIterator done
Event: 17.371 loading class java/util/WeakHashMap$EntryIterator done
Event: 17.511 loading class sun/nio/fs/WindowsChannelFactory$2
Event: 17.511 loading class sun/nio/fs/WindowsChannelFactory$2 done
Event: 18.733 Thread 0x000002099371f8a0 Thread exited: 0x000002099371f8a0


Dynamic libraries:
0x00007ff77d620000 - 0x00007ff77d62e000 	c:\Users\ASUS\.vscode\extensions\redhat.java-1.8.0-win32-x64\jre\17.0.3-win32-x86_64\bin\java.exe
0x00007ffff9350000 - 0x00007ffff9547000 	C:\Windows\SYSTEM32\ntdll.dll
0x00007ffff75c0000 - 0x00007ffff767d000 	C:\Windows\System32\KERNEL32.DLL
0x00007ffff6c40000 - 0x00007ffff6f0d000 	C:\Windows\System32\KERNELBASE.dll
0x00007ffff6fc0000 - 0x00007ffff70c0000 	C:\Windows\System32\ucrtbase.dll
0x00007fffd31e0000 - 0x00007fffd31f8000 	c:\Users\ASUS\.vscode\extensions\redhat.java-1.8.0-win32-x64\jre\17.0.3-win32-x86_64\bin\jli.dll
0x00007fffd3be0000 - 0x00007fffd3bf9000 	c:\Users\ASUS\.vscode\extensions\redhat.java-1.8.0-win32-x64\jre\17.0.3-win32-x86_64\bin\VCRUNTIME140.dll
0x00007fffe69c0000 - 0x00007fffe6c5a000 	C:\Windows\WinSxS\amd64_microsoft.windows.common-controls_6595b64144ccf1df_6.0.19041.1110_none_60b5254171f9507e\COMCTL32.dll
0x00007ffff7b20000 - 0x00007ffff7cc0000 	C:\Windows\System32\USER32.dll
0x00007ffff7510000 - 0x00007ffff75ae000 	C:\Windows\System32\msvcrt.dll
0x00007ffff6f40000 - 0x00007ffff6f62000 	C:\Windows\System32\win32u.dll
0x00007ffff74e0000 - 0x00007ffff750a000 	C:\Windows\System32\GDI32.dll
0x00007ffff7150000 - 0x00007ffff725b000 	C:\Windows\System32\gdi32full.dll
0x00007ffff7310000 - 0x00007ffff73ad000 	C:\Windows\System32\msvcp_win.dll
0x00007ffff7940000 - 0x00007ffff7970000 	C:\Windows\System32\IMM32.DLL
0x00007fffd3bd0000 - 0x00007fffd3bdc000 	c:\Users\ASUS\.vscode\extensions\redhat.java-1.8.0-win32-x64\jre\17.0.3-win32-x86_64\bin\vcruntime140_1.dll
0x00007fff8a7a0000 - 0x00007fff8a831000 	c:\Users\ASUS\.vscode\extensions\redhat.java-1.8.0-win32-x64\jre\17.0.3-win32-x86_64\bin\msvcp140.dll
0x00007fff80240000 - 0x00007fff80e88000 	c:\Users\ASUS\.vscode\extensions\redhat.java-1.8.0-win32-x64\jre\17.0.3-win32-x86_64\bin\server\jvm.dll
0x00007ffff8f20000 - 0x00007ffff8fce000 	C:\Windows\System32\ADVAPI32.dll
0x00007ffff89f0000 - 0x00007ffff8a8c000 	C:\Windows\System32\sechost.dll
0x00007ffff9030000 - 0x00007ffff9155000 	C:\Windows\System32\RPCRT4.dll
0x00007ffff75b0000 - 0x00007ffff75b8000 	C:\Windows\System32\PSAPI.DLL
0x00007fffeed10000 - 0x00007fffeed37000 	C:\Windows\SYSTEM32\WINMM.dll
0x00007ffff1e20000 - 0x00007ffff1e29000 	C:\Windows\SYSTEM32\WSOCK32.dll
0x00007fffeef90000 - 0x00007fffeef9a000 	C:\Windows\SYSTEM32\VERSION.dll
0x00007ffff7aa0000 - 0x00007ffff7b0b000 	C:\Windows\System32\WS2_32.dll
0x00007ffff4b50000 - 0x00007ffff4b62000 	C:\Windows\SYSTEM32\kernel.appcore.dll
0x00007fffd31b0000 - 0x00007fffd31ba000 	c:\Users\ASUS\.vscode\extensions\redhat.java-1.8.0-win32-x64\jre\17.0.3-win32-x86_64\bin\jimage.dll
0x00007ffff45b0000 - 0x00007ffff4794000 	C:\Windows\SYSTEM32\DBGHELP.DLL
0x00007ffff1fa0000 - 0x00007ffff1fcc000 	C:\Windows\SYSTEM32\dbgcore.DLL
0x00007ffff70c0000 - 0x00007ffff7142000 	C:\Windows\System32\bcryptPrimitives.dll
0x00007fffcfa20000 - 0x00007fffcfa45000 	c:\Users\ASUS\.vscode\extensions\redhat.java-1.8.0-win32-x64\jre\17.0.3-win32-x86_64\bin\java.dll
0x00007fffcfa00000 - 0x00007fffcfa18000 	c:\Users\ASUS\.vscode\extensions\redhat.java-1.8.0-win32-x64\jre\17.0.3-win32-x86_64\bin\zip.dll
0x00007ffff82a0000 - 0x00007ffff89e4000 	C:\Windows\System32\SHELL32.dll
0x00007ffff4b70000 - 0x00007ffff5304000 	C:\Windows\SYSTEM32\windows.storage.dll
0x00007ffff7f40000 - 0x00007ffff8294000 	C:\Windows\System32\combase.dll
0x00007ffff64d0000 - 0x00007ffff64fc000 	C:\Windows\SYSTEM32\Wldp.dll
0x00007ffff7970000 - 0x00007ffff7a1d000 	C:\Windows\System32\SHCORE.dll
0x00007ffff7680000 - 0x00007ffff76d5000 	C:\Windows\System32\shlwapi.dll
0x00007ffff69b0000 - 0x00007ffff69cf000 	C:\Windows\SYSTEM32\profapi.dll
0x00007fffcf7c0000 - 0x00007fffcf7d9000 	C:\Users\ASUS\.vscode\extensions\redhat.java-1.8.0-win32-x64\jre\17.0.3-win32-x86_64\bin\net.dll
0x00007fffeab90000 - 0x00007fffeac9a000 	C:\Windows\SYSTEM32\WINHTTP.dll
0x00007ffff6230000 - 0x00007ffff629a000 	C:\Windows\system32\mswsock.dll
0x00007fffcf7a0000 - 0x00007fffcf7b5000 	C:\Users\ASUS\.vscode\extensions\redhat.java-1.8.0-win32-x64\jre\17.0.3-win32-x86_64\bin\nio.dll
0x00007fffacda0000 - 0x00007fffacdb0000 	c:\Users\ASUS\.vscode\extensions\redhat.java-1.8.0-win32-x64\jre\17.0.3-win32-x86_64\bin\verify.dll
0x00007fffe9480000 - 0x00007fffe9489000 	C:\Users\ASUS\.vscode\extensions\redhat.java-1.8.0-win32-x64\jre\17.0.3-win32-x86_64\bin\management.dll
0x00007fffe2c60000 - 0x00007fffe2c6b000 	C:\Users\ASUS\.vscode\extensions\redhat.java-1.8.0-win32-x64\jre\17.0.3-win32-x86_64\bin\management_ext.dll
0x00007fffe5930000 - 0x00007fffe5947000 	C:\Windows\system32\napinsp.dll
0x00007fffe5910000 - 0x00007fffe592b000 	C:\Windows\system32\pnrpnsp.dll
0x00007fffe5890000 - 0x00007fffe58a5000 	C:\Windows\system32\wshbth.dll
0x00007ffff1970000 - 0x00007ffff198d000 	C:\Windows\system32\NLAapi.dll
0x00007ffff5eb0000 - 0x00007ffff5eeb000 	C:\Windows\SYSTEM32\IPHLPAPI.DLL
0x00007ffff5ef0000 - 0x00007ffff5fbb000 	C:\Windows\SYSTEM32\DNSAPI.dll
0x00007ffff7b10000 - 0x00007ffff7b18000 	C:\Windows\System32\NSI.dll
0x00007fffe5870000 - 0x00007fffe5882000 	C:\Windows\System32\winrnr.dll
0x00007fffeaaf0000 - 0x00007fffeaafa000 	C:\Windows\System32\rasadhlp.dll
0x00007fffeab10000 - 0x00007fffeab90000 	C:\Windows\System32\fwpuclnt.dll
0x00007ffff6f10000 - 0x00007ffff6f37000 	C:\Windows\System32\bcrypt.dll
0x00007ffff6430000 - 0x00007ffff6448000 	C:\Windows\SYSTEM32\CRYPTSP.dll
0x00007ffff5b40000 - 0x00007ffff5b74000 	C:\Windows\system32\rsaenh.dll
0x00007ffff6970000 - 0x00007ffff699e000 	C:\Windows\SYSTEM32\USERENV.dll
0x00007ffff6420000 - 0x00007ffff642c000 	C:\Windows\SYSTEM32\CRYPTBASE.dll
0x00007fffedc00000 - 0x00007fffedc17000 	C:\Windows\SYSTEM32\dhcpcsvc6.DLL
0x00007fffeef70000 - 0x00007fffeef8d000 	C:\Windows\SYSTEM32\dhcpcsvc.DLL

dbghelp: loaded successfully - version: 4.0.5 - missing functions: none
symbol engine: initialized successfully - sym options: 0x614 - pdb path: .;c:\Users\ASUS\.vscode\extensions\redhat.java-1.8.0-win32-x64\jre\17.0.3-win32-x86_64\bin;C:\Windows\SYSTEM32;C:\Windows\WinSxS\amd64_microsoft.windows.common-controls_6595b64144ccf1df_6.0.19041.1110_none_60b5254171f9507e;c:\Users\ASUS\.vscode\extensions\redhat.java-1.8.0-win32-x64\jre\17.0.3-win32-x86_64\bin\server

VM Arguments:
jvm_args: --add-modules=ALL-SYSTEM --add-exports=jdk.compiler/com.sun.tools.javac.file=ALL-UNNAMED --add-exports=jdk.compiler/com.sun.tools.javac.util=ALL-UNNAMED --add-exports=jdk.compiler/com.sun.tools.javac.comp=ALL-UNNAMED --add-exports=jdk.compiler/com.sun.tools.javac.main=ALL-UNNAMED --add-exports=jdk.compiler/com.sun.tools.javac.tree=ALL-UNNAMED --add-exports=jdk.compiler/com.sun.tools.javac.code=ALL-UNNAMED -Dsts.lsp.client=vscode -Dsts.log.file=/dev/null -XX:TieredStopAtLevel=1 -Dspring.config.location=file:c:\Users\ASUS\.vscode\extensions\pivotal.vscode-spring-boot-1.36.0\language-server\BOOT-INF\classes\application.properties 
java_command: org.springframework.ide.vscode.boot.app.BootLanguageServerBootApp
java_class_path (initial): c:\Users\ASUS\.vscode\extensions\pivotal.vscode-spring-boot-1.36.0\language-server\BOOT-INF\classes;c:\Users\ASUS\.vscode\extensions\pivotal.vscode-spring-boot-1.36.0\language-server\BOOT-INF\lib\annotations-23.0.0.jar;c:\Users\ASUS\.vscode\extensions\pivotal.vscode-spring-boot-1.36.0\language-server\BOOT-INF\lib\antlr-runtime-3.5.2.jar;c:\Users\ASUS\.vscode\extensions\pivotal.vscode-spring-boot-1.36.0\language-server\BOOT-INF\lib\antlr4-4.9.3.jar;c:\Users\ASUS\.vscode\extensions\pivotal.vscode-spring-boot-1.36.0\language-server\BOOT-INF\lib\antlr4-runtime-4.9.3.jar;c:\Users\ASUS\.vscode\extensions\pivotal.vscode-spring-boot-1.36.0\language-server\BOOT-INF\lib\asm-9.3.jar;c:\Users\ASUS\.vscode\extensions\pivotal.vscode-spring-boot-1.36.0\language-server\BOOT-INF\lib\asm-analysis-9.3.jar;c:\Users\ASUS\.vscode\extensions\pivotal.vscode-spring-boot-1.36.0\language-server\BOOT-INF\lib\asm-tree-9.3.jar;c:\Users\ASUS\.vscode\extensions\pivotal.vscode-spring-boot-1.36.0\language-server\BOOT-INF\lib\asm-util-9.3.jar;c:\Users\ASUS\.vscode\extensions\pivotal.vscode-spring-boot-1.36.0\language-server\BOOT-INF\lib\byte-buddy-1.10.18.jar;c:\Users\ASUS\.vscode\extensions\pivotal.vscode-spring-boot-1.36.0\language-server\BOOT-INF\lib\caffeine-2.8.6.jar;c:\Users\ASUS\.vscode\extensions\pivotal.vscode-spring-boot-1.36.0\language-server\BOOT-INF\lib\checker-qual-3.12.0.jar;c:\Users\ASUS\.vscode\extensions\pivotal.vscode-spring-boot-1.36.0\language-server\BOOT-INF\lib\classgraph-4.8.146.jar;c:\Users\ASUS\.vscode\extensions\pivotal.vscode-spring-boot-1.36.0\language-server\BOOT-INF\lib\commons-codec-1.14.jar;c:\Users\ASUS\.vscode\extensions\pivotal.vscode-spring-boot-1.36.0\language-server\BOOT-INF\lib\commons-compress-1.21.jar;c:\Users\ASUS\.vscode\extensions\pivotal.vscode-spring-boot-1.36.0\language-server\BOOT-INF\lib\commons-exec-1.3.jar;c:\Users\ASUS\.vscode\extensions\pivotal.vscode-spring-boot-1.36.0\language-server\BOOT-INF\lib\commons-io-2.4.jar;c
Launcher Type: SUN_STANDARD

[Global flags]
     intx CICompilerCount                          = 4                                         {product} {ergonomic}
     uint ConcGCThreads                            = 2                                         {product} {ergonomic}
     uint G1ConcRefinementThreads                  = 8                                         {product} {ergonomic}
   size_t G1HeapRegionSize                         = 1048576                                   {product} {ergonomic}
    uintx GCDrainStackTargetSize                   = 64                                        {product} {ergonomic}
   size_t InitialHeapSize                          = 100663296                                 {product} {ergonomic}
   size_t MarkStackSize                            = 4194304                                   {product} {ergonomic}
   size_t MaxHeapSize                              = 1598029824                                {product} {ergonomic}
   size_t MaxNewSize                               = 958398464                                 {product} {ergonomic}
   size_t MinHeapDeltaBytes                        = 1048576                                   {product} {ergonomic}
   size_t MinHeapSize                              = 8388608                                   {product} {ergonomic}
    uintx NonProfiledCodeHeapSize                  = 0                                      {pd product} {ergonomic}
     bool ProfileInterpreter                       = false                                  {pd product} {command line}
    uintx ProfiledCodeHeapSize                     = 0                                      {pd product} {ergonomic}
   size_t SoftMaxHeapSize                          = 1598029824                             {manageable} {ergonomic}
     intx TieredStopAtLevel                        = 1                                         {product} {command line}
     bool UseCompressedClassPointers               = true                           {product lp64_product} {ergonomic}
     bool UseCompressedOops                        = true                           {product lp64_product} {ergonomic}
     bool UseG1GC                                  = true                                      {product} {ergonomic}
     bool UseLargePagesIndividualAllocation        = false                                  {pd product} {ergonomic}

Logging:
Log output configuration:
 #0: stdout all=warning uptime,level,tags
 #1: stderr all=off uptime,level,tags

Environment Variables:
JAVA_HOME=C:\Program Files\Java\jdk-11.0.12
PATH=C:\Windows\system32;C:\Windows;C:\Windows\System32\Wbem;C:\Windows\System32\WindowsPowerShell\v1.0\;C:\Windows\System32\OpenSSH\;C:\Program Files\Java\jdk-11.0.12\bin;C:\Program Files\Git\cmd;C:\Program Files\nodejs\;C:\Program Files\PuTTY\;C:\Program Files\IBM\SPSS\Statistics\25\JRE\bin;C:\ProgramData\ComposerSetup\bin;C:\php-8.1.2-Win32-vs16-x64;C:\gradle-7.4\bin;C:\cygnus\cygwin-b20\H-i586-cygwin32\bin;C:\flutter\bin;C:\Users\ASUS\AppData\Local\Programs\Python\Python39\Scripts\;C:\Users\ASUS\AppData\Local\Programs\Python\Python39\;C:\Users\ASUS\AppData\Local\Microsoft\WindowsApps;C:\Users\ASUS\AppData\Local\Programs\Microsoft VS Code\bin;C:\Users\ASUS\AppData\Roaming\npm;C:\Users\ASUS\AppData\Roaming\Composer\vendor\bin;
USERNAME=ASUS
OS=Windows_NT
PROCESSOR_IDENTIFIER=AMD64 Family 23 Model 24 Stepping 1, AuthenticAMD



---------------  S Y S T E M  ---------------

OS:
 Windows 10 , 64 bit Build 19041 (10.0.19041.1741)
OS uptime: 0 days 3:29 hours

CPU: total 8 (initial active 8) (8 cores per cpu, 2 threads per core) family 23 model 24 stepping 1 microcode 0x0, cx8, cmov, fxsr, ht, mmx, 3dnowpref, sse, sse2, sse3, ssse3, sse4a, sse4.1, sse4.2, popcnt, lzcnt, tsc, tscinvbit, avx, avx2, aes, clmul, bmi1, bmi2, adx, sha, fma, vzeroupper, clflush, clflushopt

Memory: 4k page, system-wide physical 6091M (282M free)
TotalPageFile size 24523M (AvailPageFile size 47M)
current process WorkingSet (physical memory assigned to process): 192M, peak: 192M
current process commit charge ("private bytes"): 231M, peak: 387M

vm_info: OpenJDK 64-Bit Server VM (17.0.3+7) for windows-amd64 JRE (17.0.3+7), built on Apr 19 2022 16:55:35 by "" with MS VC++ 16.7 (VS2019)

END.
