#
# There is insufficient memory for the Java Runtime Environment to continue.
# Native memory allocation (mmap) failed to map 83886080 bytes for G1 virtual space
# Possible reasons:
#   The system is out of physical RAM or swap space
#   The process is running with CompressedOops enabled, and the Java Heap may be blocking the growth of the native heap
# Possible solutions:
#   Reduce memory load on the system
#   Increase physical memory or swap space
#   Check if swap backing store is full
#   Decrease Java heap size (-Xmx/-Xms)
#   Decrease number of Java threads
#   Decrease Java thread stack sizes (-Xss)
#   Set larger code cache with -XX:ReservedCodeCacheSize=
#   JVM is running with Unscaled Compressed Oops mode in which the Java heap is
#     placed in the first 4GB address space. The Java Heap base address is the
#     maximum limit for the native heap growth. Please use -XX:HeapBaseMinAddress
#     to set the Java Heap base and to place the Java Heap above 4GB virtual address.
# This output file may be truncated or incomplete.
#
#  Out of Memory Error (os_windows.cpp:3535), pid=11944, tid=14072
#
# JRE version: OpenJDK Runtime Environment Temurin-17.0.3+7 (17.0.3+7) (build 17.0.3+7)
# Java VM: OpenJDK 64-Bit Server VM Temurin-17.0.3+7 (17.0.3+7, mixed mode, emulated-client, tiered, compressed oops, compressed class ptrs, g1 gc, windows-amd64)
# No core dump will be written. Minidumps are not enabled by default on client versions of Windows
#

---------------  S U M M A R Y ------------

Command Line: --add-modules=ALL-SYSTEM --add-exports=jdk.compiler/com.sun.tools.javac.file=ALL-UNNAMED --add-exports=jdk.compiler/com.sun.tools.javac.util=ALL-UNNAMED --add-exports=jdk.compiler/com.sun.tools.javac.comp=ALL-UNNAMED --add-exports=jdk.compiler/com.sun.tools.javac.main=ALL-UNNAMED --add-exports=jdk.compiler/com.sun.tools.javac.tree=ALL-UNNAMED --add-exports=jdk.compiler/com.sun.tools.javac.code=ALL-UNNAMED -Dsts.lsp.client=vscode -Dsts.log.file=/dev/null -XX:TieredStopAtLevel=1 -Dspring.config.location=file:c:\Users\ASUS\.vscode\extensions\pivotal.vscode-spring-boot-1.36.0\language-server\BOOT-INF\classes\application.properties org.springframework.ide.vscode.boot.app.BootLanguageServerBootApp

Host: AMD Ryzen 5 3500U with Radeon Vega Mobile Gfx  , 8 cores, 5G,  Windows 10 , 64 bit Build 19041 (10.0.19041.1741)
Time: Wed Jul 20 12:15:46 2022 SE Asia Standard Time elapsed time: 4.751667 seconds (0d 0h 0m 4s)

---------------  T H R E A D  ---------------

Current thread (0x0000025c142f0ca0):  VMThread "VM Thread" [stack: 0x00000099cf000000,0x00000099cf100000] [id=14072]

Stack: [0x00000099cf000000,0x00000099cf100000]
Native frames: (J=compiled Java code, j=interpreted, Vv=VM code, C=native code)
V  [jvm.dll+0x675efa]
V  [jvm.dll+0x830a24]
V  [jvm.dll+0x8321ce]
V  [jvm.dll+0x832833]
V  [jvm.dll+0x2454b5]
V  [jvm.dll+0x672de9]
V  [jvm.dll+0x667732]
V  [jvm.dll+0x3043ab]
V  [jvm.dll+0x30b8f6]
V  [jvm.dll+0x35b62e]
V  [jvm.dll+0x35b85f]
V  [jvm.dll+0x2db248]
V  [jvm.dll+0x2d94fc]
V  [jvm.dll+0x2d8acc]
V  [jvm.dll+0x31ca2b]
V  [jvm.dll+0x836cdb]
V  [jvm.dll+0x837a14]
V  [jvm.dll+0x837f2c]
V  [jvm.dll+0x838304]
V  [jvm.dll+0x8383d0]
V  [jvm.dll+0x7e0cfa]
V  [jvm.dll+0x674d85]
C  [ucrtbase.dll+0x21bb2]
C  [KERNEL32.DLL+0x17034]
C  [ntdll.dll+0x52651]

VM_Operation (0x00000099d0ffe790): G1CollectForAllocation, mode: safepoint, requested by thread 0x0000025c16d5ec40


---------------  P R O C E S S  ---------------

Threads class SMR info:
_java_thread_list=0x0000025c18b06710, length=34, elements={
0x0000025c14307390, 0x0000025c14308920, 0x0000025c14343130, 0x0000025c14346f70,
0x0000025c14347830, 0x0000025c14348700, 0x0000025c14349280, 0x0000025c14355090,
0x0000025c14d69620, 0x0000025c142920c0, 0x0000025c14f6f7d0, 0x0000025c15831dd0,
0x0000025c158326e0, 0x0000025c16ab8600, 0x0000025c16ccd800, 0x0000025c16cfe350,
0x0000025c082395c0, 0x0000025c16b8d840, 0x0000025c16d57030, 0x0000025c16d5a5f0,
0x0000025c16d5aac0, 0x0000025c16d5af90, 0x0000025c16d5ec40, 0x0000025c16d5f5e0,
0x0000025c16d612c0, 0x0000025c16d61790, 0x0000025c16d60450, 0x0000025c16d5ddd0,
0x0000025c16d5fab0, 0x0000025c16d5e2a0, 0x0000025c16d5e770, 0x0000025c16d5f110,
0x0000025c16d5ff80, 0x0000025c16d60920
}

Java Threads: ( => current thread )
  0x0000025c14307390 JavaThread "Reference Handler" daemon [_thread_blocked, id=18312, stack(0x00000099cf100000,0x00000099cf200000)]
  0x0000025c14308920 JavaThread "Finalizer" daemon [_thread_blocked, id=3756, stack(0x00000099cf200000,0x00000099cf300000)]
  0x0000025c14343130 JavaThread "Signal Dispatcher" daemon [_thread_blocked, id=2540, stack(0x00000099cf300000,0x00000099cf400000)]
  0x0000025c14346f70 JavaThread "Attach Listener" daemon [_thread_blocked, id=11924, stack(0x00000099cf400000,0x00000099cf500000)]
  0x0000025c14347830 JavaThread "Service Thread" daemon [_thread_blocked, id=17944, stack(0x00000099cf500000,0x00000099cf600000)]
  0x0000025c14348700 JavaThread "Monitor Deflation Thread" daemon [_thread_blocked, id=8372, stack(0x00000099cf600000,0x00000099cf700000)]
  0x0000025c14349280 JavaThread "C1 CompilerThread0" daemon [_thread_blocked, id=11120, stack(0x00000099cf700000,0x00000099cf800000)]
  0x0000025c14355090 JavaThread "Sweeper thread" daemon [_thread_blocked, id=13552, stack(0x00000099cf800000,0x00000099cf900000)]
  0x0000025c14d69620 JavaThread "C1 CompilerThread1" daemon [_thread_blocked, id=17608, stack(0x00000099cf900000,0x00000099cfa00000)]
  0x0000025c142920c0 JavaThread "Common-Cleaner" daemon [_thread_blocked, id=14476, stack(0x00000099cfa00000,0x00000099cfb00000)]
  0x0000025c14f6f7d0 JavaThread "Notification Thread" daemon [_thread_blocked, id=10664, stack(0x00000099cfb00000,0x00000099cfc00000)]
  0x0000025c15831dd0 JavaThread "C1 CompilerThread2" daemon [_thread_blocked, id=7636, stack(0x00000099cfd00000,0x00000099cfe00000)]
  0x0000025c158326e0 JavaThread "C1 CompilerThread3" daemon [_thread_blocked, id=17372, stack(0x00000099cfe00000,0x00000099cff00000)]
  0x0000025c16ab8600 JavaThread "ForkJoinPool.commonPool-worker-1" daemon [_thread_blocked, id=17992, stack(0x00000099d0500000,0x00000099d0600000)]
  0x0000025c16ccd800 JavaThread "pool-7-thread-1" [_thread_blocked, id=5664, stack(0x00000099d0800000,0x00000099d0900000)]
  0x0000025c16cfe350 JavaThread "LanguageServerApp-lifecycle" [_thread_blocked, id=2412, stack(0x00000099d0900000,0x00000099d0a00000)]
  0x0000025c082395c0 JavaThread "DestroyJavaVM" [_thread_blocked, id=5216, stack(0x00000099cea00000,0x00000099ceb00000)]
  0x0000025c16b8d840 JavaThread "ClassGraph-worker-0" daemon [_thread_blocked, id=16292, stack(0x00000099d0a00000,0x00000099d0b00000)]
  0x0000025c16d57030 JavaThread "ClassGraph-worker-1" daemon [_thread_blocked, id=14500, stack(0x00000099d0b00000,0x00000099d0c00000)]
  0x0000025c16d5a5f0 JavaThread "ClassGraph-worker-2" daemon [_thread_blocked, id=18064, stack(0x00000099d0c00000,0x00000099d0d00000)]
  0x0000025c16d5aac0 JavaThread "ClassGraph-worker-3" daemon [_thread_blocked, id=3232, stack(0x00000099d0d00000,0x00000099d0e00000)]
  0x0000025c16d5af90 JavaThread "ClassGraph-worker-4" daemon [_thread_blocked, id=16788, stack(0x00000099d0e00000,0x00000099d0f00000)]
  0x0000025c16d5ec40 JavaThread "ClassGraph-worker-5" daemon [_thread_blocked, id=5300, stack(0x00000099d0f00000,0x00000099d1000000)]
  0x0000025c16d5f5e0 JavaThread "ClassGraph-worker-6" daemon [_thread_blocked, id=15616, stack(0x00000099d1000000,0x00000099d1100000)]
  0x0000025c16d612c0 JavaThread "ClassGraph-worker-7" daemon [_thread_blocked, id=6692, stack(0x00000099d1100000,0x00000099d1200000)]
  0x0000025c16d61790 JavaThread "ClassGraph-worker-8" daemon [_thread_blocked, id=16416, stack(0x00000099d1200000,0x00000099d1300000)]
  0x0000025c16d60450 JavaThread "ClassGraph-worker-9" daemon [_thread_blocked, id=12612, stack(0x00000099d1300000,0x00000099d1400000)]
  0x0000025c16d5ddd0 JavaThread "ClassGraph-worker-10" daemon [_thread_blocked, id=11656, stack(0x00000099d1400000,0x00000099d1500000)]
  0x0000025c16d5fab0 JavaThread "ClassGraph-worker-11" daemon [_thread_blocked, id=2172, stack(0x00000099d1500000,0x00000099d1600000)]
  0x0000025c16d5e2a0 JavaThread "ClassGraph-worker-12" daemon [_thread_blocked, id=13420, stack(0x00000099d1600000,0x00000099d1700000)]
  0x0000025c16d5e770 JavaThread "ClassGraph-worker-13" daemon [_thread_blocked, id=13064, stack(0x00000099d1700000,0x00000099d1800000)]
  0x0000025c16d5f110 JavaThread "pool-8-thread-1" [_thread_in_native, id=15612, stack(0x00000099d1800000,0x00000099d1900000)]
  0x0000025c16d5ff80 JavaThread "Simple-Language-Server main thread" daemon [_thread_blocked, id=7484, stack(0x00000099d1900000,0x00000099d1a00000)]
  0x0000025c16d60920 JavaThread "parallel-1" daemon [_thread_blocked, id=16408, stack(0x00000099d1a00000,0x00000099d1b00000)]

Other Threads:
=>0x0000025c142f0ca0 VMThread "VM Thread" [stack: 0x00000099cf000000,0x00000099cf100000] [id=14072]
  0x0000025c14f6fca0 WatcherThread [stack: 0x00000099cfc00000,0x00000099cfd00000] [id=17700]
  0x0000025c08288b80 GCTaskThread "GC Thread#0" [stack: 0x00000099ceb00000,0x00000099cec00000] [id=16284]
  0x0000025c16433450 GCTaskThread "GC Thread#1" [stack: 0x00000099cff00000,0x00000099d0000000] [id=18408]
  0x0000025c158fcb80 GCTaskThread "GC Thread#2" [stack: 0x00000099d0000000,0x00000099d0100000] [id=7012]
  0x0000025c158fde40 GCTaskThread "GC Thread#3" [stack: 0x00000099d0100000,0x00000099d0200000] [id=13252]
  0x0000025c158fe0f0 GCTaskThread "GC Thread#4" [stack: 0x00000099d0200000,0x00000099d0300000] [id=4060]
  0x0000025c158fe3a0 GCTaskThread "GC Thread#5" [stack: 0x00000099d0300000,0x00000099d0400000] [id=9244]
  0x0000025c158fe650 GCTaskThread "GC Thread#6" [stack: 0x00000099d0400000,0x00000099d0500000] [id=13104]
  0x0000025c166ca800 GCTaskThread "GC Thread#7" [stack: 0x00000099d0600000,0x00000099d0700000] [id=4688]
  0x0000025c08295850 ConcurrentGCThread "G1 Main Marker" [stack: 0x00000099cec00000,0x00000099ced00000] [id=16460]
  0x0000025c08296170 ConcurrentGCThread "G1 Conc#0" [stack: 0x00000099ced00000,0x00000099cee00000] [id=8532]
  0x0000025c1685f430 ConcurrentGCThread "G1 Conc#1" [stack: 0x00000099d0700000,0x00000099d0800000] [id=13212]
  0x0000025c08301260 ConcurrentGCThread "G1 Refine#0" [stack: 0x00000099cee00000,0x00000099cef00000] [id=18044]
  0x0000025c08301b90 ConcurrentGCThread "G1 Service" [stack: 0x00000099cef00000,0x00000099cf000000] [id=11812]

Threads with active compile tasks:

VM state: at safepoint (normal execution)

VM Mutex/Monitor currently owned by a thread:  ([mutex/lock_event])
[0x0000025c0604b070] Threads_lock - owner thread: 0x0000025c142f0ca0
[0x0000025c082376a0] Heap_lock - owner thread: 0x0000025c16d5ec40

Heap address: 0x00000000a0c00000, size: 1524 MB, Compressed Oops mode: 32-bit

CDS archive(s) not mapped
Compressed class space mapped at: 0x0000000100000000-0x0000000140000000, reserved size: 1073741824
Narrow klass base: 0x0000000000000000, Narrow klass shift: 3, Narrow klass range: 0x140000000

GC Precious Log:
 CPUs: 8 total, 8 available
 Memory: 6091M
 Large Page Support: Disabled
 NUMA Support: Disabled
 Compressed Oops: Enabled (32-bit)
 Heap Region Size: 1M
 Heap Min Capacity: 8M
 Heap Initial Capacity: 96M
 Heap Max Capacity: 1524M
 Pre-touch: Disabled
 Parallel Workers: 8
 Concurrent Workers: 2
 Concurrent Refinement Workers: 8
 Periodic GC: Disabled

Heap:
 garbage-first heap   total 98304K, used 46158K [0x00000000a0c00000, 0x0000000100000000)
  region size 1024K, 3 young (3072K), 3 survivors (3072K)
 Metaspace       used 34167K, committed 34496K, reserved 1081344K
  class space    used 4433K, committed 4608K, reserved 1048576K

Heap Regions: E=young(eden), S=young(survivor), O=old, HS=humongous(starts), HC=humongous(continues), CS=collection set, F=free, OA=open archive, CA=closed archive, TAMS=top-at-mark-start (previous, next)
|   0|0x00000000a0c00000, 0x00000000a0d00000, 0x00000000a0d00000|100%| O|  |TAMS 0x00000000a0d00000, 0x00000000a0d00000| Untracked 
|   1|0x00000000a0d00000, 0x00000000a0e00000, 0x00000000a0e00000|100%| O|  |TAMS 0x00000000a0e00000, 0x00000000a0e00000| Untracked 
|   2|0x00000000a0e00000, 0x00000000a0f00000, 0x00000000a0f00000|100%| O|  |TAMS 0x00000000a0f00000, 0x00000000a0f00000| Untracked 
|   3|0x00000000a0f00000, 0x00000000a1000000, 0x00000000a1000000|100%| O|  |TAMS 0x00000000a1000000, 0x00000000a1000000| Untracked 
|   4|0x00000000a1000000, 0x00000000a1100000, 0x00000000a1100000|100%| O|  |TAMS 0x00000000a1100000, 0x00000000a1100000| Untracked 
|   5|0x00000000a1100000, 0x00000000a1200000, 0x00000000a1200000|100%| O|  |TAMS 0x00000000a1200000, 0x00000000a1200000| Untracked 
|   6|0x00000000a1200000, 0x00000000a1300000, 0x00000000a1300000|100%| O|  |TAMS 0x00000000a1300000, 0x00000000a1300000| Untracked 
|   7|0x00000000a1300000, 0x00000000a1400000, 0x00000000a1400000|100%| O|  |TAMS 0x00000000a1400000, 0x00000000a1400000| Untracked 
|   8|0x00000000a1400000, 0x00000000a1500000, 0x00000000a1500000|100%| O|  |TAMS 0x00000000a1400000, 0x00000000a1500000| Untracked 
|   9|0x00000000a1500000, 0x00000000a1600000, 0x00000000a1600000|100%| O|  |TAMS 0x00000000a1600000, 0x00000000a1600000| Untracked 
|  10|0x00000000a1600000, 0x00000000a1700000, 0x00000000a1700000|100%| O|  |TAMS 0x00000000a1700000, 0x00000000a1700000| Untracked 
|  11|0x00000000a1700000, 0x00000000a1800000, 0x00000000a1800000|100%| O|  |TAMS 0x00000000a1800000, 0x00000000a1800000| Untracked 
|  12|0x00000000a1800000, 0x00000000a1900000, 0x00000000a1900000|100%| O|  |TAMS 0x00000000a1900000, 0x00000000a1900000| Untracked 
|  13|0x00000000a1900000, 0x00000000a1a00000, 0x00000000a1a00000|100%| O|  |TAMS 0x00000000a1a00000, 0x00000000a1a00000| Untracked 
|  14|0x00000000a1a00000, 0x00000000a1b00000, 0x00000000a1b00000|100%| O|  |TAMS 0x00000000a1b00000, 0x00000000a1b00000| Untracked 
|  15|0x00000000a1b00000, 0x00000000a1c00000, 0x00000000a1c00000|100%| O|  |TAMS 0x00000000a1c00000, 0x00000000a1c00000| Untracked 
|  16|0x00000000a1c00000, 0x00000000a1d00000, 0x00000000a1d00000|100%| O|  |TAMS 0x00000000a1d00000, 0x00000000a1d00000| Untracked 
|  17|0x00000000a1d00000, 0x00000000a1e00000, 0x00000000a1e00000|100%| O|  |TAMS 0x00000000a1e00000, 0x00000000a1e00000| Untracked 
|  18|0x00000000a1e00000, 0x00000000a1f00000, 0x00000000a1f00000|100%| O|  |TAMS 0x00000000a1f00000, 0x00000000a1f00000| Untracked 
|  19|0x00000000a1f00000, 0x00000000a2000000, 0x00000000a2000000|100%| O|  |TAMS 0x00000000a2000000, 0x00000000a2000000| Untracked 
|  20|0x00000000a2000000, 0x00000000a2100000, 0x00000000a2100000|100%| O|  |TAMS 0x00000000a2100000, 0x00000000a2100000| Untracked 
|  21|0x00000000a2100000, 0x00000000a2200000, 0x00000000a2200000|100%| O|  |TAMS 0x00000000a2200000, 0x00000000a2200000| Untracked 
|  22|0x00000000a2200000, 0x00000000a2300000, 0x00000000a2300000|100%| O|  |TAMS 0x00000000a2300000, 0x00000000a2300000| Untracked 
|  23|0x00000000a2300000, 0x00000000a2400000, 0x00000000a2400000|100%| O|  |TAMS 0x00000000a2368400, 0x00000000a2400000| Untracked 
|  24|0x00000000a2400000, 0x00000000a2500000, 0x00000000a2500000|100%| O|  |TAMS 0x00000000a2400000, 0x00000000a2500000| Untracked 
|  25|0x00000000a2500000, 0x00000000a2600000, 0x00000000a2600000|100%| O|  |TAMS 0x00000000a2500000, 0x00000000a2600000| Untracked 
|  26|0x00000000a2600000, 0x00000000a2700000, 0x00000000a2700000|100%| O|  |TAMS 0x00000000a2600000, 0x00000000a2700000| Untracked 
|  27|0x00000000a2700000, 0x00000000a2800000, 0x00000000a2800000|100%| O|  |TAMS 0x00000000a2700000, 0x00000000a2800000| Untracked 
|  28|0x00000000a2800000, 0x00000000a2900000, 0x00000000a2900000|100%| O|  |TAMS 0x00000000a2800000, 0x00000000a2900000| Untracked 
|  29|0x00000000a2900000, 0x00000000a2a00000, 0x00000000a2a00000|100%| O|  |TAMS 0x00000000a2900000, 0x00000000a2a00000| Untracked 
|  30|0x00000000a2a00000, 0x00000000a2b00000, 0x00000000a2b00000|100%| O|  |TAMS 0x00000000a2a00000, 0x00000000a2b00000| Untracked 
|  31|0x00000000a2b00000, 0x00000000a2c00000, 0x00000000a2c00000|100%| O|  |TAMS 0x00000000a2b00000, 0x00000000a2c00000| Untracked 
|  32|0x00000000a2c00000, 0x00000000a2d00000, 0x00000000a2d00000|100%| O|  |TAMS 0x00000000a2c00000, 0x00000000a2d00000| Untracked 
|  33|0x00000000a2d00000, 0x00000000a2e00000, 0x00000000a2e00000|100%| O|  |TAMS 0x00000000a2d00000, 0x00000000a2e00000| Untracked 
|  34|0x00000000a2e00000, 0x00000000a2f00000, 0x00000000a2f00000|100%| O|  |TAMS 0x00000000a2e00000, 0x00000000a2f00000| Untracked 
|  35|0x00000000a2f00000, 0x00000000a3000000, 0x00000000a3000000|100%| O|  |TAMS 0x00000000a2f00000, 0x00000000a3000000| Untracked 
|  36|0x00000000a3000000, 0x00000000a3100000, 0x00000000a3100000|100%| O|  |TAMS 0x00000000a3000000, 0x00000000a3100000| Untracked 
|  37|0x00000000a3100000, 0x00000000a3200000, 0x00000000a3200000|100%| O|  |TAMS 0x00000000a3100000, 0x00000000a3200000| Untracked 
|  38|0x00000000a3200000, 0x00000000a3300000, 0x00000000a3300000|100%| O|  |TAMS 0x00000000a3200000, 0x00000000a3300000| Untracked 
|  39|0x00000000a3300000, 0x00000000a3400000, 0x00000000a3400000|100%| O|  |TAMS 0x00000000a3300000, 0x00000000a33c1c00| Untracked 
|  40|0x00000000a3400000, 0x00000000a3500000, 0x00000000a3500000|100%| O|  |TAMS 0x00000000a3400000, 0x00000000a3400000| Untracked 
|  41|0x00000000a3500000, 0x00000000a3600000, 0x00000000a3600000|100%| O|  |TAMS 0x00000000a3500000, 0x00000000a3500000| Untracked 
|  42|0x00000000a3600000, 0x00000000a36f7600, 0x00000000a3700000| 96%| O|  |TAMS 0x00000000a3600000, 0x00000000a3600000| Untracked 
|  43|0x00000000a3700000, 0x00000000a3700000, 0x00000000a3800000|  0%| F|  |TAMS 0x00000000a3700000, 0x00000000a3700000| Untracked 
|  44|0x00000000a3800000, 0x00000000a3800000, 0x00000000a3900000|  0%| F|  |TAMS 0x00000000a3800000, 0x00000000a3800000| Untracked 
|  45|0x00000000a3900000, 0x00000000a3900000, 0x00000000a3a00000|  0%| F|  |TAMS 0x00000000a3900000, 0x00000000a3900000| Untracked 
|  46|0x00000000a3a00000, 0x00000000a3a00000, 0x00000000a3b00000|  0%| F|  |TAMS 0x00000000a3a00000, 0x00000000a3a00000| Untracked 
|  47|0x00000000a3b00000, 0x00000000a3b00000, 0x00000000a3c00000|  0%| F|  |TAMS 0x00000000a3b00000, 0x00000000a3b00000| Untracked 
|  48|0x00000000a3c00000, 0x00000000a3c00000, 0x00000000a3d00000|  0%| F|  |TAMS 0x00000000a3c00000, 0x00000000a3c00000| Untracked 
|  49|0x00000000a3d00000, 0x00000000a3d00000, 0x00000000a3e00000|  0%| F|  |TAMS 0x00000000a3d00000, 0x00000000a3d00000| Untracked 
|  50|0x00000000a3e00000, 0x00000000a3e00000, 0x00000000a3f00000|  0%| F|  |TAMS 0x00000000a3e00000, 0x00000000a3e00000| Untracked 
|  51|0x00000000a3f00000, 0x00000000a3f00000, 0x00000000a4000000|  0%| F|  |TAMS 0x00000000a3f00000, 0x00000000a3f00000| Untracked 
|  52|0x00000000a4000000, 0x00000000a4000000, 0x00000000a4100000|  0%| F|  |TAMS 0x00000000a4000000, 0x00000000a4000000| Untracked 
|  53|0x00000000a4100000, 0x00000000a4100000, 0x00000000a4200000|  0%| F|  |TAMS 0x00000000a4100000, 0x00000000a4100000| Untracked 
|  54|0x00000000a4200000, 0x00000000a4200000, 0x00000000a4300000|  0%| F|  |TAMS 0x00000000a4200000, 0x00000000a4200000| Untracked 
|  55|0x00000000a4300000, 0x00000000a4300000, 0x00000000a4400000|  0%| F|  |TAMS 0x00000000a4300000, 0x00000000a4300000| Untracked 
|  56|0x00000000a4400000, 0x00000000a4400000, 0x00000000a4500000|  0%| F|  |TAMS 0x00000000a4400000, 0x00000000a4400000| Untracked 
|  57|0x00000000a4500000, 0x00000000a4500000, 0x00000000a4600000|  0%| F|  |TAMS 0x00000000a4500000, 0x00000000a4500000| Untracked 
|  58|0x00000000a4600000, 0x00000000a4600000, 0x00000000a4700000|  0%| F|  |TAMS 0x00000000a4600000, 0x00000000a4600000| Untracked 
|  59|0x00000000a4700000, 0x00000000a4700000, 0x00000000a4800000|  0%| F|  |TAMS 0x00000000a4700000, 0x00000000a4700000| Untracked 
|  60|0x00000000a4800000, 0x00000000a4800000, 0x00000000a4900000|  0%| F|  |TAMS 0x00000000a4800000, 0x00000000a4800000| Untracked 
|  61|0x00000000a4900000, 0x00000000a4900000, 0x00000000a4a00000|  0%| F|  |TAMS 0x00000000a4900000, 0x00000000a4900000| Untracked 
|  62|0x00000000a4a00000, 0x00000000a4a1c458, 0x00000000a4b00000| 11%| S|CS|TAMS 0x00000000a4a00000, 0x00000000a4a00000| Complete 
|  63|0x00000000a4b00000, 0x00000000a4b00000, 0x00000000a4c00000|  0%| F|  |TAMS 0x00000000a4b00000, 0x00000000a4b00000| Untracked 
|  64|0x00000000a4c00000, 0x00000000a4d00000, 0x00000000a4d00000|100%| S|CS|TAMS 0x00000000a4c00000, 0x00000000a4c00000| Complete 
|  65|0x00000000a4d00000, 0x00000000a4e00000, 0x00000000a4e00000|100%| S|CS|TAMS 0x00000000a4d00000, 0x00000000a4d00000| Complete 
|  66|0x00000000a4e00000, 0x00000000a4e00000, 0x00000000a4f00000|  0%| F|  |TAMS 0x00000000a4e00000, 0x00000000a4e00000| Untracked 
|  67|0x00000000a4f00000, 0x00000000a4f00000, 0x00000000a5000000|  0%| F|  |TAMS 0x00000000a4f00000, 0x00000000a4f00000| Untracked 
|  68|0x00000000a5000000, 0x00000000a5000000, 0x00000000a5100000|  0%| F|  |TAMS 0x00000000a5000000, 0x00000000a5000000| Untracked 
|  69|0x00000000a5100000, 0x00000000a5100000, 0x00000000a5200000|  0%| F|  |TAMS 0x00000000a5100000, 0x00000000a5100000| Untracked 
|  70|0x00000000a5200000, 0x00000000a5200000, 0x00000000a5300000|  0%| F|  |TAMS 0x00000000a5200000, 0x00000000a5200000| Untracked 
|  71|0x00000000a5300000, 0x00000000a5300000, 0x00000000a5400000|  0%| F|  |TAMS 0x00000000a5300000, 0x00000000a5300000| Untracked 
|  72|0x00000000a5400000, 0x00000000a5400000, 0x00000000a5500000|  0%| F|  |TAMS 0x00000000a5400000, 0x00000000a5400000| Untracked 
|  73|0x00000000a5500000, 0x00000000a5500000, 0x00000000a5600000|  0%| F|  |TAMS 0x00000000a5500000, 0x00000000a5500000| Untracked 
|  74|0x00000000a5600000, 0x00000000a5600000, 0x00000000a5700000|  0%| F|  |TAMS 0x00000000a5600000, 0x00000000a5600000| Untracked 
|  75|0x00000000a5700000, 0x00000000a5700000, 0x00000000a5800000|  0%| F|  |TAMS 0x00000000a5700000, 0x00000000a5700000| Untracked 
|  76|0x00000000a5800000, 0x00000000a5800000, 0x00000000a5900000|  0%| F|  |TAMS 0x00000000a5800000, 0x00000000a5800000| Untracked 
|  77|0x00000000a5900000, 0x00000000a5900000, 0x00000000a5a00000|  0%| F|  |TAMS 0x00000000a5900000, 0x00000000a5900000| Untracked 
|  78|0x00000000a5a00000, 0x00000000a5a00000, 0x00000000a5b00000|  0%| F|  |TAMS 0x00000000a5a00000, 0x00000000a5a00000| Untracked 
|  79|0x00000000a5b00000, 0x00000000a5b00000, 0x00000000a5c00000|  0%| F|  |TAMS 0x00000000a5b00000, 0x00000000a5b00000| Untracked 
|  80|0x00000000a5c00000, 0x00000000a5c00000, 0x00000000a5d00000|  0%| F|  |TAMS 0x00000000a5c00000, 0x00000000a5c00000| Untracked 
|  81|0x00000000a5d00000, 0x00000000a5d00000, 0x00000000a5e00000|  0%| F|  |TAMS 0x00000000a5d00000, 0x00000000a5d00000| Untracked 
|  82|0x00000000a5e00000, 0x00000000a5e00000, 0x00000000a5f00000|  0%| F|  |TAMS 0x00000000a5e00000, 0x00000000a5e00000| Untracked 
|  83|0x00000000a5f00000, 0x00000000a5f00000, 0x00000000a6000000|  0%| F|  |TAMS 0x00000000a5f00000, 0x00000000a5f00000| Untracked 
|  84|0x00000000a6000000, 0x00000000a6000000, 0x00000000a6100000|  0%| F|  |TAMS 0x00000000a6000000, 0x00000000a6000000| Untracked 
|  85|0x00000000a6100000, 0x00000000a6100000, 0x00000000a6200000|  0%| F|  |TAMS 0x00000000a6100000, 0x00000000a6100000| Untracked 
|  86|0x00000000a6200000, 0x00000000a6200000, 0x00000000a6300000|  0%| F|  |TAMS 0x00000000a6200000, 0x00000000a6200000| Untracked 
|  87|0x00000000a6300000, 0x00000000a6300000, 0x00000000a6400000|  0%| F|  |TAMS 0x00000000a6300000, 0x00000000a6300000| Untracked 
|  88|0x00000000a6400000, 0x00000000a6400000, 0x00000000a6500000|  0%| F|  |TAMS 0x00000000a6400000, 0x00000000a6400000| Untracked 
|  89|0x00000000a6500000, 0x00000000a6500000, 0x00000000a6600000|  0%| F|  |TAMS 0x00000000a6500000, 0x00000000a6500000| Untracked 
|  90|0x00000000a6600000, 0x00000000a6600000, 0x00000000a6700000|  0%| F|  |TAMS 0x00000000a6600000, 0x00000000a6600000| Untracked 
|  91|0x00000000a6700000, 0x00000000a6700000, 0x00000000a6800000|  0%| F|  |TAMS 0x00000000a6700000, 0x00000000a6700000| Untracked 
|  92|0x00000000a6800000, 0x00000000a6800000, 0x00000000a6900000|  0%| F|  |TAMS 0x00000000a6800000, 0x00000000a6800000| Untracked 
|  93|0x00000000a6900000, 0x00000000a6900000, 0x00000000a6a00000|  0%| F|  |TAMS 0x00000000a6900000, 0x00000000a6900000| Untracked 
|  94|0x00000000a6a00000, 0x00000000a6a00000, 0x00000000a6b00000|  0%| F|  |TAMS 0x00000000a6a00000, 0x00000000a6a00000| Untracked 
|  95|0x00000000a6b00000, 0x00000000a6b00000, 0x00000000a6c00000|  0%| F|  |TAMS 0x00000000a6b00000, 0x00000000a6b00000| Untracked 

Card table byte_map: [0x0000025c0e2d0000,0x0000025c0e5d0000] _byte_map_base: 0x0000025c0ddca000

Marking Bits (Prev, Next): (CMBitMap*) 0x0000025c082890a0, (CMBitMap*) 0x0000025c082890e0
 Prev Bits: [0x0000025c0e8d0000, 0x0000025c100a0000)
 Next Bits: [0x0000025c100a0000, 0x0000025c11870000)

Polling page: 0x0000025c07a10000

Metaspace:

Usage:
  Non-class:     29.04 MB used.
      Class:      4.33 MB used.
       Both:     33.37 MB used.

Virtual space:
  Non-class space:       32.00 MB reserved,      29.19 MB ( 91%) committed,  4 nodes.
      Class space:        1.00 GB reserved,       4.50 MB ( <1%) committed,  1 nodes.
             Both:        1.03 GB reserved,      33.69 MB (  3%) committed. 

Chunk freelists:
   Non-Class:  2.12 MB
       Class:  3.53 MB
        Both:  5.66 MB

MaxMetaspaceSize: unlimited
CompressedClassSpaceSize: 1.00 GB
Initial GC threshold: 21.00 MB
Current GC threshold: 53.25 MB
CDS: off
MetaspaceReclaimPolicy: balanced
 - commit_granule_bytes: 65536.
 - commit_granule_words: 8192.
 - virtual_space_node_default_size: 1048576.
 - enlarge_chunks_in_place: 1.
 - new_chunks_are_fully_committed: 0.
 - uncommit_free_chunks: 1.
 - use_allocation_guard: 0.
 - handle_deallocations: 1.


Internal statistics:

num_allocs_failed_limit: 5.
num_arena_births: 298.
num_arena_deaths: 0.
num_vsnodes_births: 5.
num_vsnodes_deaths: 0.
num_space_committed: 539.
num_space_uncommitted: 0.
num_chunks_returned_to_freelist: 5.
num_chunks_taken_from_freelist: 1245.
num_chunk_merges: 5.
num_chunk_splits: 861.
num_chunks_enlarged: 681.
num_purges: 0.
num_inconsistent_stats: 0.

CodeCache: size=49152Kb used=8843Kb max_used=8843Kb free=40308Kb
 bounds [0x0000025c0aec0000, 0x0000025c0b770000, 0x0000025c0dec0000]
 total_blobs=4088 nmethods=3568 adapters=444
 compilation: enabled
              stopped_count=0, restarted_count=0
 full_count=0

Compilation events (20 events):
Event: 4.688 Thread 0x0000025c15831dd0 nmethod 3560 0x0000025c0b75d590 code [0x0000025c0b75d720, 0x0000025c0b75d808]
Event: 4.688 Thread 0x0000025c15831dd0 3562   !   1       nonapi.io.github.classgraph.fileslice.Slice$1::close (28 bytes)
Event: 4.688 Thread 0x0000025c158326e0 nmethod 3557 0x0000025c0b75d910 code [0x0000025c0b75dae0, 0x0000025c0b75df28]
Event: 4.688 Thread 0x0000025c158326e0 3561   !   1       io.github.classgraph.Resource::close (24 bytes)
Event: 4.688 Thread 0x0000025c14d69620 nmethod 3559 0x0000025c0b75e090 code [0x0000025c0b75e280, 0x0000025c0b75e5e8]
Event: 4.688 Thread 0x0000025c14349280 nmethod 3558 0x0000025c0b75e790 code [0x0000025c0b75e940, 0x0000025c0b75ebc8]
Event: 4.688 Thread 0x0000025c14d69620 3563   !   1       nonapi.io.github.classgraph.fastzipfilereader.NestedJarHandler$8::read (225 bytes)
Event: 4.689 Thread 0x0000025c158326e0 nmethod 3561 0x0000025c0b75ed10 code [0x0000025c0b75eea0, 0x0000025c0b75efe8]
Event: 4.689 Thread 0x0000025c15831dd0 nmethod 3562 0x0000025c0b75f090 code [0x0000025c0b75f260, 0x0000025c0b75f538]
Event: 4.689 Thread 0x0000025c158326e0 3564       1       io.github.classgraph.ClasspathElementZip$1::close (28 bytes)
Event: 4.690 Thread 0x0000025c14d69620 nmethod 3563 0x0000025c0b75f710 code [0x0000025c0b75f980, 0x0000025c0b7601c8]
Event: 4.690 Thread 0x0000025c158326e0 nmethod 3564 0x0000025c0b760890 code [0x0000025c0b760a60, 0x0000025c0b760dd8]
Event: 4.696 Thread 0x0000025c14d69620 3565       1       io.github.classgraph.ClasspathElementZip$1::openClassfile (13 bytes)
Event: 4.696 Thread 0x0000025c158326e0 3566   !   1       io.github.classgraph.ClasspathElementZip$1::open (79 bytes)
Event: 4.696 Thread 0x0000025c14d69620 nmethod 3565 0x0000025c0b761010 code [0x0000025c0b7611c0, 0x0000025c0b7614c8]
Event: 4.696 Thread 0x0000025c14349280 3567       1       nonapi.io.github.classgraph.fileslice.reader.ClassfileReader::<init> (29 bytes)
Event: 4.697 Thread 0x0000025c14349280 nmethod 3567 0x0000025c0b761590 code [0x0000025c0b761720, 0x0000025c0b761998]
Event: 4.698 Thread 0x0000025c158326e0 nmethod 3566 0x0000025c0b761a10 code [0x0000025c0b761c60, 0x0000025c0b762518]
Event: 4.721 Thread 0x0000025c14d69620 3568       1       java.lang.Throwable::<init> (34 bytes)
Event: 4.722 Thread 0x0000025c14d69620 nmethod 3568 0x0000025c0b762a90 code [0x0000025c0b762c40, 0x0000025c0b762ec8]

GC Heap History (20 events):
Event: 3.507 GC heap after
{Heap after GC invocations=7 (full 0):
 garbage-first heap   total 45056K, used 18075K [0x00000000a0c00000, 0x0000000100000000)
  region size 1024K, 2 young (2048K), 2 survivors (2048K)
 Metaspace       used 29817K, committed 30080K, reserved 1081344K
  class space    used 3752K, committed 3904K, reserved 1048576K
}
Event: 3.779 GC heap before
{Heap before GC invocations=7 (full 0):
 garbage-first heap   total 45056K, used 30363K [0x00000000a0c00000, 0x0000000100000000)
  region size 1024K, 15 young (15360K), 2 survivors (2048K)
 Metaspace       used 31866K, committed 32128K, reserved 1081344K
  class space    used 4042K, committed 4160K, reserved 1048576K
}
Event: 3.786 GC heap after
{Heap after GC invocations=8 (full 0):
 garbage-first heap   total 54272K, used 19846K [0x00000000a0c00000, 0x0000000100000000)
  region size 1024K, 2 young (2048K), 2 survivors (2048K)
 Metaspace       used 31866K, committed 32128K, reserved 1081344K
  class space    used 4042K, committed 4160K, reserved 1048576K
}
Event: 3.874 GC heap before
{Heap before GC invocations=8 (full 0):
 garbage-first heap   total 54272K, used 36230K [0x00000000a0c00000, 0x0000000100000000)
  region size 1024K, 19 young (19456K), 2 survivors (2048K)
 Metaspace       used 32064K, committed 32256K, reserved 1081344K
  class space    used 4069K, committed 4160K, reserved 1048576K
}
Event: 3.879 GC heap after
{Heap after GC invocations=9 (full 0):
 garbage-first heap   total 54272K, used 22935K [0x00000000a0c00000, 0x0000000100000000)
  region size 1024K, 3 young (3072K), 3 survivors (3072K)
 Metaspace       used 32064K, committed 32256K, reserved 1081344K
  class space    used 4069K, committed 4160K, reserved 1048576K
}
Event: 3.956 GC heap before
{Heap before GC invocations=9 (full 0):
 garbage-first heap   total 54272K, used 37271K [0x00000000a0c00000, 0x0000000100000000)
  region size 1024K, 18 young (18432K), 3 survivors (3072K)
 Metaspace       used 32274K, committed 32512K, reserved 1081344K
  class space    used 4100K, committed 4224K, reserved 1048576K
}
Event: 3.960 GC heap after
{Heap after GC invocations=10 (full 0):
 garbage-first heap   total 54272K, used 26151K [0x00000000a0c00000, 0x0000000100000000)
  region size 1024K, 3 young (3072K), 3 survivors (3072K)
 Metaspace       used 32274K, committed 32512K, reserved 1081344K
  class space    used 4100K, committed 4224K, reserved 1048576K
}
Event: 4.003 GC heap before
{Heap before GC invocations=10 (full 0):
 garbage-first heap   total 54272K, used 39463K [0x00000000a0c00000, 0x0000000100000000)
  region size 1024K, 16 young (16384K), 3 survivors (3072K)
 Metaspace       used 32372K, committed 32640K, reserved 1081344K
  class space    used 4115K, committed 4224K, reserved 1048576K
}
Event: 4.008 GC heap after
{Heap after GC invocations=11 (full 0):
 garbage-first heap   total 54272K, used 30653K [0x00000000a0c00000, 0x0000000100000000)
  region size 1024K, 2 young (2048K), 2 survivors (2048K)
 Metaspace       used 32372K, committed 32640K, reserved 1081344K
  class space    used 4115K, committed 4224K, reserved 1048576K
}
Event: 4.142 GC heap before
{Heap before GC invocations=12 (full 0):
 garbage-first heap   total 61440K, used 38845K [0x00000000a0c00000, 0x0000000100000000)
  region size 1024K, 11 young (11264K), 2 survivors (2048K)
 Metaspace       used 32837K, committed 33088K, reserved 1081344K
  class space    used 4197K, committed 4288K, reserved 1048576K
}
Event: 4.148 GC heap after
{Heap after GC invocations=13 (full 0):
 garbage-first heap   total 61440K, used 34040K [0x00000000a0c00000, 0x0000000100000000)
  region size 1024K, 2 young (2048K), 2 survivors (2048K)
 Metaspace       used 32837K, committed 33088K, reserved 1081344K
  class space    used 4197K, committed 4288K, reserved 1048576K
}
Event: 4.167 GC heap before
{Heap before GC invocations=13 (full 0):
 garbage-first heap   total 61440K, used 35064K [0x00000000a0c00000, 0x0000000100000000)
  region size 1024K, 3 young (3072K), 2 survivors (2048K)
 Metaspace       used 33038K, committed 33344K, reserved 1081344K
  class space    used 4228K, committed 4352K, reserved 1048576K
}
Event: 4.170 GC heap after
{Heap after GC invocations=14 (full 0):
 garbage-first heap   total 89088K, used 34601K [0x00000000a0c00000, 0x0000000100000000)
  region size 1024K, 1 young (1024K), 1 survivors (1024K)
 Metaspace       used 33038K, committed 33344K, reserved 1081344K
  class space    used 4228K, committed 4352K, reserved 1048576K
}
Event: 4.574 GC heap before
{Heap before GC invocations=14 (full 0):
 garbage-first heap   total 89088K, used 59177K [0x00000000a0c00000, 0x0000000100000000)
  region size 1024K, 25 young (25600K), 1 survivors (1024K)
 Metaspace       used 33839K, committed 34176K, reserved 1081344K
  class space    used 4401K, committed 4544K, reserved 1048576K
}
Event: 4.581 GC heap after
{Heap after GC invocations=15 (full 0):
 garbage-first heap   total 89088K, used 40228K [0x00000000a0c00000, 0x0000000100000000)
  region size 1024K, 4 young (4096K), 4 survivors (4096K)
 Metaspace       used 33839K, committed 34176K, reserved 1081344K
  class space    used 4401K, committed 4544K, reserved 1048576K
}
Event: 4.671 GC heap before
{Heap before GC invocations=15 (full 0):
 garbage-first heap   total 89088K, used 59684K [0x00000000a0c00000, 0x0000000100000000)
  region size 1024K, 24 young (24576K), 4 survivors (4096K)
 Metaspace       used 34041K, committed 34368K, reserved 1081344K
  class space    used 4424K, committed 4608K, reserved 1048576K
}
Event: 4.683 GC heap after
{Heap after GC invocations=16 (full 0):
 garbage-first heap   total 89088K, used 43783K [0x00000000a0c00000, 0x0000000100000000)
  region size 1024K, 3 young (3072K), 3 survivors (3072K)
 Metaspace       used 34041K, committed 34368K, reserved 1081344K
  class space    used 4424K, committed 4608K, reserved 1048576K
}
Event: 4.710 GC heap before
{Heap before GC invocations=16 (full 0):
 garbage-first heap   total 89088K, used 62215K [0x00000000a0c00000, 0x0000000100000000)
  region size 1024K, 22 young (22528K), 3 survivors (3072K)
 Metaspace       used 34167K, committed 34496K, reserved 1081344K
  class space    used 4433K, committed 4608K, reserved 1048576K
}
Event: 4.718 GC heap after
{Heap after GC invocations=17 (full 0):
 garbage-first heap   total 89088K, used 45321K [0x00000000a0c00000, 0x0000000100000000)
  region size 1024K, 2 young (2048K), 2 survivors (2048K)
 Metaspace       used 34167K, committed 34496K, reserved 1081344K
  class space    used 4433K, committed 4608K, reserved 1048576K
}
Event: 4.742 GC heap before
{Heap before GC invocations=17 (full 0):
 garbage-first heap   total 89088K, used 64777K [0x00000000a0c00000, 0x0000000100000000)
  region size 1024K, 22 young (22528K), 2 survivors (2048K)
 Metaspace       used 34167K, committed 34496K, reserved 1081344K
  class space    used 4433K, committed 4608K, reserved 1048576K
}

Deoptimization events (18 events):
Event: 1.232 Thread 0x0000025c082395c0 DEOPT PACKING pc=0x0000025c0b2e1e75 sp=0x00000099ceafd9b0
Event: 1.232 Thread 0x0000025c082395c0 DEOPT UNPACKING pc=0x0000025c0af12b43 sp=0x00000099ceafce20 mode 3
Event: 2.102 Thread 0x0000025c082395c0 DEOPT PACKING pc=0x0000025c0b400e19 sp=0x00000099ceafd220
Event: 2.102 Thread 0x0000025c082395c0 DEOPT UNPACKING pc=0x0000025c0af12b43 sp=0x00000099ceafc700 mode 3
Event: 2.624 Thread 0x0000025c082395c0 DEOPT PACKING pc=0x0000025c0b4cab75 sp=0x00000099ceafcef0
Event: 2.624 Thread 0x0000025c082395c0 DEOPT UNPACKING pc=0x0000025c0af12b43 sp=0x00000099ceafc360 mode 3
Event: 3.490 Thread 0x0000025c082395c0 DEOPT PACKING pc=0x0000025c0b56e119 sp=0x00000099ceafc790
Event: 3.490 Thread 0x0000025c082395c0 DEOPT UNPACKING pc=0x0000025c0af12b43 sp=0x00000099ceafbc70 mode 3
Event: 3.621 Thread 0x0000025c16ab8600 DEOPT PACKING pc=0x0000025c0b5c44ab sp=0x00000099d05fe2d0
Event: 3.621 Thread 0x0000025c16ab8600 DEOPT UNPACKING pc=0x0000025c0af12b43 sp=0x00000099d05fd818 mode 3
Event: 3.987 Thread 0x0000025c16d60450 DEOPT PACKING pc=0x0000025c0b3ffc81 sp=0x00000099d13ff0b0
Event: 3.987 Thread 0x0000025c16d60450 DEOPT UNPACKING pc=0x0000025c0af12b43 sp=0x00000099d13fe540 mode 3
Event: 3.987 Thread 0x0000025c16d60450 DEOPT PACKING pc=0x0000025c0b3f9d97 sp=0x00000099d13ff2b0
Event: 3.987 Thread 0x0000025c16d5e2a0 DEOPT PACKING pc=0x0000025c0b3f9d97 sp=0x00000099d16fef80
Event: 3.987 Thread 0x0000025c16d60450 DEOPT UNPACKING pc=0x0000025c0af12b43 sp=0x00000099d13fe708 mode 3
Event: 3.987 Thread 0x0000025c16d5e2a0 DEOPT UNPACKING pc=0x0000025c0af12b43 sp=0x00000099d16fe3d8 mode 3
Event: 4.136 Thread 0x0000025c16d5ff80 DEOPT PACKING pc=0x0000025c0b6ff035 sp=0x00000099d19fdc50
Event: 4.136 Thread 0x0000025c16d5ff80 DEOPT UNPACKING pc=0x0000025c0af12b43 sp=0x00000099d19fd178 mode 3

Classes unloaded (0 events):
No events

Classes redefined (0 events):
No events

Internal exceptions (20 events):
Event: 4.690 Thread 0x0000025c16b8d840 Exception <a 'sun/nio/fs/WindowsException'{0x00000000a6b699f0}> (0x00000000a6b699f0) 
thrown [e:\jenkins\tmp\workspace\build\src\src\hotspot\share\prims\jni.cpp, line 516]
Event: 4.690 Thread 0x0000025c16b8d840 Exception <a 'sun/nio/fs/WindowsException'{0x00000000a60ff000}> (0x00000000a60ff000) 
thrown [e:\jenkins\tmp\workspace\build\src\src\hotspot\share\prims\jni.cpp, line 516]
Event: 4.694 Thread 0x0000025c16d5aac0 Exception <a 'sun/nio/fs/WindowsException'{0x00000000a5dab298}> (0x00000000a5dab298) 
thrown [e:\jenkins\tmp\workspace\build\src\src\hotspot\share\prims\jni.cpp, line 516]
Event: 4.694 Thread 0x0000025c16d5aac0 Exception <a 'sun/nio/fs/WindowsException'{0x00000000a5dab658}> (0x00000000a5dab658) 
thrown [e:\jenkins\tmp\workspace\build\src\src\hotspot\share\prims\jni.cpp, line 516]
Event: 4.699 Thread 0x0000025c16d5e770 Exception <a 'sun/nio/fs/WindowsException'{0x00000000a5aa32f0}> (0x00000000a5aa32f0) 
thrown [e:\jenkins\tmp\workspace\build\src\src\hotspot\share\prims\jni.cpp, line 516]
Event: 4.700 Thread 0x0000025c16d5e770 Exception <a 'sun/nio/fs/WindowsException'{0x00000000a5aa3700}> (0x00000000a5aa3700) 
thrown [e:\jenkins\tmp\workspace\build\src\src\hotspot\share\prims\jni.cpp, line 516]
Event: 4.700 Thread 0x0000025c16d5fab0 Exception <a 'sun/nio/fs/WindowsException'{0x00000000a59ed8c8}> (0x00000000a59ed8c8) 
thrown [e:\jenkins\tmp\workspace\build\src\src\hotspot\share\prims\jni.cpp, line 516]
Event: 4.700 Thread 0x0000025c16d5fab0 Exception <a 'sun/nio/fs/WindowsException'{0x00000000a59edd00}> (0x00000000a59edd00) 
thrown [e:\jenkins\tmp\workspace\build\src\src\hotspot\share\prims\jni.cpp, line 516]
Event: 4.709 Thread 0x0000025c16d5e770 Exception <a 'sun/nio/fs/WindowsException'{0x00000000a5150c50}> (0x00000000a5150c50) 
thrown [e:\jenkins\tmp\workspace\build\src\src\hotspot\share\prims\jni.cpp, line 516]
Event: 4.709 Thread 0x0000025c16d60450 Exception <a 'sun/nio/fs/WindowsException'{0x00000000a51ca2c8}> (0x00000000a51ca2c8) 
thrown [e:\jenkins\tmp\workspace\build\src\src\hotspot\share\prims\jni.cpp, line 516]
Event: 4.709 Thread 0x0000025c16d5e770 Exception <a 'sun/nio/fs/WindowsException'{0x00000000a51ec0b8}> (0x00000000a51ec0b8) 
thrown [e:\jenkins\tmp\workspace\build\src\src\hotspot\share\prims\jni.cpp, line 516]
Event: 4.709 Thread 0x0000025c16d60450 Exception <a 'sun/nio/fs/WindowsException'{0x00000000a51ca748}> (0x00000000a51ca748) 
thrown [e:\jenkins\tmp\workspace\build\src\src\hotspot\share\prims\jni.cpp, line 516]
Event: 4.721 Thread 0x0000025c16d61790 Exception <a 'sun/nio/fs/WindowsException'{0x00000000a61fd608}> (0x00000000a61fd608) 
thrown [e:\jenkins\tmp\workspace\build\src\src\hotspot\share\prims\jni.cpp, line 516]
Event: 4.721 Thread 0x0000025c16d61790 Exception <a 'sun/nio/fs/WindowsException'{0x00000000a61fda28}> (0x00000000a61fda28) 
thrown [e:\jenkins\tmp\workspace\build\src\src\hotspot\share\prims\jni.cpp, line 516]
Event: 4.722 Thread 0x0000025c16b8d840 Exception <a 'sun/nio/fs/WindowsException'{0x00000000a5f38a80}> (0x00000000a5f38a80) 
thrown [e:\jenkins\tmp\workspace\build\src\src\hotspot\share\prims\jni.cpp, line 516]
Event: 4.722 Thread 0x0000025c16b8d840 Exception <a 'sun/nio/fs/WindowsException'{0x00000000a5f38ec0}> (0x00000000a5f38ec0) 
thrown [e:\jenkins\tmp\workspace\build\src\src\hotspot\share\prims\jni.cpp, line 516]
Event: 4.727 Thread 0x0000025c16d60450 Exception <a 'sun/nio/fs/WindowsException'{0x00000000a5bb9810}> (0x00000000a5bb9810) 
thrown [e:\jenkins\tmp\workspace\build\src\src\hotspot\share\prims\jni.cpp, line 516]
Event: 4.727 Thread 0x0000025c16d60450 Exception <a 'sun/nio/fs/WindowsException'{0x00000000a5bb9c70}> (0x00000000a5bb9c70) 
thrown [e:\jenkins\tmp\workspace\build\src\src\hotspot\share\prims\jni.cpp, line 516]
Event: 4.734 Thread 0x0000025c16b8d840 Exception <a 'sun/nio/fs/WindowsException'{0x00000000a565b480}> (0x00000000a565b480) 
thrown [e:\jenkins\tmp\workspace\build\src\src\hotspot\share\prims\jni.cpp, line 516]
Event: 4.734 Thread 0x0000025c16b8d840 Exception <a 'sun/nio/fs/WindowsException'{0x00000000a565b8c0}> (0x00000000a565b8c0) 
thrown [e:\jenkins\tmp\workspace\build\src\src\hotspot\share\prims\jni.cpp, line 516]

VM Operations (20 events):
Event: 4.655 Executing VM operation: ICBufferFull done
Event: 4.656 Executing VM operation: ICBufferFull
Event: 4.657 Executing VM operation: ICBufferFull done
Event: 4.658 Executing VM operation: ICBufferFull
Event: 4.659 Executing VM operation: ICBufferFull done
Event: 4.663 Executing VM operation: HandshakeAllThreads
Event: 4.663 Executing VM operation: HandshakeAllThreads done
Event: 4.664 Executing VM operation: HandshakeAllThreads
Event: 4.664 Executing VM operation: HandshakeAllThreads done
Event: 4.664 Executing VM operation: HandshakeAllThreads
Event: 4.664 Executing VM operation: HandshakeAllThreads done
Event: 4.671 Executing VM operation: G1CollectForAllocation
Event: 4.683 Executing VM operation: G1CollectForAllocation done
Event: 4.710 Executing VM operation: G1CollectForAllocation
Event: 4.710 Executing VM operation: G1CollectForAllocation done
Event: 4.710 Executing VM operation: G1CollectForAllocation
Event: 4.718 Executing VM operation: G1CollectForAllocation done
Event: 4.742 Executing VM operation: G1CollectForAllocation
Event: 4.742 Executing VM operation: G1CollectForAllocation done
Event: 4.742 Executing VM operation: G1CollectForAllocation

Events (20 events):
Event: 4.176 loading class java/util/concurrent/atomic/AtomicLongFieldUpdater$CASUpdater done
Event: 4.176 loading class java/util/concurrent/atomic/AtomicLongFieldUpdater$CASUpdater$1
Event: 4.176 loading class java/util/concurrent/atomic/AtomicLongFieldUpdater$CASUpdater$1 done
Event: 4.182 loading class java/util/logging/LogRecord
Event: 4.182 loading class java/util/logging/LogRecord done
Event: 4.184 loading class java/io/PrintWriter
Event: 4.184 loading class java/io/PrintWriter done
Event: 4.281 Thread 0x0000025c16d60920 Thread added: 0x0000025c16d60920
Event: 4.285 loading class java/util/concurrent/CompletionException
Event: 4.285 loading class java/util/concurrent/CompletionException done
Event: 4.294 loading class sun/nio/cs/StringUTF16
Event: 4.294 loading class sun/nio/cs/StringUTF16 done
Event: 4.296 loading class java/util/WeakHashMap$EntrySet
Event: 4.296 loading class java/util/WeakHashMap$EntrySet done
Event: 4.296 loading class java/util/WeakHashMap$EntryIterator
Event: 4.296 loading class java/util/WeakHashMap$HashIterator
Event: 4.296 loading class java/util/WeakHashMap$HashIterator done
Event: 4.296 loading class java/util/WeakHashMap$EntryIterator done
Event: 4.599 loading class sun/nio/fs/WindowsChannelFactory$2
Event: 4.599 loading class sun/nio/fs/WindowsChannelFactory$2 done


Dynamic libraries:
0x00007ff77d620000 - 0x00007ff77d62e000 	c:\Users\ASUS\.vscode\extensions\redhat.java-1.8.0-win32-x64\jre\17.0.3-win32-x86_64\bin\java.exe
0x00007ffff9350000 - 0x00007ffff9547000 	C:\Windows\SYSTEM32\ntdll.dll
0x00007ffff75c0000 - 0x00007ffff767d000 	C:\Windows\System32\KERNEL32.DLL
0x00007ffff6c40000 - 0x00007ffff6f0d000 	C:\Windows\System32\KERNELBASE.dll
0x00007ffff6fc0000 - 0x00007ffff70c0000 	C:\Windows\System32\ucrtbase.dll
0x00007fffd31e0000 - 0x00007fffd31f8000 	c:\Users\ASUS\.vscode\extensions\redhat.java-1.8.0-win32-x64\jre\17.0.3-win32-x86_64\bin\jli.dll
0x00007fffd3be0000 - 0x00007fffd3bf9000 	c:\Users\ASUS\.vscode\extensions\redhat.java-1.8.0-win32-x64\jre\17.0.3-win32-x86_64\bin\VCRUNTIME140.dll
0x00007fffe69c0000 - 0x00007fffe6c5a000 	C:\Windows\WinSxS\amd64_microsoft.windows.common-controls_6595b64144ccf1df_6.0.19041.1110_none_60b5254171f9507e\COMCTL32.dll
0x00007ffff7b20000 - 0x00007ffff7cc0000 	C:\Windows\System32\USER32.dll
0x00007ffff7510000 - 0x00007ffff75ae000 	C:\Windows\System32\msvcrt.dll
0x00007ffff6f40000 - 0x00007ffff6f62000 	C:\Windows\System32\win32u.dll
0x00007ffff74e0000 - 0x00007ffff750a000 	C:\Windows\System32\GDI32.dll
0x00007ffff7150000 - 0x00007ffff725b000 	C:\Windows\System32\gdi32full.dll
0x00007ffff7310000 - 0x00007ffff73ad000 	C:\Windows\System32\msvcp_win.dll
0x00007ffff7940000 - 0x00007ffff7970000 	C:\Windows\System32\IMM32.DLL
0x00007fffd3bd0000 - 0x00007fffd3bdc000 	c:\Users\ASUS\.vscode\extensions\redhat.java-1.8.0-win32-x64\jre\17.0.3-win32-x86_64\bin\vcruntime140_1.dll
0x00007fff8a7a0000 - 0x00007fff8a831000 	c:\Users\ASUS\.vscode\extensions\redhat.java-1.8.0-win32-x64\jre\17.0.3-win32-x86_64\bin\msvcp140.dll
0x00007fff80240000 - 0x00007fff80e88000 	c:\Users\ASUS\.vscode\extensions\redhat.java-1.8.0-win32-x64\jre\17.0.3-win32-x86_64\bin\server\jvm.dll
0x00007ffff8f20000 - 0x00007ffff8fce000 	C:\Windows\System32\ADVAPI32.dll
0x00007ffff89f0000 - 0x00007ffff8a8c000 	C:\Windows\System32\sechost.dll
0x00007ffff9030000 - 0x00007ffff9155000 	C:\Windows\System32\RPCRT4.dll
0x00007ffff75b0000 - 0x00007ffff75b8000 	C:\Windows\System32\PSAPI.DLL
0x00007fffeed10000 - 0x00007fffeed37000 	C:\Windows\SYSTEM32\WINMM.dll
0x00007ffff1e20000 - 0x00007ffff1e29000 	C:\Windows\SYSTEM32\WSOCK32.dll
0x00007fffeef90000 - 0x00007fffeef9a000 	C:\Windows\SYSTEM32\VERSION.dll
0x00007ffff7aa0000 - 0x00007ffff7b0b000 	C:\Windows\System32\WS2_32.dll
0x00007ffff4b50000 - 0x00007ffff4b62000 	C:\Windows\SYSTEM32\kernel.appcore.dll
0x00007fffd31b0000 - 0x00007fffd31ba000 	c:\Users\ASUS\.vscode\extensions\redhat.java-1.8.0-win32-x64\jre\17.0.3-win32-x86_64\bin\jimage.dll
0x00007ffff45b0000 - 0x00007ffff4794000 	C:\Windows\SYSTEM32\DBGHELP.DLL
0x00007ffff1fa0000 - 0x00007ffff1fcc000 	C:\Windows\SYSTEM32\dbgcore.DLL
0x00007ffff70c0000 - 0x00007ffff7142000 	C:\Windows\System32\bcryptPrimitives.dll
0x00007fffcfa20000 - 0x00007fffcfa45000 	c:\Users\ASUS\.vscode\extensions\redhat.java-1.8.0-win32-x64\jre\17.0.3-win32-x86_64\bin\java.dll
0x00007fffcfa00000 - 0x00007fffcfa18000 	c:\Users\ASUS\.vscode\extensions\redhat.java-1.8.0-win32-x64\jre\17.0.3-win32-x86_64\bin\zip.dll
0x00007ffff82a0000 - 0x00007ffff89e4000 	C:\Windows\System32\SHELL32.dll
0x00007ffff4b70000 - 0x00007ffff5304000 	C:\Windows\SYSTEM32\windows.storage.dll
0x00007ffff7f40000 - 0x00007ffff8294000 	C:\Windows\System32\combase.dll
0x00007ffff64d0000 - 0x00007ffff64fc000 	C:\Windows\SYSTEM32\Wldp.dll
0x00007ffff7970000 - 0x00007ffff7a1d000 	C:\Windows\System32\SHCORE.dll
0x00007ffff7680000 - 0x00007ffff76d5000 	C:\Windows\System32\shlwapi.dll
0x00007ffff69b0000 - 0x00007ffff69cf000 	C:\Windows\SYSTEM32\profapi.dll
0x00007fffcf7c0000 - 0x00007fffcf7d9000 	C:\Users\ASUS\.vscode\extensions\redhat.java-1.8.0-win32-x64\jre\17.0.3-win32-x86_64\bin\net.dll
0x00007fffeab90000 - 0x00007fffeac9a000 	C:\Windows\SYSTEM32\WINHTTP.dll
0x00007ffff6230000 - 0x00007ffff629a000 	C:\Windows\system32\mswsock.dll
0x00007fffcf7a0000 - 0x00007fffcf7b5000 	C:\Users\ASUS\.vscode\extensions\redhat.java-1.8.0-win32-x64\jre\17.0.3-win32-x86_64\bin\nio.dll
0x00007fffacda0000 - 0x00007fffacdb0000 	c:\Users\ASUS\.vscode\extensions\redhat.java-1.8.0-win32-x64\jre\17.0.3-win32-x86_64\bin\verify.dll
0x00007fffe9480000 - 0x00007fffe9489000 	C:\Users\ASUS\.vscode\extensions\redhat.java-1.8.0-win32-x64\jre\17.0.3-win32-x86_64\bin\management.dll
0x00007fffe2c60000 - 0x00007fffe2c6b000 	C:\Users\ASUS\.vscode\extensions\redhat.java-1.8.0-win32-x64\jre\17.0.3-win32-x86_64\bin\management_ext.dll
0x00007fffe5930000 - 0x00007fffe5947000 	C:\Windows\system32\napinsp.dll
0x00007fffe5910000 - 0x00007fffe592b000 	C:\Windows\system32\pnrpnsp.dll
0x00007fffe5890000 - 0x00007fffe58a5000 	C:\Windows\system32\wshbth.dll
0x00007ffff1970000 - 0x00007ffff198d000 	C:\Windows\system32\NLAapi.dll
0x00007ffff5eb0000 - 0x00007ffff5eeb000 	C:\Windows\SYSTEM32\IPHLPAPI.DLL
0x00007ffff5ef0000 - 0x00007ffff5fbb000 	C:\Windows\SYSTEM32\DNSAPI.dll
0x00007ffff7b10000 - 0x00007ffff7b18000 	C:\Windows\System32\NSI.dll
0x00007fffe5870000 - 0x00007fffe5882000 	C:\Windows\System32\winrnr.dll
0x00007fffeaaf0000 - 0x00007fffeaafa000 	C:\Windows\System32\rasadhlp.dll
0x00007fffeab10000 - 0x00007fffeab90000 	C:\Windows\System32\fwpuclnt.dll
0x00007ffff6f10000 - 0x00007ffff6f37000 	C:\Windows\System32\bcrypt.dll
0x00007ffff6430000 - 0x00007ffff6448000 	C:\Windows\SYSTEM32\CRYPTSP.dll
0x00007ffff5b40000 - 0x00007ffff5b74000 	C:\Windows\system32\rsaenh.dll
0x00007ffff6970000 - 0x00007ffff699e000 	C:\Windows\SYSTEM32\USERENV.dll
0x00007ffff6420000 - 0x00007ffff642c000 	C:\Windows\SYSTEM32\CRYPTBASE.dll
0x00007fffedc00000 - 0x00007fffedc17000 	C:\Windows\SYSTEM32\dhcpcsvc6.DLL
0x00007fffeef70000 - 0x00007fffeef8d000 	C:\Windows\SYSTEM32\dhcpcsvc.DLL

dbghelp: loaded successfully - version: 4.0.5 - missing functions: none
symbol engine: initialized successfully - sym options: 0x614 - pdb path: .;c:\Users\ASUS\.vscode\extensions\redhat.java-1.8.0-win32-x64\jre\17.0.3-win32-x86_64\bin;C:\Windows\SYSTEM32;C:\Windows\WinSxS\amd64_microsoft.windows.common-controls_6595b64144ccf1df_6.0.19041.1110_none_60b5254171f9507e;c:\Users\ASUS\.vscode\extensions\redhat.java-1.8.0-win32-x64\jre\17.0.3-win32-x86_64\bin\server

VM Arguments:
jvm_args: --add-modules=ALL-SYSTEM --add-exports=jdk.compiler/com.sun.tools.javac.file=ALL-UNNAMED --add-exports=jdk.compiler/com.sun.tools.javac.util=ALL-UNNAMED --add-exports=jdk.compiler/com.sun.tools.javac.comp=ALL-UNNAMED --add-exports=jdk.compiler/com.sun.tools.javac.main=ALL-UNNAMED --add-exports=jdk.compiler/com.sun.tools.javac.tree=ALL-UNNAMED --add-exports=jdk.compiler/com.sun.tools.javac.code=ALL-UNNAMED -Dsts.lsp.client=vscode -Dsts.log.file=/dev/null -XX:TieredStopAtLevel=1 -Dspring.config.location=file:c:\Users\ASUS\.vscode\extensions\pivotal.vscode-spring-boot-1.36.0\language-server\BOOT-INF\classes\application.properties 
java_command: org.springframework.ide.vscode.boot.app.BootLanguageServerBootApp
java_class_path (initial): c:\Users\ASUS\.vscode\extensions\pivotal.vscode-spring-boot-1.36.0\language-server\BOOT-INF\classes;c:\Users\ASUS\.vscode\extensions\pivotal.vscode-spring-boot-1.36.0\language-server\BOOT-INF\lib\annotations-23.0.0.jar;c:\Users\ASUS\.vscode\extensions\pivotal.vscode-spring-boot-1.36.0\language-server\BOOT-INF\lib\antlr-runtime-3.5.2.jar;c:\Users\ASUS\.vscode\extensions\pivotal.vscode-spring-boot-1.36.0\language-server\BOOT-INF\lib\antlr4-4.9.3.jar;c:\Users\ASUS\.vscode\extensions\pivotal.vscode-spring-boot-1.36.0\language-server\BOOT-INF\lib\antlr4-runtime-4.9.3.jar;c:\Users\ASUS\.vscode\extensions\pivotal.vscode-spring-boot-1.36.0\language-server\BOOT-INF\lib\asm-9.3.jar;c:\Users\ASUS\.vscode\extensions\pivotal.vscode-spring-boot-1.36.0\language-server\BOOT-INF\lib\asm-analysis-9.3.jar;c:\Users\ASUS\.vscode\extensions\pivotal.vscode-spring-boot-1.36.0\language-server\BOOT-INF\lib\asm-tree-9.3.jar;c:\Users\ASUS\.vscode\extensions\pivotal.vscode-spring-boot-1.36.0\language-server\BOOT-INF\lib\asm-util-9.3.jar;c:\Users\ASUS\.vscode\extensions\pivotal.vscode-spring-boot-1.36.0\language-server\BOOT-INF\lib\byte-buddy-1.10.18.jar;c:\Users\ASUS\.vscode\extensions\pivotal.vscode-spring-boot-1.36.0\language-server\BOOT-INF\lib\caffeine-2.8.6.jar;c:\Users\ASUS\.vscode\extensions\pivotal.vscode-spring-boot-1.36.0\language-server\BOOT-INF\lib\checker-qual-3.12.0.jar;c:\Users\ASUS\.vscode\extensions\pivotal.vscode-spring-boot-1.36.0\language-server\BOOT-INF\lib\classgraph-4.8.146.jar;c:\Users\ASUS\.vscode\extensions\pivotal.vscode-spring-boot-1.36.0\language-server\BOOT-INF\lib\commons-codec-1.14.jar;c:\Users\ASUS\.vscode\extensions\pivotal.vscode-spring-boot-1.36.0\language-server\BOOT-INF\lib\commons-compress-1.21.jar;c:\Users\ASUS\.vscode\extensions\pivotal.vscode-spring-boot-1.36.0\language-server\BOOT-INF\lib\commons-exec-1.3.jar;c:\Users\ASUS\.vscode\extensions\pivotal.vscode-spring-boot-1.36.0\language-server\BOOT-INF\lib\commons-io-2.4.jar;c
Launcher Type: SUN_STANDARD

[Global flags]
     intx CICompilerCount                          = 4                                         {product} {ergonomic}
     uint ConcGCThreads                            = 2                                         {product} {ergonomic}
     uint G1ConcRefinementThreads                  = 8                                         {product} {ergonomic}
   size_t G1HeapRegionSize                         = 1048576                                   {product} {ergonomic}
    uintx GCDrainStackTargetSize                   = 64                                        {product} {ergonomic}
   size_t InitialHeapSize                          = 100663296                                 {product} {ergonomic}
   size_t MarkStackSize                            = 4194304                                   {product} {ergonomic}
   size_t MaxHeapSize                              = 1598029824                                {product} {ergonomic}
   size_t MaxNewSize                               = 958398464                                 {product} {ergonomic}
   size_t MinHeapDeltaBytes                        = 1048576                                   {product} {ergonomic}
   size_t MinHeapSize                              = 8388608                                   {product} {ergonomic}
    uintx NonProfiledCodeHeapSize                  = 0                                      {pd product} {ergonomic}
     bool ProfileInterpreter                       = false                                  {pd product} {command line}
    uintx ProfiledCodeHeapSize                     = 0                                      {pd product} {ergonomic}
   size_t SoftMaxHeapSize                          = 1598029824                             {manageable} {ergonomic}
     intx TieredStopAtLevel                        = 1                                         {product} {command line}
     bool UseCompressedClassPointers               = true                           {product lp64_product} {ergonomic}
     bool UseCompressedOops                        = true                           {product lp64_product} {ergonomic}
     bool UseG1GC                                  = true                                      {product} {ergonomic}
     bool UseLargePagesIndividualAllocation        = false                                  {pd product} {ergonomic}

Logging:
Log output configuration:
 #0: stdout all=warning uptime,level,tags
 #1: stderr all=off uptime,level,tags

Environment Variables:
JAVA_HOME=C:\Program Files\Java\jdk-11.0.12
PATH=C:\Windows\system32;C:\Windows;C:\Windows\System32\Wbem;C:\Windows\System32\WindowsPowerShell\v1.0\;C:\Windows\System32\OpenSSH\;C:\Program Files\Java\jdk-11.0.12\bin;C:\Program Files\Git\cmd;C:\Program Files\nodejs\;C:\Program Files\PuTTY\;C:\Program Files\IBM\SPSS\Statistics\25\JRE\bin;C:\ProgramData\ComposerSetup\bin;C:\php-8.1.2-Win32-vs16-x64;C:\gradle-7.4\bin;C:\cygnus\cygwin-b20\H-i586-cygwin32\bin;C:\flutter\bin;C:\Users\ASUS\AppData\Local\Programs\Python\Python39\Scripts\;C:\Users\ASUS\AppData\Local\Programs\Python\Python39\;C:\Users\ASUS\AppData\Local\Microsoft\WindowsApps;C:\Users\ASUS\AppData\Local\Programs\Microsoft VS Code\bin;C:\Users\ASUS\AppData\Roaming\npm;C:\Users\ASUS\AppData\Roaming\Composer\vendor\bin;
USERNAME=ASUS
OS=Windows_NT
PROCESSOR_IDENTIFIER=AMD64 Family 23 Model 24 Stepping 1, AuthenticAMD



---------------  S Y S T E M  ---------------

OS:
 Windows 10 , 64 bit Build 19041 (10.0.19041.1741)
OS uptime: 0 days 3:29 hours

CPU: total 8 (initial active 8) (8 cores per cpu, 2 threads per core) family 23 model 24 stepping 1 microcode 0x0, cx8, cmov, fxsr, ht, mmx, 3dnowpref, sse, sse2, sse3, ssse3, sse4a, sse4.1, sse4.2, popcnt, lzcnt, tsc, tscinvbit, avx, avx2, aes, clmul, bmi1, bmi2, adx, sha, fma, vzeroupper, clflush, clflushopt

Memory: 4k page, system-wide physical 6091M (421M free)
TotalPageFile size 24523M (AvailPageFile size 68M)
current process WorkingSet (physical memory assigned to process): 180M, peak: 180M
current process commit charge ("private bytes"): 232M, peak: 312M

vm_info: OpenJDK 64-Bit Server VM (17.0.3+7) for windows-amd64 JRE (17.0.3+7), built on Apr 19 2022 16:55:35 by "" with MS VC++ 16.7 (VS2019)

END.
