#
# There is insufficient memory for the Java Runtime Environment to continue.
# Native memory allocation (mmap) failed to map 109051904 bytes for G1 virtual space
# Possible reasons:
#   The system is out of physical RAM or swap space
#   The process is running with CompressedOops enabled, and the Java Heap may be blocking the growth of the native heap
# Possible solutions:
#   Reduce memory load on the system
#   Increase physical memory or swap space
#   Check if swap backing store is full
#   Decrease Java heap size (-Xmx/-Xms)
#   Decrease number of Java threads
#   Decrease Java thread stack sizes (-Xss)
#   Set larger code cache with -XX:ReservedCodeCacheSize=
#   JVM is running with Unscaled Compressed Oops mode in which the Java heap is
#     placed in the first 4GB address space. The Java Heap base address is the
#     maximum limit for the native heap growth. Please use -XX:HeapBaseMinAddress
#     to set the Java Heap base and to place the Java Heap above 4GB virtual address.
# This output file may be truncated or incomplete.
#
#  Out of Memory Error (os_windows.cpp:3535), pid=18128, tid=13188
#
# JRE version: OpenJDK Runtime Environment Temurin-17.0.3+7 (17.0.3+7) (build 17.0.3+7)
# Java VM: OpenJDK 64-Bit Server VM Temurin-17.0.3+7 (17.0.3+7, mixed mode, emulated-client, tiered, compressed oops, compressed class ptrs, g1 gc, windows-amd64)
# No core dump will be written. Minidumps are not enabled by default on client versions of Windows
#

---------------  S U M M A R Y ------------

Command Line: --add-modules=ALL-SYSTEM --add-exports=jdk.compiler/com.sun.tools.javac.file=ALL-UNNAMED --add-exports=jdk.compiler/com.sun.tools.javac.util=ALL-UNNAMED --add-exports=jdk.compiler/com.sun.tools.javac.comp=ALL-UNNAMED --add-exports=jdk.compiler/com.sun.tools.javac.main=ALL-UNNAMED --add-exports=jdk.compiler/com.sun.tools.javac.tree=ALL-UNNAMED --add-exports=jdk.compiler/com.sun.tools.javac.code=ALL-UNNAMED -Dsts.lsp.client=vscode -Dsts.log.file=/dev/null -XX:TieredStopAtLevel=1 -Dspring.config.location=file:c:\Users\ASUS\.vscode\extensions\pivotal.vscode-spring-boot-1.36.0\language-server\BOOT-INF\classes\application.properties org.springframework.ide.vscode.boot.app.BootLanguageServerBootApp

Host: AMD Ryzen 5 3500U with Radeon Vega Mobile Gfx  , 8 cores, 5G,  Windows 10 , 64 bit Build 19041 (10.0.19041.1741)
Time: Wed Jul 20 12:15:41 2022 SE Asia Standard Time elapsed time: 5.118936 seconds (0d 0h 0m 5s)

---------------  T H R E A D  ---------------

Current thread (0x000001a2d1503f90):  VMThread "VM Thread" [stack: 0x0000001c0ee00000,0x0000001c0ef00000] [id=13188]

Stack: [0x0000001c0ee00000,0x0000001c0ef00000]
Native frames: (J=compiled Java code, j=interpreted, Vv=VM code, C=native code)
V  [jvm.dll+0x675efa]
V  [jvm.dll+0x830a24]
V  [jvm.dll+0x8321ce]
V  [jvm.dll+0x832833]
V  [jvm.dll+0x2454b5]
V  [jvm.dll+0x672de9]
V  [jvm.dll+0x667732]
V  [jvm.dll+0x3043ab]
V  [jvm.dll+0x30b8f6]
V  [jvm.dll+0x35b62e]
V  [jvm.dll+0x35b85f]
V  [jvm.dll+0x2db248]
V  [jvm.dll+0x2d94fc]
V  [jvm.dll+0x2d8acc]
V  [jvm.dll+0x31ca2b]
V  [jvm.dll+0x836cdb]
V  [jvm.dll+0x837a14]
V  [jvm.dll+0x837f2c]
V  [jvm.dll+0x838304]
V  [jvm.dll+0x8383d0]
V  [jvm.dll+0x7e0cfa]
V  [jvm.dll+0x674d85]
C  [ucrtbase.dll+0x21bb2]
C  [KERNEL32.DLL+0x17034]
C  [ntdll.dll+0x52651]

VM_Operation (0x0000001c10afe370): G1CollectForAllocation, mode: safepoint, requested by thread 0x000001a2d3d848c0


---------------  P R O C E S S  ---------------

Threads class SMR info:
_java_thread_list=0x000001a2d5ec7b70, length=34, elements={
0x000001a2d15021c0, 0x000001a2d1518140, 0x000001a2d1540a30, 0x000001a2d1544470,
0x000001a2d1544d30, 0x000001a2d15455f0, 0x000001a2d1545f60, 0x000001a2d1565aa0,
0x000001a2d156e320, 0x000001a2d14a2bd0, 0x000001a2d22397b0, 0x000001a2d2b5e560,
0x000001a2d3a41980, 0x000001a2d3c82da0, 0x000001a2d3c7f440, 0x000001a2d3cba250,
0x000001a2c539a1e0, 0x000001a2d3d6e690, 0x000001a2d3d833e0, 0x000001a2d3d848c0,
0x000001a2d3d86df0, 0x000001a2d3d872c0, 0x000001a2d3d99c20, 0x000001a2d3d96c00,
0x000001a2d3d97f40, 0x000001a2d3d970d0, 0x000001a2d3d99750, 0x000001a2d3d98410,
0x000001a2d3d988e0, 0x000001a2d3d98db0, 0x000001a2d3d975a0, 0x000001a2d3d9a0f0,
0x000001a2d3d97a70, 0x000001a2d3d99280
}

Java Threads: ( => current thread )
  0x000001a2d15021c0 JavaThread "Reference Handler" daemon [_thread_blocked, id=17628, stack(0x0000001c0ef00000,0x0000001c0f000000)]
  0x000001a2d1518140 JavaThread "Finalizer" daemon [_thread_blocked, id=5776, stack(0x0000001c0f000000,0x0000001c0f100000)]
  0x000001a2d1540a30 JavaThread "Signal Dispatcher" daemon [_thread_blocked, id=17336, stack(0x0000001c0f100000,0x0000001c0f200000)]
  0x000001a2d1544470 JavaThread "Attach Listener" daemon [_thread_blocked, id=14488, stack(0x0000001c0f200000,0x0000001c0f300000)]
  0x000001a2d1544d30 JavaThread "Service Thread" daemon [_thread_blocked, id=13792, stack(0x0000001c0f300000,0x0000001c0f400000)]
  0x000001a2d15455f0 JavaThread "Monitor Deflation Thread" daemon [_thread_blocked, id=7800, stack(0x0000001c0f400000,0x0000001c0f500000)]
  0x000001a2d1545f60 JavaThread "C1 CompilerThread0" daemon [_thread_blocked, id=7268, stack(0x0000001c0f500000,0x0000001c0f600000)]
  0x000001a2d1565aa0 JavaThread "Sweeper thread" daemon [_thread_blocked, id=3996, stack(0x0000001c0f600000,0x0000001c0f700000)]
  0x000001a2d156e320 JavaThread "C1 CompilerThread1" daemon [_thread_blocked, id=4584, stack(0x0000001c0f700000,0x0000001c0f800000)]
  0x000001a2d14a2bd0 JavaThread "Common-Cleaner" daemon [_thread_blocked, id=4740, stack(0x0000001c0f800000,0x0000001c0f900000)]
  0x000001a2d22397b0 JavaThread "Notification Thread" daemon [_thread_blocked, id=11868, stack(0x0000001c0f900000,0x0000001c0fa00000)]
  0x000001a2d2b5e560 JavaThread "C1 CompilerThread2" daemon [_thread_blocked, id=16764, stack(0x0000001c0fb00000,0x0000001c0fc00000)]
  0x000001a2d3a41980 JavaThread "C1 CompilerThread3" daemon [_thread_blocked, id=2340, stack(0x0000001c10200000,0x0000001c10300000)]
  0x000001a2d3c82da0 JavaThread "ForkJoinPool.commonPool-worker-1" daemon [_thread_blocked, id=1232, stack(0x0000001c10500000,0x0000001c10600000)]
  0x000001a2d3c7f440 JavaThread "pool-7-thread-1" [_thread_blocked, id=16908, stack(0x0000001c10600000,0x0000001c10700000)]
  0x000001a2d3cba250 JavaThread "LanguageServerApp-lifecycle" [_thread_blocked, id=16820, stack(0x0000001c10700000,0x0000001c10800000)]
  0x000001a2c539a1e0 JavaThread "DestroyJavaVM" [_thread_blocked, id=10440, stack(0x0000001c0e800000,0x0000001c0e900000)]
  0x000001a2d3d6e690 JavaThread "ClassGraph-worker-0" daemon [_thread_blocked, id=2428, stack(0x0000001c10800000,0x0000001c10900000)]
  0x000001a2d3d833e0 JavaThread "ClassGraph-worker-1" daemon [_thread_blocked, id=18212, stack(0x0000001c10900000,0x0000001c10a00000)]
  0x000001a2d3d848c0 JavaThread "ClassGraph-worker-2" daemon [_thread_blocked, id=14368, stack(0x0000001c10a00000,0x0000001c10b00000)]
  0x000001a2d3d86df0 JavaThread "ClassGraph-worker-3" daemon [_thread_blocked, id=11092, stack(0x0000001c10b00000,0x0000001c10c00000)]
  0x000001a2d3d872c0 JavaThread "ClassGraph-worker-4" daemon [_thread_blocked, id=8836, stack(0x0000001c10c00000,0x0000001c10d00000)]
  0x000001a2d3d99c20 JavaThread "ClassGraph-worker-5" daemon [_thread_blocked, id=14460, stack(0x0000001c10d00000,0x0000001c10e00000)]
  0x000001a2d3d96c00 JavaThread "ClassGraph-worker-6" daemon [_thread_blocked, id=15972, stack(0x0000001c10e00000,0x0000001c10f00000)]
  0x000001a2d3d97f40 JavaThread "ClassGraph-worker-7" daemon [_thread_blocked, id=4180, stack(0x0000001c10f00000,0x0000001c11000000)]
  0x000001a2d3d970d0 JavaThread "ClassGraph-worker-8" daemon [_thread_blocked, id=18308, stack(0x0000001c11000000,0x0000001c11100000)]
  0x000001a2d3d99750 JavaThread "ClassGraph-worker-9" daemon [_thread_blocked, id=17364, stack(0x0000001c11100000,0x0000001c11200000)]
  0x000001a2d3d98410 JavaThread "ClassGraph-worker-10" daemon [_thread_blocked, id=16668, stack(0x0000001c11200000,0x0000001c11300000)]
  0x000001a2d3d988e0 JavaThread "ClassGraph-worker-11" daemon [_thread_blocked, id=13164, stack(0x0000001c11300000,0x0000001c11400000)]
  0x000001a2d3d98db0 JavaThread "ClassGraph-worker-12" daemon [_thread_blocked, id=2656, stack(0x0000001c11400000,0x0000001c11500000)]
  0x000001a2d3d975a0 JavaThread "ClassGraph-worker-13" daemon [_thread_blocked, id=8512, stack(0x0000001c11500000,0x0000001c11600000)]
  0x000001a2d3d9a0f0 JavaThread "pool-8-thread-1" [_thread_in_native, id=6288, stack(0x0000001c11600000,0x0000001c11700000)]
  0x000001a2d3d97a70 JavaThread "Simple-Language-Server main thread" daemon [_thread_blocked, id=15860, stack(0x0000001c11700000,0x0000001c11800000)]
  0x000001a2d3d99280 JavaThread "parallel-1" daemon [_thread_blocked, id=16056, stack(0x0000001c11800000,0x0000001c11900000)]

Other Threads:
=>0x000001a2d1503f90 VMThread "VM Thread" [stack: 0x0000001c0ee00000,0x0000001c0ef00000] [id=13188]
  0x000001a2c53fe1c0 WatcherThread [stack: 0x0000001c0fa00000,0x0000001c0fb00000] [id=2964]
  0x000001a2c53e9570 GCTaskThread "GC Thread#0" [stack: 0x0000001c0e900000,0x0000001c0ea00000] [id=10764]
  0x000001a2d2bfec30 GCTaskThread "GC Thread#1" [stack: 0x0000001c0fc00000,0x0000001c0fd00000] [id=13208]
  0x000001a2d34456e0 GCTaskThread "GC Thread#2" [stack: 0x0000001c0fd00000,0x0000001c0fe00000] [id=13844]
  0x000001a2d3445990 GCTaskThread "GC Thread#3" [stack: 0x0000001c0fe00000,0x0000001c0ff00000] [id=5196]
  0x000001a2d3445c40 GCTaskThread "GC Thread#4" [stack: 0x0000001c0ff00000,0x0000001c10000000] [id=14020]
  0x000001a2d3445ef0 GCTaskThread "GC Thread#5" [stack: 0x0000001c10000000,0x0000001c10100000] [id=16524]
  0x000001a2d34461a0 GCTaskThread "GC Thread#6" [stack: 0x0000001c10100000,0x0000001c10200000] [id=11192]
  0x000001a2d36b1520 GCTaskThread "GC Thread#7" [stack: 0x0000001c10300000,0x0000001c10400000] [id=13924]
  0x000001a2c53f6240 ConcurrentGCThread "G1 Main Marker" [stack: 0x0000001c0ea00000,0x0000001c0eb00000] [id=16256]
  0x000001a2c53f6b60 ConcurrentGCThread "G1 Conc#0" [stack: 0x0000001c0eb00000,0x0000001c0ec00000] [id=3552]
  0x000001a2d3767e10 ConcurrentGCThread "G1 Conc#1" [stack: 0x0000001c10400000,0x0000001c10500000] [id=1920]
  0x000001a2c545e1f0 ConcurrentGCThread "G1 Refine#0" [stack: 0x0000001c0ec00000,0x0000001c0ed00000] [id=17964]
  0x000001a2c545eb20 ConcurrentGCThread "G1 Service" [stack: 0x0000001c0ed00000,0x0000001c0ee00000] [id=1596]

Threads with active compile tasks:

VM state: at safepoint (normal execution)

VM Mutex/Monitor currently owned by a thread:  ([mutex/lock_event])
[0x000001a2c31caf30] Threads_lock - owner thread: 0x000001a2d1503f90
[0x000001a2c5397570] Heap_lock - owner thread: 0x000001a2d3d848c0

Heap address: 0x00000000a0c00000, size: 1524 MB, Compressed Oops mode: 32-bit

CDS archive(s) not mapped
Compressed class space mapped at: 0x0000000100000000-0x0000000140000000, reserved size: 1073741824
Narrow klass base: 0x0000000000000000, Narrow klass shift: 3, Narrow klass range: 0x140000000

GC Precious Log:
 CPUs: 8 total, 8 available
 Memory: 6091M
 Large Page Support: Disabled
 NUMA Support: Disabled
 Compressed Oops: Enabled (32-bit)
 Heap Region Size: 1M
 Heap Min Capacity: 8M
 Heap Initial Capacity: 96M
 Heap Max Capacity: 1524M
 Pre-touch: Disabled
 Parallel Workers: 8
 Concurrent Workers: 2
 Concurrent Refinement Workers: 8
 Periodic GC: Disabled

Heap:
 garbage-first heap   total 111616K, used 46860K [0x00000000a0c00000, 0x0000000100000000)
  region size 1024K, 3 young (3072K), 3 survivors (3072K)
 Metaspace       used 34163K, committed 34560K, reserved 1081344K
  class space    used 4428K, committed 4608K, reserved 1048576K

Heap Regions: E=young(eden), S=young(survivor), O=old, HS=humongous(starts), HC=humongous(continues), CS=collection set, F=free, OA=open archive, CA=closed archive, TAMS=top-at-mark-start (previous, next)
|   0|0x00000000a0c00000, 0x00000000a0d00000, 0x00000000a0d00000|100%| O|  |TAMS 0x00000000a0d00000, 0x00000000a0c00000| Untracked 
|   1|0x00000000a0d00000, 0x00000000a0e00000, 0x00000000a0e00000|100%| O|  |TAMS 0x00000000a0e00000, 0x00000000a0d00000| Untracked 
|   2|0x00000000a0e00000, 0x00000000a0f00000, 0x00000000a0f00000|100%| O|  |TAMS 0x00000000a0f00000, 0x00000000a0e00000| Untracked 
|   3|0x00000000a0f00000, 0x00000000a1000000, 0x00000000a1000000|100%| O|  |TAMS 0x00000000a1000000, 0x00000000a0f00000| Untracked 
|   4|0x00000000a1000000, 0x00000000a1100000, 0x00000000a1100000|100%| O|  |TAMS 0x00000000a1100000, 0x00000000a1000000| Untracked 
|   5|0x00000000a1100000, 0x00000000a1200000, 0x00000000a1200000|100%| O|  |TAMS 0x00000000a1200000, 0x00000000a1100000| Untracked 
|   6|0x00000000a1200000, 0x00000000a1300000, 0x00000000a1300000|100%| O|  |TAMS 0x00000000a1300000, 0x00000000a1200000| Untracked 
|   7|0x00000000a1300000, 0x00000000a1400000, 0x00000000a1400000|100%| O|  |TAMS 0x00000000a1400000, 0x00000000a1300000| Untracked 
|   8|0x00000000a1400000, 0x00000000a1500000, 0x00000000a1500000|100%| O|  |TAMS 0x00000000a1500000, 0x00000000a1400000| Untracked 
|   9|0x00000000a1500000, 0x00000000a1600000, 0x00000000a1600000|100%| O|  |TAMS 0x00000000a1600000, 0x00000000a1500000| Untracked 
|  10|0x00000000a1600000, 0x00000000a1700000, 0x00000000a1700000|100%| O|  |TAMS 0x00000000a1700000, 0x00000000a1600000| Untracked 
|  11|0x00000000a1700000, 0x00000000a1800000, 0x00000000a1800000|100%| O|  |TAMS 0x00000000a1800000, 0x00000000a1700000| Untracked 
|  12|0x00000000a1800000, 0x00000000a1900000, 0x00000000a1900000|100%| O|  |TAMS 0x00000000a1900000, 0x00000000a1800000| Updating 
|  13|0x00000000a1900000, 0x00000000a1a00000, 0x00000000a1a00000|100%| O|  |TAMS 0x00000000a1a00000, 0x00000000a1900000| Updating 
|  14|0x00000000a1a00000, 0x00000000a1b00000, 0x00000000a1b00000|100%| O|  |TAMS 0x00000000a1b00000, 0x00000000a1a00000| Untracked 
|  15|0x00000000a1b00000, 0x00000000a1c00000, 0x00000000a1c00000|100%| O|  |TAMS 0x00000000a1c00000, 0x00000000a1b00000| Untracked 
|  16|0x00000000a1c00000, 0x00000000a1d00000, 0x00000000a1d00000|100%| O|  |TAMS 0x00000000a1d00000, 0x00000000a1c00000| Untracked 
|  17|0x00000000a1d00000, 0x00000000a1e00000, 0x00000000a1e00000|100%| O|  |TAMS 0x00000000a1e00000, 0x00000000a1d00000| Untracked 
|  18|0x00000000a1e00000, 0x00000000a1f00000, 0x00000000a1f00000|100%| O|  |TAMS 0x00000000a1f00000, 0x00000000a1e00000| Untracked 
|  19|0x00000000a1f00000, 0x00000000a2000000, 0x00000000a2000000|100%| O|  |TAMS 0x00000000a2000000, 0x00000000a1f00000| Updating 
|  20|0x00000000a2000000, 0x00000000a2100000, 0x00000000a2100000|100%| O|  |TAMS 0x00000000a2100000, 0x00000000a2000000| Untracked 
|  21|0x00000000a2100000, 0x00000000a2200000, 0x00000000a2200000|100%| O|  |TAMS 0x00000000a2200000, 0x00000000a2100000| Untracked 
|  22|0x00000000a2200000, 0x00000000a2300000, 0x00000000a2300000|100%| O|  |TAMS 0x00000000a2300000, 0x00000000a2200000| Untracked 
|  23|0x00000000a2300000, 0x00000000a2400000, 0x00000000a2400000|100%| O|  |TAMS 0x00000000a2400000, 0x00000000a2300000| Untracked 
|  24|0x00000000a2400000, 0x00000000a2500000, 0x00000000a2500000|100%| O|  |TAMS 0x00000000a2500000, 0x00000000a2400000| Untracked 
|  25|0x00000000a2500000, 0x00000000a2600000, 0x00000000a2600000|100%| O|  |TAMS 0x00000000a2600000, 0x00000000a2500000| Untracked 
|  26|0x00000000a2600000, 0x00000000a2700000, 0x00000000a2700000|100%| O|  |TAMS 0x00000000a2700000, 0x00000000a2600000| Untracked 
|  27|0x00000000a2700000, 0x00000000a2800000, 0x00000000a2800000|100%| O|  |TAMS 0x00000000a2800000, 0x00000000a2700000| Untracked 
|  28|0x00000000a2800000, 0x00000000a2900000, 0x00000000a2900000|100%| O|  |TAMS 0x00000000a2900000, 0x00000000a2800000| Updating 
|  29|0x00000000a2900000, 0x00000000a2a00000, 0x00000000a2a00000|100%| O|  |TAMS 0x00000000a2a00000, 0x00000000a2900000| Untracked 
|  30|0x00000000a2a00000, 0x00000000a2b00000, 0x00000000a2b00000|100%| O|  |TAMS 0x00000000a2b00000, 0x00000000a2a00000| Updating 
|  31|0x00000000a2b00000, 0x00000000a2c00000, 0x00000000a2c00000|100%| O|  |TAMS 0x00000000a2c00000, 0x00000000a2b00000| Updating 
|  32|0x00000000a2c00000, 0x00000000a2d00000, 0x00000000a2d00000|100%| O|  |TAMS 0x00000000a2d00000, 0x00000000a2c00000| Untracked 
|  33|0x00000000a2d00000, 0x00000000a2e00000, 0x00000000a2e00000|100%| O|  |TAMS 0x00000000a2e00000, 0x00000000a2d00000| Untracked 
|  34|0x00000000a2e00000, 0x00000000a2f00000, 0x00000000a2f00000|100%| O|  |TAMS 0x00000000a2f00000, 0x00000000a2e00000| Untracked 
|  35|0x00000000a2f00000, 0x00000000a3000000, 0x00000000a3000000|100%| O|  |TAMS 0x00000000a3000000, 0x00000000a2f00000| Untracked 
|  36|0x00000000a3000000, 0x00000000a3100000, 0x00000000a3100000|100%| O|  |TAMS 0x00000000a3100000, 0x00000000a3000000| Updating 
|  37|0x00000000a3100000, 0x00000000a3200000, 0x00000000a3200000|100%| O|  |TAMS 0x00000000a3200000, 0x00000000a3100000| Untracked 
|  38|0x00000000a3200000, 0x00000000a3300000, 0x00000000a3300000|100%| O|  |TAMS 0x00000000a3300000, 0x00000000a3200000| Untracked 
|  39|0x00000000a3300000, 0x00000000a3400000, 0x00000000a3400000|100%| O|  |TAMS 0x00000000a3400000, 0x00000000a3300000| Untracked 
|  40|0x00000000a3400000, 0x00000000a3500000, 0x00000000a3500000|100%| O|  |TAMS 0x00000000a3500000, 0x00000000a3400000| Untracked 
|  41|0x00000000a3500000, 0x00000000a3600000, 0x00000000a3600000|100%| O|  |TAMS 0x00000000a3574a00, 0x00000000a3500000| Updating 
|  42|0x00000000a3600000, 0x00000000a3700000, 0x00000000a3700000|100%| O|  |TAMS 0x00000000a3600000, 0x00000000a3600000| Untracked 
|  43|0x00000000a3700000, 0x00000000a3754e00, 0x00000000a3800000| 33%| O|  |TAMS 0x00000000a3700000, 0x00000000a3700000| Untracked 
|  44|0x00000000a3800000, 0x00000000a3800000, 0x00000000a3900000|  0%| F|  |TAMS 0x00000000a3800000, 0x00000000a3800000| Untracked 
|  45|0x00000000a3900000, 0x00000000a3900000, 0x00000000a3a00000|  0%| F|  |TAMS 0x00000000a3900000, 0x00000000a3900000| Untracked 
|  46|0x00000000a3a00000, 0x00000000a3a00000, 0x00000000a3b00000|  0%| F|  |TAMS 0x00000000a3a00000, 0x00000000a3a00000| Untracked 
|  47|0x00000000a3b00000, 0x00000000a3b00000, 0x00000000a3c00000|  0%| F|  |TAMS 0x00000000a3b00000, 0x00000000a3b00000| Untracked 
|  48|0x00000000a3c00000, 0x00000000a3c00000, 0x00000000a3d00000|  0%| F|  |TAMS 0x00000000a3c00000, 0x00000000a3c00000| Untracked 
|  49|0x00000000a3d00000, 0x00000000a3d00000, 0x00000000a3e00000|  0%| F|  |TAMS 0x00000000a3d00000, 0x00000000a3d00000| Untracked 
|  50|0x00000000a3e00000, 0x00000000a3e00000, 0x00000000a3f00000|  0%| F|  |TAMS 0x00000000a3e00000, 0x00000000a3e00000| Untracked 
|  51|0x00000000a3f00000, 0x00000000a3f00000, 0x00000000a4000000|  0%| F|  |TAMS 0x00000000a3f00000, 0x00000000a3f00000| Untracked 
|  52|0x00000000a4000000, 0x00000000a4000000, 0x00000000a4100000|  0%| F|  |TAMS 0x00000000a4000000, 0x00000000a4000000| Untracked 
|  53|0x00000000a4100000, 0x00000000a4100000, 0x00000000a4200000|  0%| F|  |TAMS 0x00000000a4100000, 0x00000000a4100000| Untracked 
|  54|0x00000000a4200000, 0x00000000a4200000, 0x00000000a4300000|  0%| F|  |TAMS 0x00000000a4200000, 0x00000000a4200000| Untracked 
|  55|0x00000000a4300000, 0x00000000a4300000, 0x00000000a4400000|  0%| F|  |TAMS 0x00000000a4300000, 0x00000000a4300000| Untracked 
|  56|0x00000000a4400000, 0x00000000a4400000, 0x00000000a4500000|  0%| F|  |TAMS 0x00000000a4400000, 0x00000000a4400000| Untracked 
|  57|0x00000000a4500000, 0x00000000a4500000, 0x00000000a4600000|  0%| F|  |TAMS 0x00000000a4500000, 0x00000000a4500000| Untracked 
|  58|0x00000000a4600000, 0x00000000a4600000, 0x00000000a4700000|  0%| F|  |TAMS 0x00000000a4600000, 0x00000000a4600000| Untracked 
|  59|0x00000000a4700000, 0x00000000a4700000, 0x00000000a4800000|  0%| F|  |TAMS 0x00000000a4700000, 0x00000000a4700000| Untracked 
|  60|0x00000000a4800000, 0x00000000a4800000, 0x00000000a4900000|  0%| F|  |TAMS 0x00000000a4800000, 0x00000000a4800000| Untracked 
|  61|0x00000000a4900000, 0x00000000a4900000, 0x00000000a4a00000|  0%| F|  |TAMS 0x00000000a4900000, 0x00000000a4900000| Untracked 
|  62|0x00000000a4a00000, 0x00000000a4a00000, 0x00000000a4b00000|  0%| F|  |TAMS 0x00000000a4a00000, 0x00000000a4a00000| Untracked 
|  63|0x00000000a4b00000, 0x00000000a4b00000, 0x00000000a4c00000|  0%| F|  |TAMS 0x00000000a4b00000, 0x00000000a4b00000| Untracked 
|  64|0x00000000a4c00000, 0x00000000a4c00000, 0x00000000a4d00000|  0%| F|  |TAMS 0x00000000a4c00000, 0x00000000a4c00000| Untracked 
|  65|0x00000000a4d00000, 0x00000000a4d00000, 0x00000000a4e00000|  0%| F|  |TAMS 0x00000000a4d00000, 0x00000000a4d00000| Untracked 
|  66|0x00000000a4e00000, 0x00000000a4e00000, 0x00000000a4f00000|  0%| F|  |TAMS 0x00000000a4e00000, 0x00000000a4e00000| Untracked 
|  67|0x00000000a4f00000, 0x00000000a4f00000, 0x00000000a5000000|  0%| F|  |TAMS 0x00000000a4f00000, 0x00000000a4f00000| Untracked 
|  68|0x00000000a5000000, 0x00000000a5000000, 0x00000000a5100000|  0%| F|  |TAMS 0x00000000a5000000, 0x00000000a5000000| Untracked 
|  69|0x00000000a5100000, 0x00000000a5100000, 0x00000000a5200000|  0%| F|  |TAMS 0x00000000a5100000, 0x00000000a5100000| Untracked 
|  70|0x00000000a5200000, 0x00000000a5200000, 0x00000000a5300000|  0%| F|  |TAMS 0x00000000a5200000, 0x00000000a5200000| Untracked 
|  71|0x00000000a5300000, 0x00000000a5300000, 0x00000000a5400000|  0%| F|  |TAMS 0x00000000a5300000, 0x00000000a5300000| Untracked 
|  72|0x00000000a5400000, 0x00000000a5400000, 0x00000000a5500000|  0%| F|  |TAMS 0x00000000a5400000, 0x00000000a5400000| Untracked 
|  73|0x00000000a5500000, 0x00000000a5500000, 0x00000000a5600000|  0%| F|  |TAMS 0x00000000a5500000, 0x00000000a5500000| Untracked 
|  74|0x00000000a5600000, 0x00000000a5600000, 0x00000000a5700000|  0%| F|  |TAMS 0x00000000a5600000, 0x00000000a5600000| Untracked 
|  75|0x00000000a5700000, 0x00000000a5700000, 0x00000000a5800000|  0%| F|  |TAMS 0x00000000a5700000, 0x00000000a5700000| Untracked 
|  76|0x00000000a5800000, 0x00000000a5800000, 0x00000000a5900000|  0%| F|  |TAMS 0x00000000a5800000, 0x00000000a5800000| Untracked 
|  77|0x00000000a5900000, 0x00000000a5900000, 0x00000000a5a00000|  0%| F|  |TAMS 0x00000000a5900000, 0x00000000a5900000| Untracked 
|  78|0x00000000a5a00000, 0x00000000a5a00000, 0x00000000a5b00000|  0%| F|  |TAMS 0x00000000a5a00000, 0x00000000a5a00000| Untracked 
|  79|0x00000000a5b00000, 0x00000000a5b00000, 0x00000000a5c00000|  0%| F|  |TAMS 0x00000000a5b00000, 0x00000000a5b00000| Untracked 
|  80|0x00000000a5c00000, 0x00000000a5c00000, 0x00000000a5d00000|  0%| F|  |TAMS 0x00000000a5c00000, 0x00000000a5c00000| Untracked 
|  81|0x00000000a5d00000, 0x00000000a5d00000, 0x00000000a5e00000|  0%| F|  |TAMS 0x00000000a5d00000, 0x00000000a5d00000| Untracked 
|  82|0x00000000a5e00000, 0x00000000a5e00000, 0x00000000a5f00000|  0%| F|  |TAMS 0x00000000a5e00000, 0x00000000a5e00000| Untracked 
|  83|0x00000000a5f00000, 0x00000000a5f00000, 0x00000000a6000000|  0%| F|  |TAMS 0x00000000a5f00000, 0x00000000a5f00000| Untracked 
|  84|0x00000000a6000000, 0x00000000a6000000, 0x00000000a6100000|  0%| F|  |TAMS 0x00000000a6000000, 0x00000000a6000000| Untracked 
|  85|0x00000000a6100000, 0x00000000a6100000, 0x00000000a6200000|  0%| F|  |TAMS 0x00000000a6100000, 0x00000000a6100000| Untracked 
|  86|0x00000000a6200000, 0x00000000a6200000, 0x00000000a6300000|  0%| F|  |TAMS 0x00000000a6200000, 0x00000000a6200000| Untracked 
|  87|0x00000000a6300000, 0x00000000a6300000, 0x00000000a6400000|  0%| F|  |TAMS 0x00000000a6300000, 0x00000000a6300000| Untracked 
|  88|0x00000000a6400000, 0x00000000a6400000, 0x00000000a6500000|  0%| F|  |TAMS 0x00000000a6400000, 0x00000000a6400000| Untracked 
|  89|0x00000000a6500000, 0x00000000a6500000, 0x00000000a6600000|  0%| F|  |TAMS 0x00000000a6500000, 0x00000000a6500000| Untracked 
|  90|0x00000000a6600000, 0x00000000a6600000, 0x00000000a6700000|  0%| F|  |TAMS 0x00000000a6600000, 0x00000000a6600000| Untracked 
|  91|0x00000000a6700000, 0x00000000a6700000, 0x00000000a6800000|  0%| F|  |TAMS 0x00000000a6700000, 0x00000000a6700000| Untracked 
|  92|0x00000000a6800000, 0x00000000a6800000, 0x00000000a6900000|  0%| F|  |TAMS 0x00000000a6800000, 0x00000000a6800000| Untracked 
|  93|0x00000000a6900000, 0x00000000a6900000, 0x00000000a6a00000|  0%| F|  |TAMS 0x00000000a6900000, 0x00000000a6900000| Untracked 
|  94|0x00000000a6a00000, 0x00000000a6a00000, 0x00000000a6b00000|  0%| F|  |TAMS 0x00000000a6a00000, 0x00000000a6a00000| Untracked 
|  95|0x00000000a6b00000, 0x00000000a6b00000, 0x00000000a6c00000|  0%| F|  |TAMS 0x00000000a6b00000, 0x00000000a6b00000| Untracked 
|  96|0x00000000a6c00000, 0x00000000a6c00000, 0x00000000a6d00000|  0%| F|  |TAMS 0x00000000a6c00000, 0x00000000a6c00000| Untracked 
|  97|0x00000000a6d00000, 0x00000000a6d00000, 0x00000000a6e00000|  0%| F|  |TAMS 0x00000000a6d00000, 0x00000000a6d00000| Untracked 
|  98|0x00000000a6e00000, 0x00000000a6e00000, 0x00000000a6f00000|  0%| F|  |TAMS 0x00000000a6e00000, 0x00000000a6e00000| Untracked 
|  99|0x00000000a6f00000, 0x00000000a6f00000, 0x00000000a7000000|  0%| F|  |TAMS 0x00000000a6f00000, 0x00000000a6f00000| Untracked 
| 100|0x00000000a7000000, 0x00000000a7000000, 0x00000000a7100000|  0%| F|  |TAMS 0x00000000a7000000, 0x00000000a7000000| Untracked 
| 101|0x00000000a7100000, 0x00000000a7100000, 0x00000000a7200000|  0%| F|  |TAMS 0x00000000a7100000, 0x00000000a7100000| Untracked 
| 102|0x00000000a7200000, 0x00000000a7200000, 0x00000000a7300000|  0%| F|  |TAMS 0x00000000a7200000, 0x00000000a7200000| Untracked 
| 103|0x00000000a7300000, 0x00000000a736e4a8, 0x00000000a7400000| 43%| S|CS|TAMS 0x00000000a7300000, 0x00000000a7300000| Complete 
| 104|0x00000000a7400000, 0x00000000a7500000, 0x00000000a7500000|100%| S|CS|TAMS 0x00000000a7400000, 0x00000000a7400000| Complete 
| 105|0x00000000a7500000, 0x00000000a7600000, 0x00000000a7600000|100%| S|CS|TAMS 0x00000000a7500000, 0x00000000a7500000| Complete 
| 106|0x00000000a7600000, 0x00000000a7600000, 0x00000000a7700000|  0%| F|  |TAMS 0x00000000a7600000, 0x00000000a7600000| Untracked 
| 107|0x00000000a7700000, 0x00000000a7700000, 0x00000000a7800000|  0%| F|  |TAMS 0x00000000a7700000, 0x00000000a7700000| Untracked 
| 108|0x00000000a7800000, 0x00000000a7800000, 0x00000000a7900000|  0%| F|  |TAMS 0x00000000a7800000, 0x00000000a7800000| Untracked 

Card table byte_map: [0x000001a2cb540000,0x000001a2cb840000] _byte_map_base: 0x000001a2cb03a000

Marking Bits (Prev, Next): (CMBitMap*) 0x000001a2c53e9ad0, (CMBitMap*) 0x000001a2c53e9a90
 Prev Bits: [0x000001a2cd310000, 0x000001a2ceae0000)
 Next Bits: [0x000001a2cbb40000, 0x000001a2cd310000)

Polling page: 0x000001a2c4b70000

Metaspace:

Usage:
  Non-class:     29.04 MB used.
      Class:      4.32 MB used.
       Both:     33.36 MB used.

Virtual space:
  Non-class space:       32.00 MB reserved,      29.25 MB ( 91%) committed,  4 nodes.
      Class space:        1.00 GB reserved,       4.50 MB ( <1%) committed,  1 nodes.
             Both:        1.03 GB reserved,      33.75 MB (  3%) committed. 

Chunk freelists:
   Non-Class:  2.11 MB
       Class:  3.53 MB
        Both:  5.64 MB

MaxMetaspaceSize: unlimited
CompressedClassSpaceSize: 1.00 GB
Initial GC threshold: 21.00 MB
Current GC threshold: 56.25 MB
CDS: off
MetaspaceReclaimPolicy: balanced
 - commit_granule_bytes: 65536.
 - commit_granule_words: 8192.
 - virtual_space_node_default_size: 1048576.
 - enlarge_chunks_in_place: 1.
 - new_chunks_are_fully_committed: 0.
 - uncommit_free_chunks: 1.
 - use_allocation_guard: 0.
 - handle_deallocations: 1.


Internal statistics:

num_allocs_failed_limit: 3.
num_arena_births: 298.
num_arena_deaths: 0.
num_vsnodes_births: 5.
num_vsnodes_deaths: 0.
num_space_committed: 540.
num_space_uncommitted: 0.
num_chunks_returned_to_freelist: 3.
num_chunks_taken_from_freelist: 1247.
num_chunk_merges: 3.
num_chunk_splits: 862.
num_chunks_enlarged: 681.
num_purges: 0.
num_inconsistent_stats: 0.

CodeCache: size=49152Kb used=8807Kb max_used=8807Kb free=40344Kb
 bounds [0x000001a2c8020000, 0x000001a2c88c0000, 0x000001a2cb020000]
 total_blobs=4082 nmethods=3562 adapters=444
 compilation: enabled
              stopped_count=0, restarted_count=0
 full_count=0

Compilation events (20 events):
Event: 5.025 Thread 0x000001a2d1545f60 nmethod 3554 0x000001a2c88b2b10 code [0x000001a2c88b2ca0, 0x000001a2c88b2d88]
Event: 5.025 Thread 0x000001a2d1545f60 3557   !   1       nonapi.io.github.classgraph.fastzipfilereader.NestedJarHandler$8::read (225 bytes)
Event: 5.025 Thread 0x000001a2d2b5e560 nmethod 3541 0x000001a2c88b2e90 code [0x000001a2c88b3200, 0x000001a2c88b4468]
Event: 5.025 Thread 0x000001a2d2b5e560 3555   !   1       nonapi.io.github.classgraph.fileslice.Slice$1::close (28 bytes)
Event: 5.025 Thread 0x000001a2d156e320 nmethod 3552 0x000001a2c88b4c10 code [0x000001a2c88b4de0, 0x000001a2c88b5228]
Event: 5.025 Thread 0x000001a2d3a41980 nmethod 3553 0x000001a2c88b5390 code [0x000001a2c88b5540, 0x000001a2c88b57c8]
Event: 5.025 Thread 0x000001a2d156e320 3556       1       nonapi.io.github.classgraph.recycler.Recycler::recycle (67 bytes)
Event: 5.025 Thread 0x000001a2d3a41980 3558       1       io.github.classgraph.ClasspathElementZip$1::close (28 bytes)
Event: 5.026 Thread 0x000001a2d156e320 nmethod 3556 0x000001a2c88b5910 code [0x000001a2c88b5b00, 0x000001a2c88b5e68]
Event: 5.026 Thread 0x000001a2d2b5e560 nmethod 3555 0x000001a2c88b6010 code [0x000001a2c88b61e0, 0x000001a2c88b64b8]
Event: 5.026 Thread 0x000001a2d3a41980 nmethod 3558 0x000001a2c88b6690 code [0x000001a2c88b6860, 0x000001a2c88b6bd8]
Event: 5.026 Thread 0x000001a2d1545f60 nmethod 3557 0x000001a2c88b6e10 code [0x000001a2c88b7080, 0x000001a2c88b78c8]
Event: 5.030 Thread 0x000001a2d3a41980 3559       1       io.github.classgraph.ClasspathElementZip$1::openClassfile (13 bytes)
Event: 5.030 Thread 0x000001a2d2b5e560 3560   !   1       io.github.classgraph.ClasspathElementZip$1::open (79 bytes)
Event: 5.031 Thread 0x000001a2d3a41980 nmethod 3559 0x000001a2c88b7f90 code [0x000001a2c88b8140, 0x000001a2c88b8448]
Event: 5.031 Thread 0x000001a2d1545f60 3561       1       nonapi.io.github.classgraph.fileslice.reader.ClassfileReader::<init> (29 bytes)
Event: 5.031 Thread 0x000001a2d1545f60 nmethod 3561 0x000001a2c88b8510 code [0x000001a2c88b86a0, 0x000001a2c88b8918]
Event: 5.032 Thread 0x000001a2d2b5e560 nmethod 3560 0x000001a2c88b8990 code [0x000001a2c88b8be0, 0x000001a2c88b9498]
Event: 5.048 Thread 0x000001a2d2b5e560 3562       1       java.lang.Throwable::<init> (34 bytes)
Event: 5.049 Thread 0x000001a2d2b5e560 nmethod 3562 0x000001a2c88b9a10 code [0x000001a2c88b9bc0, 0x000001a2c88b9e48]

GC Heap History (20 events):
Event: 3.417 GC heap after
{Heap after GC invocations=7 (full 0):
 garbage-first heap   total 40960K, used 15034K [0x00000000a0c00000, 0x0000000100000000)
  region size 1024K, 2 young (2048K), 2 survivors (2048K)
 Metaspace       used 27108K, committed 27328K, reserved 1073152K
  class space    used 3390K, committed 3520K, reserved 1048576K
}
Event: 3.812 GC heap before
{Heap before GC invocations=7 (full 0):
 garbage-first heap   total 40960K, used 28346K [0x00000000a0c00000, 0x0000000100000000)
  region size 1024K, 16 young (16384K), 2 survivors (2048K)
 Metaspace       used 29433K, committed 29696K, reserved 1081344K
  class space    used 3706K, committed 3840K, reserved 1048576K
}
Event: 3.822 GC heap after
{Heap after GC invocations=8 (full 0):
 garbage-first heap   total 63488K, used 15955K [0x00000000a0c00000, 0x0000000100000000)
  region size 1024K, 2 young (2048K), 2 survivors (2048K)
 Metaspace       used 29433K, committed 29696K, reserved 1081344K
  class space    used 3706K, committed 3840K, reserved 1048576K
}
Event: 4.224 GC heap before
{Heap before GC invocations=8 (full 0):
 garbage-first heap   total 63488K, used 41555K [0x00000000a0c00000, 0x0000000100000000)
  region size 1024K, 28 young (28672K), 2 survivors (2048K)
 Metaspace       used 32095K, committed 32320K, reserved 1081344K
  class space    used 4066K, committed 4160K, reserved 1048576K
}
Event: 4.229 GC heap after
{Heap after GC invocations=9 (full 0):
 garbage-first heap   total 63488K, used 20111K [0x00000000a0c00000, 0x0000000100000000)
  region size 1024K, 4 young (4096K), 4 survivors (4096K)
 Metaspace       used 32095K, committed 32320K, reserved 1081344K
  class space    used 4066K, committed 4160K, reserved 1048576K
}
Event: 4.330 GC heap before
{Heap before GC invocations=9 (full 0):
 garbage-first heap   total 63488K, used 43663K [0x00000000a0c00000, 0x0000000100000000)
  region size 1024K, 28 young (28672K), 4 survivors (4096K)
 Metaspace       used 32352K, committed 32640K, reserved 1081344K
  class space    used 4107K, committed 4224K, reserved 1048576K
}
Event: 4.336 GC heap after
{Heap after GC invocations=10 (full 0):
 garbage-first heap   total 63488K, used 24672K [0x00000000a0c00000, 0x0000000100000000)
  region size 1024K, 4 young (4096K), 4 survivors (4096K)
 Metaspace       used 32352K, committed 32640K, reserved 1081344K
  class space    used 4107K, committed 4224K, reserved 1048576K
}
Event: 4.473 GC heap before
{Heap before GC invocations=10 (full 0):
 garbage-first heap   total 63488K, used 43104K [0x00000000a0c00000, 0x0000000100000000)
  region size 1024K, 23 young (23552K), 4 survivors (4096K)
 Metaspace       used 32814K, committed 33088K, reserved 1081344K
  class space    used 4181K, committed 4288K, reserved 1048576K
}
Event: 4.484 GC heap after
{Heap after GC invocations=11 (full 0):
 garbage-first heap   total 63488K, used 31831K [0x00000000a0c00000, 0x0000000100000000)
  region size 1024K, 3 young (3072K), 3 survivors (3072K)
 Metaspace       used 32814K, committed 33088K, reserved 1081344K
  class space    used 4181K, committed 4288K, reserved 1048576K
}
Event: 4.823 GC heap before
{Heap before GC invocations=11 (full 0):
 garbage-first heap   total 63488K, used 45143K [0x00000000a0c00000, 0x0000000100000000)
  region size 1024K, 16 young (16384K), 3 survivors (3072K)
 Metaspace       used 33884K, committed 34240K, reserved 1081344K
  class space    used 4395K, committed 4544K, reserved 1048576K
}
Event: 4.827 GC heap after
{Heap after GC invocations=12 (full 0):
 garbage-first heap   total 89088K, used 33911K [0x00000000a0c00000, 0x0000000100000000)
  region size 1024K, 2 young (2048K), 2 survivors (2048K)
 Metaspace       used 33884K, committed 34240K, reserved 1081344K
  class space    used 4395K, committed 4544K, reserved 1048576K
}
Event: 5.001 GC heap before
{Heap before GC invocations=13 (full 0):
 garbage-first heap   total 89088K, used 62583K [0x00000000a0c00000, 0x0000000100000000)
  region size 1024K, 31 young (31744K), 2 survivors (2048K)
 Metaspace       used 33942K, committed 34240K, reserved 1081344K
  class space    used 4406K, committed 4544K, reserved 1048576K
}
Event: 5.014 GC heap after
{Heap after GC invocations=14 (full 0):
 garbage-first heap   total 89088K, used 42078K [0x00000000a0c00000, 0x0000000100000000)
  region size 1024K, 4 young (4096K), 4 survivors (4096K)
 Metaspace       used 33942K, committed 34240K, reserved 1081344K
  class space    used 4406K, committed 4544K, reserved 1048576K
}
Event: 5.041 GC heap before
{Heap before GC invocations=14 (full 0):
 garbage-first heap   total 89088K, used 62558K [0x00000000a0c00000, 0x0000000100000000)
  region size 1024K, 25 young (25600K), 4 survivors (4096K)
 Metaspace       used 34163K, committed 34560K, reserved 1081344K
  class space    used 4428K, committed 4608K, reserved 1048576K
}
Event: 5.044 GC heap after
{Heap after GC invocations=15 (full 0):
 garbage-first heap   total 89088K, used 43935K [0x00000000a0c00000, 0x0000000100000000)
  region size 1024K, 2 young (2048K), 2 survivors (2048K)
 Metaspace       used 34163K, committed 34560K, reserved 1081344K
  class space    used 4428K, committed 4608K, reserved 1048576K
}
Event: 5.066 GC heap before
{Heap before GC invocations=15 (full 0):
 garbage-first heap   total 89088K, used 64415K [0x00000000a0c00000, 0x0000000100000000)
  region size 1024K, 23 young (23552K), 2 survivors (2048K)
 Metaspace       used 34163K, committed 34560K, reserved 1081344K
  class space    used 4428K, committed 4608K, reserved 1048576K
}
Event: 5.068 GC heap after
{Heap after GC invocations=16 (full 0):
 garbage-first heap   total 89088K, used 44652K [0x00000000a0c00000, 0x0000000100000000)
  region size 1024K, 3 young (3072K), 3 survivors (3072K)
 Metaspace       used 34163K, committed 34560K, reserved 1081344K
  class space    used 4428K, committed 4608K, reserved 1048576K
}
Event: 5.088 GC heap before
{Heap before GC invocations=16 (full 0):
 garbage-first heap   total 89088K, used 66156K [0x00000000a0c00000, 0x0000000100000000)
  region size 1024K, 25 young (25600K), 3 survivors (3072K)
 Metaspace       used 34163K, committed 34560K, reserved 1081344K
  class space    used 4428K, committed 4608K, reserved 1048576K
}
Event: 5.090 GC heap after
{Heap after GC invocations=17 (full 0):
 garbage-first heap   total 89088K, used 45776K [0x00000000a0c00000, 0x0000000100000000)
  region size 1024K, 4 young (4096K), 4 survivors (4096K)
 Metaspace       used 34163K, committed 34560K, reserved 1081344K
  class space    used 4428K, committed 4608K, reserved 1048576K
}
Event: 5.114 GC heap before
{Heap before GC invocations=17 (full 0):
 garbage-first heap   total 111616K, used 67280K [0x00000000a0c00000, 0x0000000100000000)
  region size 1024K, 26 young (26624K), 4 survivors (4096K)
 Metaspace       used 34163K, committed 34560K, reserved 1081344K
  class space    used 4428K, committed 4608K, reserved 1048576K
}

Deoptimization events (16 events):
Event: 1.305 Thread 0x000001a2c539a1e0 DEOPT PACKING pc=0x000001a2c83b5a75 sp=0x0000001c0e8fdbc0
Event: 1.305 Thread 0x000001a2c539a1e0 DEOPT UNPACKING pc=0x000001a2c8072b43 sp=0x0000001c0e8fd030 mode 3
Event: 2.388 Thread 0x000001a2c539a1e0 DEOPT PACKING pc=0x000001a2c84d2e99 sp=0x0000001c0e8fd430
Event: 2.388 Thread 0x000001a2c539a1e0 DEOPT UNPACKING pc=0x000001a2c8072b43 sp=0x0000001c0e8fc910 mode 3
Event: 2.892 Thread 0x000001a2c539a1e0 DEOPT PACKING pc=0x000001a2c8596775 sp=0x0000001c0e8fcee0
Event: 2.892 Thread 0x000001a2c539a1e0 DEOPT UNPACKING pc=0x000001a2c8072b43 sp=0x0000001c0e8fc350 mode 3
Event: 3.890 Thread 0x000001a2c539a1e0 DEOPT PACKING pc=0x000001a2c86cab19 sp=0x0000001c0e8fc9a0
Event: 3.890 Thread 0x000001a2c539a1e0 DEOPT UNPACKING pc=0x000001a2c8072b43 sp=0x0000001c0e8fbe80 mode 3
Event: 4.032 Thread 0x000001a2d3c82da0 DEOPT PACKING pc=0x000001a2c87270ab sp=0x0000001c105feb50
Event: 4.032 Thread 0x000001a2d3c82da0 DEOPT UNPACKING pc=0x000001a2c8072b43 sp=0x0000001c105fe098 mode 3
Event: 4.337 Thread 0x000001a2d3d970d0 DEOPT PACKING pc=0x000001a2c84d3f01 sp=0x0000001c110ff0c0
Event: 4.337 Thread 0x000001a2d3d970d0 DEOPT UNPACKING pc=0x000001a2c8072b43 sp=0x0000001c110fe550 mode 3
Event: 4.339 Thread 0x000001a2d3d99750 DEOPT PACKING pc=0x000001a2c84cc697 sp=0x0000001c111feb80
Event: 4.339 Thread 0x000001a2d3d99750 DEOPT UNPACKING pc=0x000001a2c8072b43 sp=0x0000001c111fdfd8 mode 3
Event: 4.493 Thread 0x000001a2d3d97a70 DEOPT PACKING pc=0x000001a2c88540b5 sp=0x0000001c117fdc50
Event: 4.493 Thread 0x000001a2d3d97a70 DEOPT UNPACKING pc=0x000001a2c8072b43 sp=0x0000001c117fd178 mode 3

Classes unloaded (0 events):
No events

Classes redefined (0 events):
No events

Internal exceptions (20 events):
Event: 5.053 Thread 0x000001a2d3d833e0 Exception <a 'sun/nio/fs/WindowsException'{0x00000000a59dac98}> (0x00000000a59dac98) 
thrown [e:\jenkins\tmp\workspace\build\src\src\hotspot\share\prims\jni.cpp, line 516]
Event: 5.053 Thread 0x000001a2d3d833e0 Exception <a 'sun/nio/fs/WindowsException'{0x00000000a59db0f8}> (0x00000000a59db0f8) 
thrown [e:\jenkins\tmp\workspace\build\src\src\hotspot\share\prims\jni.cpp, line 516]
Event: 5.058 Thread 0x000001a2d3d6e690 Exception <a 'sun/nio/fs/WindowsException'{0x00000000a56d25a0}> (0x00000000a56d25a0) 
thrown [e:\jenkins\tmp\workspace\build\src\src\hotspot\share\prims\jni.cpp, line 516]
Event: 5.058 Thread 0x000001a2d3d6e690 Exception <a 'sun/nio/fs/WindowsException'{0x00000000a54fdac0}> (0x00000000a54fdac0) 
thrown [e:\jenkins\tmp\workspace\build\src\src\hotspot\share\prims\jni.cpp, line 516]
Event: 5.071 Thread 0x000001a2d3d98410 Exception <a 'sun/nio/fs/WindowsException'{0x00000000a61ff0a0}> (0x00000000a61ff0a0) 
thrown [e:\jenkins\tmp\workspace\build\src\src\hotspot\share\prims\jni.cpp, line 516]
Event: 5.071 Thread 0x000001a2d3d98410 Exception <a 'sun/nio/fs/WindowsException'{0x00000000a61ff4b8}> (0x00000000a61ff4b8) 
thrown [e:\jenkins\tmp\workspace\build\src\src\hotspot\share\prims\jni.cpp, line 516]
Event: 5.076 Thread 0x000001a2d3d98db0 Exception <a 'sun/nio/fs/WindowsException'{0x00000000a5c7e420}> (0x00000000a5c7e420) 
thrown [e:\jenkins\tmp\workspace\build\src\src\hotspot\share\prims\jni.cpp, line 516]
Event: 5.076 Thread 0x000001a2d3d975a0 Exception <a 'sun/nio/fs/WindowsException'{0x00000000a5c22060}> (0x00000000a5c22060) 
thrown [e:\jenkins\tmp\workspace\build\src\src\hotspot\share\prims\jni.cpp, line 516]
Event: 5.076 Thread 0x000001a2d3d98db0 Exception <a 'sun/nio/fs/WindowsException'{0x00000000a5c7e8c0}> (0x00000000a5c7e8c0) 
thrown [e:\jenkins\tmp\workspace\build\src\src\hotspot\share\prims\jni.cpp, line 516]
Event: 5.076 Thread 0x000001a2d3d975a0 Exception <a 'sun/nio/fs/WindowsException'{0x00000000a5c22470}> (0x00000000a5c22470) 
thrown [e:\jenkins\tmp\workspace\build\src\src\hotspot\share\prims\jni.cpp, line 516]
Event: 5.076 Thread 0x000001a2d3d975a0 Exception <a 'sun/nio/fs/WindowsException'{0x00000000a5c23028}> (0x00000000a5c23028) 
thrown [e:\jenkins\tmp\workspace\build\src\src\hotspot\share\prims\jni.cpp, line 516]
Event: 5.076 Thread 0x000001a2d3d975a0 Exception <a 'sun/nio/fs/WindowsException'{0x00000000a5c23448}> (0x00000000a5c23448) 
thrown [e:\jenkins\tmp\workspace\build\src\src\hotspot\share\prims\jni.cpp, line 516]
Event: 5.087 Thread 0x000001a2d3d96c00 Exception <a 'sun/nio/fs/WindowsException'{0x00000000a4d474a0}> (0x00000000a4d474a0) 
thrown [e:\jenkins\tmp\workspace\build\src\src\hotspot\share\prims\jni.cpp, line 516]
Event: 5.087 Thread 0x000001a2d3d96c00 Exception <a 'sun/nio/fs/WindowsException'{0x00000000a4d478f0}> (0x00000000a4d478f0) 
thrown [e:\jenkins\tmp\workspace\build\src\src\hotspot\share\prims\jni.cpp, line 516]
Event: 5.094 Thread 0x000001a2d3d848c0 Exception <a 'sun/nio/fs/WindowsException'{0x00000000a5f81d40}> (0x00000000a5f81d40) 
thrown [e:\jenkins\tmp\workspace\build\src\src\hotspot\share\prims\jni.cpp, line 516]
Event: 5.094 Thread 0x000001a2d3d848c0 Exception <a 'sun/nio/fs/WindowsException'{0x00000000a5f821b0}> (0x00000000a5f821b0) 
thrown [e:\jenkins\tmp\workspace\build\src\src\hotspot\share\prims\jni.cpp, line 516]
Event: 5.105 Thread 0x000001a2d3d99750 Exception <a 'sun/nio/fs/WindowsException'{0x00000000a57ef928}> (0x00000000a57ef928) 
thrown [e:\jenkins\tmp\workspace\build\src\src\hotspot\share\prims\jni.cpp, line 516]
Event: 5.105 Thread 0x000001a2d3d99750 Exception <a 'sun/nio/fs/WindowsException'{0x00000000a57efd68}> (0x00000000a57efd68) 
thrown [e:\jenkins\tmp\workspace\build\src\src\hotspot\share\prims\jni.cpp, line 516]
Event: 5.111 Thread 0x000001a2d3d86df0 Exception <a 'sun/nio/fs/WindowsException'{0x00000000a78c6f50}> (0x00000000a78c6f50) 
thrown [e:\jenkins\tmp\workspace\build\src\src\hotspot\share\prims\jni.cpp, line 516]
Event: 5.111 Thread 0x000001a2d3d86df0 Exception <a 'sun/nio/fs/WindowsException'{0x00000000a78c73f0}> (0x00000000a78c73f0) 
thrown [e:\jenkins\tmp\workspace\build\src\src\hotspot\share\prims\jni.cpp, line 516]

VM Operations (20 events):
Event: 5.000 Executing VM operation: ICBufferFull done
Event: 5.000 Executing VM operation: ICBufferFull
Event: 5.001 Executing VM operation: ICBufferFull done
Event: 5.001 Executing VM operation: G1CollectForAllocation
Event: 5.014 Executing VM operation: G1CollectForAllocation done
Event: 5.016 Executing VM operation: HandshakeAllThreads
Event: 5.016 Executing VM operation: HandshakeAllThreads done
Event: 5.017 Executing VM operation: HandshakeAllThreads
Event: 5.017 Executing VM operation: HandshakeAllThreads done
Event: 5.017 Executing VM operation: HandshakeAllThreads
Event: 5.017 Executing VM operation: HandshakeAllThreads done
Event: 5.041 Executing VM operation: G1CollectForAllocation
Event: 5.044 Executing VM operation: G1CollectForAllocation done
Event: 5.066 Executing VM operation: G1CollectForAllocation
Event: 5.068 Executing VM operation: G1CollectForAllocation done
Event: 5.087 Executing VM operation: G1CollectForAllocation
Event: 5.090 Executing VM operation: G1CollectForAllocation done
Event: 5.108 Executing VM operation: G1Concurrent
Event: 5.110 Executing VM operation: G1Concurrent done
Event: 5.114 Executing VM operation: G1CollectForAllocation

Events (20 events):
Event: 4.520 loading class java/util/concurrent/atomic/AtomicLongFieldUpdater$CASUpdater done
Event: 4.520 loading class java/util/concurrent/atomic/AtomicLongFieldUpdater$CASUpdater$1
Event: 4.520 loading class java/util/concurrent/atomic/AtomicLongFieldUpdater$CASUpdater$1 done
Event: 4.522 loading class java/util/logging/LogRecord
Event: 4.522 loading class java/util/logging/LogRecord done
Event: 4.523 loading class java/io/PrintWriter
Event: 4.524 loading class java/io/PrintWriter done
Event: 4.653 Thread 0x000001a2d3d99280 Thread added: 0x000001a2d3d99280
Event: 4.657 loading class java/util/concurrent/CompletionException
Event: 4.658 loading class java/util/concurrent/CompletionException done
Event: 4.667 loading class sun/nio/cs/StringUTF16
Event: 4.667 loading class sun/nio/cs/StringUTF16 done
Event: 4.669 loading class java/util/WeakHashMap$EntrySet
Event: 4.669 loading class java/util/WeakHashMap$EntrySet done
Event: 4.669 loading class java/util/WeakHashMap$EntryIterator
Event: 4.669 loading class java/util/WeakHashMap$HashIterator
Event: 4.670 loading class java/util/WeakHashMap$HashIterator done
Event: 4.670 loading class java/util/WeakHashMap$EntryIterator done
Event: 4.940 loading class sun/nio/fs/WindowsChannelFactory$2
Event: 4.940 loading class sun/nio/fs/WindowsChannelFactory$2 done


Dynamic libraries:
0x00007ff77d620000 - 0x00007ff77d62e000 	c:\Users\ASUS\.vscode\extensions\redhat.java-1.8.0-win32-x64\jre\17.0.3-win32-x86_64\bin\java.exe
0x00007ffff9350000 - 0x00007ffff9547000 	C:\Windows\SYSTEM32\ntdll.dll
0x00007ffff75c0000 - 0x00007ffff767d000 	C:\Windows\System32\KERNEL32.DLL
0x00007ffff6c40000 - 0x00007ffff6f0d000 	C:\Windows\System32\KERNELBASE.dll
0x00007ffff6fc0000 - 0x00007ffff70c0000 	C:\Windows\System32\ucrtbase.dll
0x00007fffd3be0000 - 0x00007fffd3bf9000 	c:\Users\ASUS\.vscode\extensions\redhat.java-1.8.0-win32-x64\jre\17.0.3-win32-x86_64\bin\VCRUNTIME140.dll
0x00007fffd31e0000 - 0x00007fffd31f8000 	c:\Users\ASUS\.vscode\extensions\redhat.java-1.8.0-win32-x64\jre\17.0.3-win32-x86_64\bin\jli.dll
0x00007fffe69c0000 - 0x00007fffe6c5a000 	C:\Windows\WinSxS\amd64_microsoft.windows.common-controls_6595b64144ccf1df_6.0.19041.1110_none_60b5254171f9507e\COMCTL32.dll
0x00007ffff7b20000 - 0x00007ffff7cc0000 	C:\Windows\System32\USER32.dll
0x00007ffff6f40000 - 0x00007ffff6f62000 	C:\Windows\System32\win32u.dll
0x00007ffff7510000 - 0x00007ffff75ae000 	C:\Windows\System32\msvcrt.dll
0x00007ffff74e0000 - 0x00007ffff750a000 	C:\Windows\System32\GDI32.dll
0x00007ffff7150000 - 0x00007ffff725b000 	C:\Windows\System32\gdi32full.dll
0x00007ffff7310000 - 0x00007ffff73ad000 	C:\Windows\System32\msvcp_win.dll
0x00007ffff7940000 - 0x00007ffff7970000 	C:\Windows\System32\IMM32.DLL
0x00007fffd3bd0000 - 0x00007fffd3bdc000 	c:\Users\ASUS\.vscode\extensions\redhat.java-1.8.0-win32-x64\jre\17.0.3-win32-x86_64\bin\vcruntime140_1.dll
0x00007fff8a7a0000 - 0x00007fff8a831000 	c:\Users\ASUS\.vscode\extensions\redhat.java-1.8.0-win32-x64\jre\17.0.3-win32-x86_64\bin\msvcp140.dll
0x00007fff80240000 - 0x00007fff80e88000 	c:\Users\ASUS\.vscode\extensions\redhat.java-1.8.0-win32-x64\jre\17.0.3-win32-x86_64\bin\server\jvm.dll
0x00007ffff8f20000 - 0x00007ffff8fce000 	C:\Windows\System32\ADVAPI32.dll
0x00007ffff89f0000 - 0x00007ffff8a8c000 	C:\Windows\System32\sechost.dll
0x00007ffff9030000 - 0x00007ffff9155000 	C:\Windows\System32\RPCRT4.dll
0x00007ffff75b0000 - 0x00007ffff75b8000 	C:\Windows\System32\PSAPI.DLL
0x00007fffeef90000 - 0x00007fffeef9a000 	C:\Windows\SYSTEM32\VERSION.dll
0x00007fffeed10000 - 0x00007fffeed37000 	C:\Windows\SYSTEM32\WINMM.dll
0x00007ffff1e20000 - 0x00007ffff1e29000 	C:\Windows\SYSTEM32\WSOCK32.dll
0x00007ffff7aa0000 - 0x00007ffff7b0b000 	C:\Windows\System32\WS2_32.dll
0x00007ffff4b50000 - 0x00007ffff4b62000 	C:\Windows\SYSTEM32\kernel.appcore.dll
0x00007fffd31b0000 - 0x00007fffd31ba000 	c:\Users\ASUS\.vscode\extensions\redhat.java-1.8.0-win32-x64\jre\17.0.3-win32-x86_64\bin\jimage.dll
0x00007ffff45b0000 - 0x00007ffff4794000 	C:\Windows\SYSTEM32\DBGHELP.DLL
0x00007ffff1fa0000 - 0x00007ffff1fcc000 	C:\Windows\SYSTEM32\dbgcore.DLL
0x00007ffff70c0000 - 0x00007ffff7142000 	C:\Windows\System32\bcryptPrimitives.dll
0x00007fffcfa20000 - 0x00007fffcfa45000 	c:\Users\ASUS\.vscode\extensions\redhat.java-1.8.0-win32-x64\jre\17.0.3-win32-x86_64\bin\java.dll
0x00007fffcfa00000 - 0x00007fffcfa18000 	c:\Users\ASUS\.vscode\extensions\redhat.java-1.8.0-win32-x64\jre\17.0.3-win32-x86_64\bin\zip.dll
0x00007ffff82a0000 - 0x00007ffff89e4000 	C:\Windows\System32\SHELL32.dll
0x00007ffff4b70000 - 0x00007ffff5304000 	C:\Windows\SYSTEM32\windows.storage.dll
0x00007ffff7f40000 - 0x00007ffff8294000 	C:\Windows\System32\combase.dll
0x00007ffff64d0000 - 0x00007ffff64fc000 	C:\Windows\SYSTEM32\Wldp.dll
0x00007ffff7970000 - 0x00007ffff7a1d000 	C:\Windows\System32\SHCORE.dll
0x00007ffff7680000 - 0x00007ffff76d5000 	C:\Windows\System32\shlwapi.dll
0x00007ffff69b0000 - 0x00007ffff69cf000 	C:\Windows\SYSTEM32\profapi.dll
0x00007fffcf7c0000 - 0x00007fffcf7d9000 	C:\Users\ASUS\.vscode\extensions\redhat.java-1.8.0-win32-x64\jre\17.0.3-win32-x86_64\bin\net.dll
0x00007fffeab90000 - 0x00007fffeac9a000 	C:\Windows\SYSTEM32\WINHTTP.dll
0x00007ffff6230000 - 0x00007ffff629a000 	C:\Windows\system32\mswsock.dll
0x00007fffcf7a0000 - 0x00007fffcf7b5000 	C:\Users\ASUS\.vscode\extensions\redhat.java-1.8.0-win32-x64\jre\17.0.3-win32-x86_64\bin\nio.dll
0x00007fffacda0000 - 0x00007fffacdb0000 	c:\Users\ASUS\.vscode\extensions\redhat.java-1.8.0-win32-x64\jre\17.0.3-win32-x86_64\bin\verify.dll
0x00007fffe9480000 - 0x00007fffe9489000 	C:\Users\ASUS\.vscode\extensions\redhat.java-1.8.0-win32-x64\jre\17.0.3-win32-x86_64\bin\management.dll
0x00007fffe2c60000 - 0x00007fffe2c6b000 	C:\Users\ASUS\.vscode\extensions\redhat.java-1.8.0-win32-x64\jre\17.0.3-win32-x86_64\bin\management_ext.dll
0x00007fffe5930000 - 0x00007fffe5947000 	C:\Windows\system32\napinsp.dll
0x00007fffe5910000 - 0x00007fffe592b000 	C:\Windows\system32\pnrpnsp.dll
0x00007fffe5890000 - 0x00007fffe58a5000 	C:\Windows\system32\wshbth.dll
0x00007ffff1970000 - 0x00007ffff198d000 	C:\Windows\system32\NLAapi.dll
0x00007ffff5eb0000 - 0x00007ffff5eeb000 	C:\Windows\SYSTEM32\IPHLPAPI.DLL
0x00007ffff5ef0000 - 0x00007ffff5fbb000 	C:\Windows\SYSTEM32\DNSAPI.dll
0x00007ffff7b10000 - 0x00007ffff7b18000 	C:\Windows\System32\NSI.dll
0x00007fffe5870000 - 0x00007fffe5882000 	C:\Windows\System32\winrnr.dll
0x00007fffeaaf0000 - 0x00007fffeaafa000 	C:\Windows\System32\rasadhlp.dll
0x00007fffeab10000 - 0x00007fffeab90000 	C:\Windows\System32\fwpuclnt.dll
0x00007ffff6f10000 - 0x00007ffff6f37000 	C:\Windows\System32\bcrypt.dll
0x00007ffff6430000 - 0x00007ffff6448000 	C:\Windows\SYSTEM32\CRYPTSP.dll
0x00007ffff5b40000 - 0x00007ffff5b74000 	C:\Windows\system32\rsaenh.dll
0x00007ffff6970000 - 0x00007ffff699e000 	C:\Windows\SYSTEM32\USERENV.dll
0x00007ffff6420000 - 0x00007ffff642c000 	C:\Windows\SYSTEM32\CRYPTBASE.dll
0x00007fffedc00000 - 0x00007fffedc17000 	C:\Windows\SYSTEM32\dhcpcsvc6.DLL
0x00007fffeef70000 - 0x00007fffeef8d000 	C:\Windows\SYSTEM32\dhcpcsvc.DLL

dbghelp: loaded successfully - version: 4.0.5 - missing functions: none
symbol engine: initialized successfully - sym options: 0x614 - pdb path: .;c:\Users\ASUS\.vscode\extensions\redhat.java-1.8.0-win32-x64\jre\17.0.3-win32-x86_64\bin;C:\Windows\SYSTEM32;C:\Windows\WinSxS\amd64_microsoft.windows.common-controls_6595b64144ccf1df_6.0.19041.1110_none_60b5254171f9507e;c:\Users\ASUS\.vscode\extensions\redhat.java-1.8.0-win32-x64\jre\17.0.3-win32-x86_64\bin\server

VM Arguments:
jvm_args: --add-modules=ALL-SYSTEM --add-exports=jdk.compiler/com.sun.tools.javac.file=ALL-UNNAMED --add-exports=jdk.compiler/com.sun.tools.javac.util=ALL-UNNAMED --add-exports=jdk.compiler/com.sun.tools.javac.comp=ALL-UNNAMED --add-exports=jdk.compiler/com.sun.tools.javac.main=ALL-UNNAMED --add-exports=jdk.compiler/com.sun.tools.javac.tree=ALL-UNNAMED --add-exports=jdk.compiler/com.sun.tools.javac.code=ALL-UNNAMED -Dsts.lsp.client=vscode -Dsts.log.file=/dev/null -XX:TieredStopAtLevel=1 -Dspring.config.location=file:c:\Users\ASUS\.vscode\extensions\pivotal.vscode-spring-boot-1.36.0\language-server\BOOT-INF\classes\application.properties 
java_command: org.springframework.ide.vscode.boot.app.BootLanguageServerBootApp
java_class_path (initial): c:\Users\ASUS\.vscode\extensions\pivotal.vscode-spring-boot-1.36.0\language-server\BOOT-INF\classes;c:\Users\ASUS\.vscode\extensions\pivotal.vscode-spring-boot-1.36.0\language-server\BOOT-INF\lib\annotations-23.0.0.jar;c:\Users\ASUS\.vscode\extensions\pivotal.vscode-spring-boot-1.36.0\language-server\BOOT-INF\lib\antlr-runtime-3.5.2.jar;c:\Users\ASUS\.vscode\extensions\pivotal.vscode-spring-boot-1.36.0\language-server\BOOT-INF\lib\antlr4-4.9.3.jar;c:\Users\ASUS\.vscode\extensions\pivotal.vscode-spring-boot-1.36.0\language-server\BOOT-INF\lib\antlr4-runtime-4.9.3.jar;c:\Users\ASUS\.vscode\extensions\pivotal.vscode-spring-boot-1.36.0\language-server\BOOT-INF\lib\asm-9.3.jar;c:\Users\ASUS\.vscode\extensions\pivotal.vscode-spring-boot-1.36.0\language-server\BOOT-INF\lib\asm-analysis-9.3.jar;c:\Users\ASUS\.vscode\extensions\pivotal.vscode-spring-boot-1.36.0\language-server\BOOT-INF\lib\asm-tree-9.3.jar;c:\Users\ASUS\.vscode\extensions\pivotal.vscode-spring-boot-1.36.0\language-server\BOOT-INF\lib\asm-util-9.3.jar;c:\Users\ASUS\.vscode\extensions\pivotal.vscode-spring-boot-1.36.0\language-server\BOOT-INF\lib\byte-buddy-1.10.18.jar;c:\Users\ASUS\.vscode\extensions\pivotal.vscode-spring-boot-1.36.0\language-server\BOOT-INF\lib\caffeine-2.8.6.jar;c:\Users\ASUS\.vscode\extensions\pivotal.vscode-spring-boot-1.36.0\language-server\BOOT-INF\lib\checker-qual-3.12.0.jar;c:\Users\ASUS\.vscode\extensions\pivotal.vscode-spring-boot-1.36.0\language-server\BOOT-INF\lib\classgraph-4.8.146.jar;c:\Users\ASUS\.vscode\extensions\pivotal.vscode-spring-boot-1.36.0\language-server\BOOT-INF\lib\commons-codec-1.14.jar;c:\Users\ASUS\.vscode\extensions\pivotal.vscode-spring-boot-1.36.0\language-server\BOOT-INF\lib\commons-compress-1.21.jar;c:\Users\ASUS\.vscode\extensions\pivotal.vscode-spring-boot-1.36.0\language-server\BOOT-INF\lib\commons-exec-1.3.jar;c:\Users\ASUS\.vscode\extensions\pivotal.vscode-spring-boot-1.36.0\language-server\BOOT-INF\lib\commons-io-2.4.jar;c
Launcher Type: SUN_STANDARD

[Global flags]
     intx CICompilerCount                          = 4                                         {product} {ergonomic}
     uint ConcGCThreads                            = 2                                         {product} {ergonomic}
     uint G1ConcRefinementThreads                  = 8                                         {product} {ergonomic}
   size_t G1HeapRegionSize                         = 1048576                                   {product} {ergonomic}
    uintx GCDrainStackTargetSize                   = 64                                        {product} {ergonomic}
   size_t InitialHeapSize                          = 100663296                                 {product} {ergonomic}
   size_t MarkStackSize                            = 4194304                                   {product} {ergonomic}
   size_t MaxHeapSize                              = 1598029824                                {product} {ergonomic}
   size_t MaxNewSize                               = 958398464                                 {product} {ergonomic}
   size_t MinHeapDeltaBytes                        = 1048576                                   {product} {ergonomic}
   size_t MinHeapSize                              = 8388608                                   {product} {ergonomic}
    uintx NonProfiledCodeHeapSize                  = 0                                      {pd product} {ergonomic}
     bool ProfileInterpreter                       = false                                  {pd product} {command line}
    uintx ProfiledCodeHeapSize                     = 0                                      {pd product} {ergonomic}
   size_t SoftMaxHeapSize                          = 1598029824                             {manageable} {ergonomic}
     intx TieredStopAtLevel                        = 1                                         {product} {command line}
     bool UseCompressedClassPointers               = true                           {product lp64_product} {ergonomic}
     bool UseCompressedOops                        = true                           {product lp64_product} {ergonomic}
     bool UseG1GC                                  = true                                      {product} {ergonomic}
     bool UseLargePagesIndividualAllocation        = false                                  {pd product} {ergonomic}

Logging:
Log output configuration:
 #0: stdout all=warning uptime,level,tags
 #1: stderr all=off uptime,level,tags

Environment Variables:
JAVA_HOME=C:\Program Files\Java\jdk-11.0.12
PATH=C:\Windows\system32;C:\Windows;C:\Windows\System32\Wbem;C:\Windows\System32\WindowsPowerShell\v1.0\;C:\Windows\System32\OpenSSH\;C:\Program Files\Java\jdk-11.0.12\bin;C:\Program Files\Git\cmd;C:\Program Files\nodejs\;C:\Program Files\PuTTY\;C:\Program Files\IBM\SPSS\Statistics\25\JRE\bin;C:\ProgramData\ComposerSetup\bin;C:\php-8.1.2-Win32-vs16-x64;C:\gradle-7.4\bin;C:\cygnus\cygwin-b20\H-i586-cygwin32\bin;C:\flutter\bin;C:\Users\ASUS\AppData\Local\Programs\Python\Python39\Scripts\;C:\Users\ASUS\AppData\Local\Programs\Python\Python39\;C:\Users\ASUS\AppData\Local\Microsoft\WindowsApps;C:\Users\ASUS\AppData\Local\Programs\Microsoft VS Code\bin;C:\Users\ASUS\AppData\Roaming\npm;C:\Users\ASUS\AppData\Roaming\Composer\vendor\bin;
USERNAME=ASUS
OS=Windows_NT
PROCESSOR_IDENTIFIER=AMD64 Family 23 Model 24 Stepping 1, AuthenticAMD



---------------  S Y S T E M  ---------------

OS:
 Windows 10 , 64 bit Build 19041 (10.0.19041.1741)
OS uptime: 0 days 3:29 hours

CPU: total 8 (initial active 8) (8 cores per cpu, 2 threads per core) family 23 model 24 stepping 1 microcode 0x0, cx8, cmov, fxsr, ht, mmx, 3dnowpref, sse, sse2, sse3, ssse3, sse4a, sse4.1, sse4.2, popcnt, lzcnt, tsc, tscinvbit, avx, avx2, aes, clmul, bmi1, bmi2, adx, sha, fma, vzeroupper, clflush, clflushopt

Memory: 4k page, system-wide physical 6091M (364M free)
TotalPageFile size 24523M (AvailPageFile size 27M)
current process WorkingSet (physical memory assigned to process): 189M, peak: 189M
current process commit charge ("private bytes"): 245M, peak: 349M

vm_info: OpenJDK 64-Bit Server VM (17.0.3+7) for windows-amd64 JRE (17.0.3+7), built on Apr 19 2022 16:55:35 by "" with MS VC++ 16.7 (VS2019)

END.
